Watching for file changes with StatReloader
Waiting for apps ready_event.
Apps ready_event triggered. Sending autoreload_started signal.
Watching dir C:\Users\shadh\OneDrive\Desktop\workspace\myapp\blog\templates with glob **/*.
Watching dir C:\Users\shadh\OneDrive\Desktop\workspace\myapp\templates with glob **/*.
Watching dir C:\Users\shadh\OneDrive\Desktop\workspace\myapp\locale with glob **/*.mo.
Watching dir C:\Users\shadh\OneDrive\Desktop\workspace\myapp\blog\locale with glob **/*.mo.
(0.000) 
            SELECT name, type FROM sqlite_master
            WHERE type in ('table', 'view') AND NOT name='sqlite_sequence'
            ORDER BY name; args=None; alias=default
File C:\Users\shadh\.virtualenvs\Desktop-IZHip-ZH\Lib\site-packages\django\contrib\staticfiles\handlers.py first seen with mtime 1746938145.1340523
File C:\Users\shadh\.virtualenvs\Desktop-IZHip-ZH\Lib\site-packages\django\template\defaulttags.py first seen with mtime 1746938145.6444137
File C:\Users\shadh\.virtualenvs\Desktop-IZHip-ZH\Lib\site-packages\sqlparse\exceptions.py first seen with mtime 1746440217.7893791
File C:\Users\shadh\AppData\Local\Programs\Python\Python313\Lib\email\base64mime.py first seen with mtime 1738667256.0
File C:\Users\shadh\AppData\Local\Programs\Python\Python313\Lib\asyncio\exceptions.py first seen with mtime 1738667256.0
File C:\Users\shadh\.virtualenvs\Desktop-IZHip-ZH\Lib\site-packages\django\contrib\admin\__init__.py first seen with mtime 1746938141.595935
File C:\Users\shadh\.virtualenvs\Desktop-IZHip-ZH\Lib\site-packages\django\db\models\sql\subqueries.py first seen with mtime 1746938145.4680457
File C:\Users\shadh\OneDrive\Desktop\workspace\myapp\blog\__init__.py first seen with mtime 1747387189.9355311
File C:\Users\shadh\.virtualenvs\Desktop-IZHip-ZH\Lib\site-packages\django\db\backends\base\__init__.py first seen with mtime 1746938145.308147
File C:\Users\shadh\.virtualenvs\Desktop-IZHip-ZH\Lib\site-packages\django\http\cookie.py first seen with mtime 1746938145.6166625
File C:\Users\shadh\.virtualenvs\Desktop-IZHip-ZH\Lib\site-packages\sqlparse\engine\filter_stack.py first seen with mtime 1746440217.7955773
File C:\Users\shadh\AppData\Local\Programs\Python\Python313\Lib\email\mime\base.py first seen with mtime 1738667256.0
File C:\Users\shadh\AppData\Local\Programs\Python\Python313\Lib\random.py first seen with mtime 1738667256.0
File C:\Users\shadh\.virtualenvs\Desktop-IZHip-ZH\Lib\site-packages\django\utils\termcolors.py first seen with mtime 1746938145.7517292
File C:\Users\shadh\.virtualenvs\Desktop-IZHip-ZH\Lib\site-packages\django\core\cache\backends\__init__.py first seen with mtime 1746938145.1675599
File C:\Users\shadh\.virtualenvs\Desktop-IZHip-ZH\Lib\site-packages\django\core\checks\security\base.py first seen with mtime 1746938145.1960425
File C:\Users\shadh\OneDrive\Desktop\workspace\myapp\blog\views.py first seen with mtime 1747730367.6389248
File C:\Users\shadh\.virtualenvs\Desktop-IZHip-ZH\Lib\site-packages\django\contrib\auth\decorators.py first seen with mtime 1746938142.0466924
File C:\Users\shadh\.virtualenvs\Desktop-IZHip-ZH\Lib\site-packages\django\template\loaders\base.py first seen with mtime 1746938145.6671543
File C:\Users\shadh\.virtualenvs\Desktop-IZHip-ZH\Lib\site-packages\asgiref\__init__.py first seen with mtime 1746440245.0144231
File C:\Users\shadh\.virtualenvs\Desktop-IZHip-ZH\Lib\site-packages\django\contrib\messages\api.py first seen with mtime 1746938143.6870577
File C:\Users\shadh\.virtualenvs\Desktop-IZHip-ZH\Lib\site-packages\django\utils\choices.py first seen with mtime 1746938145.7165291
File C:\Users\shadh\.virtualenvs\Desktop-IZHip-ZH\Lib\site-packages\django\core\files\storage\memory.py first seen with mtime 1746938145.2155602
File C:\Users\shadh\AppData\Local\Programs\Python\Python313\Lib\locale.py first seen with mtime 1738667256.0
File C:\Users\shadh\.virtualenvs\Desktop-IZHip-ZH\Lib\site-packages\django\db\backends\ddl_references.py first seen with mtime 1746938145.3040154
File C:\Users\shadh\.virtualenvs\Desktop-IZHip-ZH\Lib\site-packages\django\core\serializers\__init__.py first seen with mtime 1746938145.2848635
File C:\Users\shadh\AppData\Local\Programs\Python\Python313\Lib\asyncio\__init__.py first seen with mtime 1738667256.0
File C:\Users\shadh\.virtualenvs\Desktop-IZHip-ZH\Lib\site-packages\django\core\handlers\wsgi.py first seen with mtime 1746938145.2243392
File C:\Users\shadh\.virtualenvs\Desktop-IZHip-ZH\Lib\site-packages\django\utils\deprecation.py first seen with mtime 1746938145.7279115
File C:\Users\shadh\.virtualenvs\Desktop-IZHip-ZH\Lib\site-packages\django\core\exceptions.py first seen with mtime 1746938145.1569653
File C:\Users\shadh\.virtualenvs\Desktop-IZHip-ZH\Lib\site-packages\django\__init__.py first seen with mtime 1746938141.3407667
File C:\Users\shadh\AppData\Local\Programs\Python\Python313\Lib\asyncio\base_futures.py first seen with mtime 1738667256.0
File C:\Users\shadh\.virtualenvs\Desktop-IZHip-ZH\Lib\site-packages\django\template\__init__.py first seen with mtime 1746938145.6361845
File C:\Users\shadh\AppData\Local\Programs\Python\Python313\Lib\email\message.py first seen with mtime 1738667256.0
File C:\Users\shadh\AppData\Local\Programs\Python\Python313\Lib\multiprocessing\reduction.py first seen with mtime 1738667256.0
File C:\Users\shadh\.virtualenvs\Desktop-IZHip-ZH\Lib\site-packages\django\core\checks\compatibility\django_4_0.py first seen with mtime 1746938145.19303
File C:\Users\shadh\AppData\Local\Programs\Python\Python313\Lib\copyreg.py first seen with mtime 1738667256.0
File C:\Users\shadh\AppData\Local\Programs\Python\Python313\Lib\nturl2path.py first seen with mtime 1738667256.0
File C:\Users\shadh\.virtualenvs\Desktop-IZHip-ZH\Lib\site-packages\django\contrib\sites\shortcuts.py first seen with mtime 1746938144.7774951
File C:\Users\shadh\.virtualenvs\Desktop-IZHip-ZH\Lib\site-packages\django\contrib\contenttypes\admin.py first seen with mtime 1746938142.1733172
File C:\Users\shadh\AppData\Local\Programs\Python\Python313\Lib\numbers.py first seen with mtime 1738667256.0
File C:\Users\shadh\.virtualenvs\Desktop-IZHip-ZH\Lib\site-packages\sqlparse\filters\aligned_indent.py first seen with mtime 1746440217.7955773
File C:\Users\shadh\.virtualenvs\Desktop-IZHip-ZH\Lib\site-packages\django\db\migrations\graph.py first seen with mtime 1746938145.3874166
File C:\Users\shadh\AppData\Local\Programs\Python\Python313\Lib\json\decoder.py first seen with mtime 1738667256.0
File C:\Users\shadh\.virtualenvs\Desktop-IZHip-ZH\Lib\site-packages\django\contrib\auth\validators.py first seen with mtime 1746938142.049944
File C:\Users\shadh\.virtualenvs\Desktop-IZHip-ZH\Lib\site-packages\django\template\loaders\filesystem.py first seen with mtime 1746938145.6691513
File C:\Users\shadh\.virtualenvs\Desktop-IZHip-ZH\Lib\site-packages\sqlparse\filters\reindent.py first seen with mtime 1746440217.7955773
File C:\Users\shadh\.virtualenvs\Desktop-IZHip-ZH\Lib\site-packages\django\db\models\indexes.py first seen with mtime 1746938145.4201975
File C:\Users\shadh\AppData\Local\Programs\Python\Python313\Lib\asyncio\sslproto.py first seen with mtime 1738667256.0
File C:\Users\shadh\AppData\Local\Programs\Python\Python313\Lib\glob.py first seen with mtime 1738667256.0
File C:\Users\shadh\.virtualenvs\Desktop-IZHip-ZH\Lib\site-packages\django\db\migrations\optimizer.py first seen with mtime 1746938145.3906446
File C:\Users\shadh\AppData\Local\Programs\Python\Python313\Lib\html\__init__.py first seen with mtime 1738667256.0
File C:\Users\shadh\.virtualenvs\Desktop-IZHip-ZH\Lib\site-packages\django\db\backends\signals.py first seen with mtime 1746938145.306147
File C:\Users\shadh\.virtualenvs\Desktop-IZHip-ZH\Lib\site-packages\django\templatetags\__init__.py first seen with mtime 1746938145.6712387
File C:\Users\shadh\AppData\Local\Programs\Python\Python313\Lib\contextvars.py first seen with mtime 1738667256.0
File C:\Users\shadh\.virtualenvs\Desktop-IZHip-ZH\Lib\site-packages\django\templatetags\l10n.py first seen with mtime 1746938145.676292
File C:\Users\shadh\.virtualenvs\Desktop-IZHip-ZH\Lib\site-packages\django\utils\regex_helper.py first seen with mtime 1746938145.7487295
File C:\Users\shadh\.virtualenvs\Desktop-IZHip-ZH\Lib\site-packages\django\urls\base.py first seen with mtime 1746938145.6974716
File C:\Users\shadh\AppData\Local\Programs\Python\Python313\Lib\gzip.py first seen with mtime 1738667256.0
File C:\Users\shadh\AppData\Local\Programs\Python\Python313\Lib\string.py first seen with mtime 1738667256.0
File C:\Users\shadh\.virtualenvs\Desktop-IZHip-ZH\Lib\site-packages\django\urls\conf.py first seen with mtime 1746938145.698704
File C:\Users\shadh\.virtualenvs\Desktop-IZHip-ZH\Lib\site-packages\django\utils\log.py first seen with mtime 1746938145.7443545
File C:\Users\shadh\AppData\Local\Programs\Python\Python313\Lib\_opcode_metadata.py first seen with mtime 1738667256.0
File C:\Users\shadh\OneDrive\Desktop\workspace\myapp\blog\urls.py first seen with mtime 1747413240.4208152
File C:\Users\shadh\.virtualenvs\Desktop-IZHip-ZH\Lib\site-packages\django\contrib\admin\views\main.py first seen with mtime 1746938141.9270866
File C:\Users\shadh\AppData\Local\Programs\Python\Python313\DLLs\_decimal.pyd first seen with mtime 1738667306.0
File C:\Users\shadh\AppData\Local\Programs\Python\Python313\Lib\graphlib.py first seen with mtime 1738667256.0
File C:\Users\shadh\.virtualenvs\Desktop-IZHip-ZH\Lib\site-packages\django\template\loaders\app_directories.py first seen with mtime 1746938145.6651418
File C:\Users\shadh\.virtualenvs\Desktop-IZHip-ZH\Lib\site-packages\django\core\management\__init__.py first seen with mtime 1746938145.2394314
File C:\Users\shadh\.virtualenvs\Desktop-IZHip-ZH\Lib\site-packages\django\http\request.py first seen with mtime 1746938145.6196759
File C:\Users\shadh\.virtualenvs\Desktop-IZHip-ZH\Lib\site-packages\django\core\mail\utils.py first seen with mtime 1746938145.2282474
File C:\Users\shadh\.virtualenvs\Desktop-IZHip-ZH\Lib\site-packages\django\db\models\expressions.py first seen with mtime 1746938145.4181492
File C:\Users\shadh\.virtualenvs\Desktop-IZHip-ZH\Lib\site-packages\django\db\models\sql\where.py first seen with mtime 1746938145.469043
File C:\Users\shadh\AppData\Local\Programs\Python\Python313\Lib\email\policy.py first seen with mtime 1738667256.0
File C:\Users\shadh\.virtualenvs\Desktop-IZHip-ZH\Lib\site-packages\django\db\models\fields\json.py first seen with mtime 1746938145.4368641
File C:\Users\shadh\AppData\Local\Programs\Python\Python313\Lib\encodings\__init__.py first seen with mtime 1738667256.0
File C:\Users\shadh\AppData\Local\Programs\Python\Python313\Lib\asyncio\constants.py first seen with mtime 1738667256.0
File C:\Users\shadh\.virtualenvs\Desktop-IZHip-ZH\Lib\site-packages\django\core\checks\translation.py first seen with mtime 1746938145.1900065
File C:\Users\shadh\.virtualenvs\Desktop-IZHip-ZH\Lib\site-packages\django\templatetags\static.py first seen with mtime 1746938145.6774952
File C:\Users\shadh\.virtualenvs\Desktop-IZHip-ZH\Lib\site-packages\django\utils\version.py first seen with mtime 1746938145.7588346
File C:\Users\shadh\.virtualenvs\Desktop-IZHip-ZH\Lib\site-packages\django\utils\crypto.py first seen with mtime 1746938145.7185721
File C:\Users\shadh\AppData\Local\Programs\Python\Python313\Lib\functools.py first seen with mtime 1738667256.0
File C:\Users\shadh\AppData\Local\Programs\Python\Python313\Lib\gettext.py first seen with mtime 1738667256.0
File C:\Users\shadh\AppData\Local\Programs\Python\Python313\Lib\encodings\cp1252.py first seen with mtime 1738667256.0
File C:\Users\shadh\AppData\Local\Programs\Python\Python313\Lib\uuid.py first seen with mtime 1738667256.0
File C:\Users\shadh\.virtualenvs\Desktop-IZHip-ZH\Lib\site-packages\django\utils\timezone.py first seen with mtime 1746938145.7557414
File C:\Users\shadh\.virtualenvs\Desktop-IZHip-ZH\Lib\site-packages\django\contrib\staticfiles\utils.py first seen with mtime 1746938145.1397388
File C:\Users\shadh\.virtualenvs\Desktop-IZHip-ZH\Lib\site-packages\django\views\generic\list.py first seen with mtime 1746938145.7974627
File C:\Users\shadh\.virtualenvs\Desktop-IZHip-ZH\Lib\site-packages\django\middleware\cache.py first seen with mtime 1746938145.6239796
File C:\Users\shadh\.virtualenvs\Desktop-IZHip-ZH\Lib\site-packages\django\core\checks\database.py first seen with mtime 1746938145.181991
File C:\Users\shadh\OneDrive\Desktop\workspace\myapp\blog\models.py first seen with mtime 1747387189.9168108
File C:\Users\shadh\.virtualenvs\Desktop-IZHip-ZH\Lib\site-packages\django\core\serializers\base.py first seen with mtime 1746938145.2864296
File C:\Users\shadh\AppData\Local\Programs\Python\Python313\Lib\pprint.py first seen with mtime 1738667256.0
File C:\Users\shadh\.virtualenvs\Desktop-IZHip-ZH\Lib\site-packages\django\db\models\functions\math.py first seen with mtime 1746938145.4548953
File C:\Users\shadh\AppData\Local\Programs\Python\Python313\Lib\sqlite3\__init__.py first seen with mtime 1738667256.0
File C:\Users\shadh\.virtualenvs\Desktop-IZHip-ZH\Lib\site-packages\django\core\checks\security\__init__.py first seen with mtime 1746938145.1945293
File C:\Users\shadh\AppData\Local\Programs\Python\Python313\Lib\email\quoprimime.py first seen with mtime 1738667256.0
File C:\Users\shadh\AppData\Local\Programs\Python\Python313\DLLs\_wmi.pyd first seen with mtime 1738667306.0
File C:\Users\shadh\.virtualenvs\Desktop-IZHip-ZH\Lib\site-packages\django\db\migrations\operations\__init__.py first seen with mtime 1746938145.401932
File C:\Users\shadh\.virtualenvs\Desktop-IZHip-ZH\Lib\site-packages\django\db\backends\sqlite3\schema.py first seen with mtime 1746938145.3794565
File C:\Users\shadh\AppData\Local\Programs\Python\Python313\Lib\logging\__init__.py first seen with mtime 1738667256.0
File C:\Users\shadh\AppData\Local\Programs\Python\Python313\Lib\bz2.py first seen with mtime 1738667256.0
File C:\Users\shadh\.virtualenvs\Desktop-IZHip-ZH\Lib\site-packages\django\contrib\auth\models.py first seen with mtime 1746938142.047945
File C:\Users\shadh\.virtualenvs\Desktop-IZHip-ZH\Lib\site-packages\django\contrib\messages\apps.py first seen with mtime 1746938143.6880667
File C:\Users\shadh\AppData\Local\Programs\Python\Python313\Lib\html\entities.py first seen with mtime 1738667256.0
File C:\Users\shadh\AppData\Local\Programs\Python\Python313\DLLs\_asyncio.pyd first seen with mtime 1738667306.0
File C:\Users\shadh\AppData\Local\Programs\Python\Python313\Lib\statistics.py first seen with mtime 1738667256.0
File C:\Users\shadh\.virtualenvs\Desktop-IZHip-ZH\Lib\site-packages\django\urls\exceptions.py first seen with mtime 1746938145.7017014
File C:\Users\shadh\AppData\Local\Programs\Python\Python313\Lib\decimal.py first seen with mtime 1738667256.0
File C:\Users\shadh\AppData\Local\Programs\Python\Python313\Lib\enum.py first seen with mtime 1738667256.0
File C:\Users\shadh\AppData\Local\Programs\Python\Python313\Lib\asyncio\format_helpers.py first seen with mtime 1738667256.0
File C:\Users\shadh\.virtualenvs\Desktop-IZHip-ZH\Lib\site-packages\django\views\generic\detail.py first seen with mtime 1746938145.794107
File C:\Users\shadh\AppData\Local\Programs\Python\Python313\Lib\asyncio\log.py first seen with mtime 1738667256.0
File C:\Users\shadh\AppData\Local\Programs\Python\Python313\Lib\difflib.py first seen with mtime 1738667256.0
File C:\Users\shadh\.virtualenvs\Desktop-IZHip-ZH\Lib\site-packages\django\views\i18n.py first seen with mtime 1746938145.7742658
File C:\Users\shadh\AppData\Local\Programs\Python\Python313\Lib\email\_policybase.py first seen with mtime 1738667256.0
File C:\Users\shadh\.virtualenvs\Desktop-IZHip-ZH\Lib\site-packages\django\db\backends\sqlite3\introspection.py first seen with mtime 1746938145.3764427
File C:\Users\shadh\.virtualenvs\Desktop-IZHip-ZH\Lib\site-packages\django\contrib\staticfiles\management\__init__.py first seen with mtime 1746938145.1427372
File C:\Users\shadh\.virtualenvs\Desktop-IZHip-ZH\Lib\site-packages\django\templatetags\tz.py first seen with mtime 1746938145.6791441
File C:\Users\shadh\.virtualenvs\Desktop-IZHip-ZH\Lib\site-packages\django\core\mail\__init__.py first seen with mtime 1746938145.22588
File C:\Users\shadh\.virtualenvs\Desktop-IZHip-ZH\Lib\site-packages\sqlparse\keywords.py first seen with mtime 1746440217.7893791
File C:\Users\shadh\.virtualenvs\Desktop-IZHip-ZH\Lib\site-packages\django\contrib\contenttypes\apps.py first seen with mtime 1746938142.1743195
File C:\Users\shadh\.virtualenvs\Desktop-IZHip-ZH\Lib\site-packages\django\core\files\storage\handler.py first seen with mtime 1746938145.2140028
File C:\Users\shadh\AppData\Local\Programs\Python\Python313\Lib\platform.py first seen with mtime 1738667256.0
File C:\Users\shadh\.virtualenvs\Desktop-IZHip-ZH\Lib\site-packages\django\utils\duration.py first seen with mtime 1746938145.7289124
File C:\Users\shadh\.virtualenvs\Desktop-IZHip-ZH\Lib\site-packages\django\db\models\fields\related.py first seen with mtime 1746938145.4412065
File C:\Users\shadh\.virtualenvs\Desktop-IZHip-ZH\Lib\site-packages\django\utils\translation\__init__.py first seen with mtime 1746938145.761837
File C:\Users\shadh\.virtualenvs\Desktop-IZHip-ZH\Lib\site-packages\django\dispatch\__init__.py first seen with mtime 1746938145.4710479
File C:\Users\shadh\.virtualenvs\Desktop-IZHip-ZH\Lib\site-packages\django\contrib\staticfiles\checks.py first seen with mtime 1746938145.133052
File C:\Users\shadh\.virtualenvs\Desktop-IZHip-ZH\Lib\site-packages\django\core\checks\caches.py first seen with mtime 1746938145.1808987
File C:\Users\shadh\.virtualenvs\Desktop-IZHip-ZH\Lib\site-packages\asgiref\local.py first seen with mtime 1746440245.0154967
File C:\Users\shadh\.virtualenvs\Desktop-IZHip-ZH\Lib\site-packages\django\template\loaders\__init__.py first seen with mtime 1746938145.6645994
File C:\Users\shadh\.virtualenvs\Desktop-IZHip-ZH\Lib\site-packages\django\core\files\uploadhandler.py first seen with mtime 1746938145.2077682
File C:\Users\shadh\.virtualenvs\Desktop-IZHip-ZH\Lib\site-packages\django\contrib\auth\admin.py first seen with mtime 1746938142.0441494
File C:\Users\shadh\.virtualenvs\Desktop-IZHip-ZH\Lib\site-packages\django\utils\datastructures.py first seen with mtime 1746938145.7205732
File C:\Users\shadh\.virtualenvs\Desktop-IZHip-ZH\Lib\site-packages\django\db\models\functions\comparison.py first seen with mtime 1746938145.450465
File C:\Users\shadh\.virtualenvs\Desktop-IZHip-ZH\Lib\site-packages\django\utils\translation\reloader.py first seen with mtime 1746938145.7628372
File C:\Users\shadh\.virtualenvs\Desktop-IZHip-ZH\Lib\site-packages\django\apps\__init__.py first seen with mtime 1746938141.3422718
File C:\Users\shadh\.virtualenvs\Desktop-IZHip-ZH\Lib\site-packages\django\core\servers\__init__.py first seen with mtime 1746938145.295171
File C:\Users\shadh\AppData\Local\Programs\Python\Python313\Lib\encodings\aliases.py first seen with mtime 1738667256.0
File C:\Users\shadh\.virtualenvs\Desktop-IZHip-ZH\Lib\site-packages\django\db\models\fields\proxy.py first seen with mtime 1746938145.4392402
File C:\Users\shadh\OneDrive\Desktop\workspace\myapp\myapp\settings.py first seen with mtime 1747731446.4402893
File C:\Users\shadh\.virtualenvs\Desktop-IZHip-ZH\Lib\site-packages\django\contrib\admin\options.py first seen with mtime 1746938141.606276
File C:\Users\shadh\.virtualenvs\Desktop-IZHip-ZH\Lib\site-packages\django\template\defaultfilters.py first seen with mtime 1746938145.642389
File C:\Users\shadh\OneDrive\Desktop\workspace\myapp\myapp\__init__.py first seen with mtime 1747386186.940987
File C:\Users\shadh\.virtualenvs\Desktop-IZHip-ZH\Lib\site-packages\django\contrib\admin\models.py first seen with mtime 1746938141.6052127
File C:\Users\shadh\.virtualenvs\Desktop-IZHip-ZH\Lib\site-packages\django\core\handlers\__init__.py first seen with mtime 1746938145.2181177
File C:\Users\shadh\.virtualenvs\Desktop-IZHip-ZH\Lib\site-packages\django\core\mail\message.py first seen with mtime 1746938145.2272449
File C:\Users\shadh\.virtualenvs\Desktop-IZHip-ZH\Lib\site-packages\django\urls\converters.py first seen with mtime 1746938145.700697
File C:\Users\shadh\.virtualenvs\Desktop-IZHip-ZH\Lib\site-packages\django\contrib\staticfiles\views.py first seen with mtime 1746938145.1417413
File C:\Users\shadh\AppData\Local\Programs\Python\Python313\Lib\fnmatch.py first seen with mtime 1738667256.0
File C:\Users\shadh\AppData\Local\Programs\Python\Python313\Lib\linecache.py first seen with mtime 1738667256.0
File C:\Users\shadh\AppData\Local\Programs\Python\Python313\Lib\textwrap.py first seen with mtime 1738667256.0
File C:\Users\shadh\.virtualenvs\Desktop-IZHip-ZH\Lib\site-packages\django\contrib\sites\requests.py first seen with mtime 1746938144.775897
File C:\Users\shadh\.virtualenvs\Desktop-IZHip-ZH\Lib\site-packages\django\contrib\admin\templatetags\base.py first seen with mtime 1746938141.9250207
File C:\Users\shadh\.virtualenvs\Desktop-IZHip-ZH\Lib\site-packages\django\http\__init__.py first seen with mtime 1746938145.6149614
File C:\Users\shadh\.virtualenvs\Desktop-IZHip-ZH\Lib\site-packages\django\views\decorators\debug.py first seen with mtime 1746938145.7848766
File C:\Users\shadh\.virtualenvs\Desktop-IZHip-ZH\Lib\site-packages\django\contrib\admin\widgets.py first seen with mtime 1746938141.6082752
File C:\Users\shadh\AppData\Local\Programs\Python\Python313\Lib\asyncio\tasks.py first seen with mtime 1738667256.0
File C:\Users\shadh\.virtualenvs\Desktop-IZHip-ZH\Lib\site-packages\django\utils\text.py first seen with mtime 1746938145.752727
File C:\Users\shadh\.virtualenvs\Desktop-IZHip-ZH\Lib\site-packages\django\utils\encoding.py first seen with mtime 1746938145.7309127
File C:\Users\shadh\.virtualenvs\Desktop-IZHip-ZH\Lib\site-packages\django\db\migrations\operations\models.py first seen with mtime 1746938145.4049883
File C:\Users\shadh\.virtualenvs\Desktop-IZHip-ZH\Lib\site-packages\django\utils\inspect.py first seen with mtime 1746938145.7393517
File C:\Users\shadh\.virtualenvs\Desktop-IZHip-ZH\Lib\site-packages\django\urls\resolvers.py first seen with mtime 1746938145.7026947
File C:\Users\shadh\.virtualenvs\Desktop-IZHip-ZH\Lib\site-packages\django\contrib\contenttypes\management\__init__.py first seen with mtime 1746938142.2926724
File C:\Users\shadh\.virtualenvs\Desktop-IZHip-ZH\Lib\site-packages\django\db\migrations\autodetector.py first seen with mtime 1746938145.3824918
File C:\Users\shadh\.virtualenvs\Desktop-IZHip-ZH\Lib\site-packages\django\db\models\fields\generated.py first seen with mtime 1746938145.4357197
File C:\Users\shadh\.virtualenvs\Desktop-IZHip-ZH\Lib\site-packages\django\db\backends\base\base.py first seen with mtime 1746938145.310146
File C:\Users\shadh\AppData\Local\Programs\Python\Python313\Lib\email\_encoded_words.py first seen with mtime 1738667256.0
File C:\Users\shadh\AppData\Local\Programs\Python\Python313\Lib\wsgiref\__init__.py first seen with mtime 1738667256.0
File C:\Users\shadh\.virtualenvs\Desktop-IZHip-ZH\Lib\site-packages\django\contrib\admin\actions.py first seen with mtime 1746938141.595935
File C:\Users\shadh\.virtualenvs\Desktop-IZHip-ZH\Lib\site-packages\sqlparse\filters\others.py first seen with mtime 1746440217.7955773
File C:\Users\shadh\.virtualenvs\Desktop-IZHip-ZH\Lib\site-packages\django\utils\_os.py first seen with mtime 1746938145.7081304
File C:\Users\shadh\AppData\Local\Programs\Python\Python313\Lib\ast.py first seen with mtime 1738667256.0
File C:\Users\shadh\.virtualenvs\Desktop-IZHip-ZH\Lib\site-packages\django\core\checks\compatibility\__init__.py first seen with mtime 1746938145.1920211
File C:\Users\shadh\AppData\Local\Programs\Python\Python313\Lib\ctypes\__init__.py first seen with mtime 1738667256.0
File C:\Users\shadh\.virtualenvs\Desktop-IZHip-ZH\Lib\site-packages\django\core\cache\utils.py first seen with mtime 1746938145.1660717
File C:\Users\shadh\.virtualenvs\Desktop-IZHip-ZH\Lib\site-packages\django\dispatch\dispatcher.py first seen with mtime 1746938145.472049
File C:\Users\shadh\AppData\Local\Programs\Python\Python313\Lib\email\mime\__init__.py first seen with mtime 1738667256.0
File C:\Users\shadh\.virtualenvs\Desktop-IZHip-ZH\Lib\site-packages\django\core\management\sql.py first seen with mtime 1746938145.2439427
File C:\Users\shadh\.virtualenvs\Desktop-IZHip-ZH\Lib\site-packages\django\db\models\deletion.py first seen with mtime 1746938145.4151375
File C:\Users\shadh\AppData\Local\Programs\Python\Python313\Lib\wsgiref\handlers.py first seen with mtime 1738667256.0
File C:\Users\shadh\AppData\Local\Programs\Python\Python313\Lib\pathlib\_local.py first seen with mtime 1738667256.0
File C:\Users\shadh\.virtualenvs\Desktop-IZHip-ZH\Lib\site-packages\django\core\management\commands\migrate.py first seen with mtime 1746938145.2650156
File C:\Users\shadh\AppData\Local\Programs\Python\Python313\Lib\weakref.py first seen with mtime 1738667256.0
File C:\Users\shadh\AppData\Local\Programs\Python\Python313\Lib\_colorize.py first seen with mtime 1738667256.0
File C:\Users\shadh\.virtualenvs\Desktop-IZHip-ZH\Lib\site-packages\django\contrib\admin\views\autocomplete.py first seen with mtime 1746938141.9260879
File C:\Users\shadh\.virtualenvs\Desktop-IZHip-ZH\Lib\site-packages\django\templatetags\cache.py first seen with mtime 1746938145.6740615
File C:\Users\shadh\.virtualenvs\Desktop-IZHip-ZH\Lib\site-packages\django\utils\dateparse.py first seen with mtime 1746938145.7228458
File C:\Users\shadh\AppData\Local\Programs\Python\Python313\Lib\re\_compiler.py first seen with mtime 1738667256.0
File C:\Users\shadh\AppData\Local\Programs\Python\Python313\Lib\asyncio\protocols.py first seen with mtime 1738667256.0
File C:\Users\shadh\.virtualenvs\Desktop-IZHip-ZH\Lib\site-packages\django\db\migrations\migration.py first seen with mtime 1746938145.389643
File C:\Users\shadh\.virtualenvs\Desktop-IZHip-ZH\Lib\site-packages\django\contrib\contenttypes\__init__.py first seen with mtime 1746938142.1733172
File C:\Users\shadh\.virtualenvs\Desktop-IZHip-ZH\Lib\site-packages\django\db\backends\base\features.py first seen with mtime 1746938145.3141472
File C:\Users\shadh\.virtualenvs\Desktop-IZHip-ZH\Lib\site-packages\django\db\utils.py first seen with mtime 1746938145.3016884
File C:\Users\shadh\.virtualenvs\Desktop-IZHip-ZH\Lib\site-packages\django\middleware\__init__.py first seen with mtime 1746938145.6229446
File C:\Users\shadh\AppData\Local\Programs\Python\Python313\Lib\email\errors.py first seen with mtime 1738667256.0
File C:\Users\shadh\.virtualenvs\Desktop-IZHip-ZH\Lib\site-packages\django\forms\boundfield.py first seen with mtime 1746938145.4765244
File C:\Users\shadh\.virtualenvs\Desktop-IZHip-ZH\Lib\site-packages\django\utils\connection.py first seen with mtime 1746938145.7175598
File C:\Users\shadh\AppData\Local\Programs\Python\Python313\Lib\lzma.py first seen with mtime 1738667256.0
File C:\Users\shadh\.virtualenvs\Desktop-IZHip-ZH\Lib\site-packages\_virtualenv.py first seen with mtime 1746440197.204199
File C:\Users\shadh\.virtualenvs\Desktop-IZHip-ZH\Lib\site-packages\django\core\files\locks.py first seen with mtime 1746938145.2036037
File C:\Users\shadh\.virtualenvs\Desktop-IZHip-ZH\Lib\site-packages\django\http\response.py first seen with mtime 1746938145.620706
File C:\Users\shadh\AppData\Local\Programs\Python\Python313\Lib\selectors.py first seen with mtime 1738667256.0
File C:\Users\shadh\.virtualenvs\Desktop-IZHip-ZH\Lib\site-packages\django\db\models\options.py first seen with mtime 1746938145.4241061
File C:\Users\shadh\AppData\Local\Programs\Python\Python313\Lib\hashlib.py first seen with mtime 1738667256.0
File C:\Users\shadh\.virtualenvs\Desktop-IZHip-ZH\Lib\site-packages\sqlparse\formatter.py first seen with mtime 1746440217.7893791
File C:\Users\shadh\.virtualenvs\Desktop-IZHip-ZH\Lib\site-packages\django\contrib\admin\exceptions.py first seen with mtime 1746938141.6031559
File C:\Users\shadh\.virtualenvs\Desktop-IZHip-ZH\Lib\site-packages\django\forms\__init__.py first seen with mtime 1746938145.4755173
File C:\Users\shadh\.virtualenvs\Desktop-IZHip-ZH\Lib\site-packages\django\conf\__init__.py first seen with mtime 1746938141.3432784
File C:\Users\shadh\.virtualenvs\Desktop-IZHip-ZH\Lib\site-packages\django\core\files\__init__.py first seen with mtime 1746938145.2000504
File C:\Users\shadh\.virtualenvs\Desktop-IZHip-ZH\Lib\site-packages\django\db\migrations\serializer.py first seen with mtime 1746938145.3951688
File C:\Users\shadh\.virtualenvs\Desktop-IZHip-ZH\Lib\site-packages\django\utils\deconstruct.py first seen with mtime 1746938145.72592
File C:\Users\shadh\AppData\Local\Programs\Python\Python313\Lib\socketserver.py first seen with mtime 1738667256.0
File C:\Users\shadh\AppData\Local\Programs\Python\Python313\Lib\getpass.py first seen with mtime 1738667256.0
File C:\Users\shadh\OneDrive\Desktop\workspace\myapp\manage.py first seen with mtime 1747386186.8529215
File C:\Users\shadh\.virtualenvs\Desktop-IZHip-ZH\Lib\site-packages\django\utils\dates.py first seen with mtime 1746938145.7248993
File C:\Users\shadh\.virtualenvs\Desktop-IZHip-ZH\Lib\site-packages\django\views\static.py first seen with mtime 1746938145.7758234
File C:\Users\shadh\AppData\Local\Programs\Python\Python313\Lib\ipaddress.py first seen with mtime 1738667256.0
File C:\Users\shadh\AppData\Local\Programs\Python\Python313\DLLs\_ssl.pyd first seen with mtime 1738667306.0
File C:\Users\shadh\.virtualenvs\Desktop-IZHip-ZH\Lib\site-packages\django\contrib\admin\utils.py first seen with mtime 1746938141.6072774
File C:\Users\shadh\AppData\Local\Programs\Python\Python313\Lib\multiprocessing\process.py first seen with mtime 1738667256.0
File C:\Users\shadh\.virtualenvs\Desktop-IZHip-ZH\Lib\site-packages\django\db\migrations\questioner.py first seen with mtime 1746938145.3926442
File C:\Users\shadh\AppData\Local\Programs\Python\Python313\Lib\asyncio\futures.py first seen with mtime 1738667256.0
File C:\Users\shadh\.virtualenvs\Desktop-IZHip-ZH\Lib\site-packages\django\middleware\csrf.py first seen with mtime 1746938145.6281352
File C:\Users\shadh\AppData\Local\Programs\Python\Python313\Lib\re\_parser.py first seen with mtime 1738667256.0
File C:\Users\shadh\AppData\Local\Programs\Python\Python313\Lib\asyncio\base_tasks.py first seen with mtime 1738667256.0
File C:\Users\shadh\.virtualenvs\Desktop-IZHip-ZH\Lib\site-packages\django\template\autoreload.py first seen with mtime 1746938145.6372058
File C:\Users\shadh\.virtualenvs\Desktop-IZHip-ZH\Lib\site-packages\django\contrib\contenttypes\models.py first seen with mtime 1746938142.17583
File C:\Users\shadh\AppData\Local\Programs\Python\Python313\Lib\logging\config.py first seen with mtime 1738667256.0
File C:\Users\shadh\.virtualenvs\Desktop-IZHip-ZH\Lib\site-packages\django\db\models\aggregates.py first seen with mtime 1746938145.4090443
File C:\Users\shadh\AppData\Local\Programs\Python\Python313\DLLs\_ctypes.pyd first seen with mtime 1738667306.0
File C:\Users\shadh\.virtualenvs\Desktop-IZHip-ZH\Lib\site-packages\sqlparse\filters\__init__.py first seen with mtime 1746440217.7955773
File C:\Users\shadh\.virtualenvs\Desktop-IZHip-ZH\Lib\site-packages\django\utils\formats.py first seen with mtime 1746938145.7329133
File C:\Users\shadh\.virtualenvs\Desktop-IZHip-ZH\Lib\site-packages\django\core\management\commands\runserver.py first seen with mtime 1746938145.2684178
File C:\Users\shadh\.virtualenvs\Desktop-IZHip-ZH\Lib\site-packages\sqlparse\utils.py first seen with mtime 1746440217.7955773
File C:\Users\shadh\.virtualenvs\Desktop-IZHip-ZH\Lib\site-packages\django\urls\utils.py first seen with mtime 1746938145.704779
File C:\Users\shadh\AppData\Local\Programs\Python\Python313\Lib\asyncio\queues.py first seen with mtime 1738667256.0
File C:\Users\shadh\.virtualenvs\Desktop-IZHip-ZH\Lib\site-packages\django\db\migrations\recorder.py first seen with mtime 1746938145.3941562
File C:\Users\shadh\.virtualenvs\Desktop-IZHip-ZH\Lib\site-packages\django\db\backends\sqlite3\_functions.py first seen with mtime 1746938145.369431
File C:\Users\shadh\AppData\Local\Programs\Python\Python313\Lib\fractions.py first seen with mtime 1738667256.0
File C:\Users\shadh\.virtualenvs\Desktop-IZHip-ZH\Lib\site-packages\django\db\models\sql\__init__.py first seen with mtime 1746938145.4589107
File C:\Users\shadh\AppData\Local\Programs\Python\Python313\Lib\asyncio\threads.py first seen with mtime 1738667256.0
File C:\Users\shadh\.virtualenvs\Desktop-IZHip-ZH\Lib\site-packages\django\utils\hashable.py first seen with mtime 1746938145.7359042
File C:\Users\shadh\AppData\Local\Programs\Python\Python313\Lib\queue.py first seen with mtime 1738667256.0
File C:\Users\shadh\.virtualenvs\Desktop-IZHip-ZH\Lib\site-packages\django\conf\locale\__init__.py first seen with mtime 1746938141.3474698
File C:\Users\shadh\AppData\Local\Programs\Python\Python313\Lib\multiprocessing\context.py first seen with mtime 1738667256.0
File C:\Users\shadh\AppData\Local\Programs\Python\Python313\DLLs\_socket.pyd first seen with mtime 1738667306.0
File C:\Users\shadh\AppData\Local\Programs\Python\Python313\Lib\bisect.py first seen with mtime 1738667256.0
File C:\Users\shadh\.virtualenvs\Desktop-IZHip-ZH\Lib\site-packages\django\contrib\auth\signals.py first seen with mtime 1746938142.048944
File C:\Users\shadh\.virtualenvs\Desktop-IZHip-ZH\Lib\site-packages\sqlparse\engine\__init__.py first seen with mtime 1746440217.7955773
File C:\Users\shadh\.virtualenvs\Desktop-IZHip-ZH\Lib\site-packages\django\utils\html.py first seen with mtime 1746938145.7371562
File C:\Users\shadh\AppData\Local\Programs\Python\Python313\Lib\subprocess.py first seen with mtime 1738667256.0
File C:\Users\shadh\AppData\Local\Programs\Python\Python313\Lib\asyncio\taskgroups.py first seen with mtime 1738667256.0
File C:\Users\shadh\AppData\Local\Programs\Python\Python313\Lib\ctypes\_endian.py first seen with mtime 1738667256.0
File C:\Users\shadh\.virtualenvs\Desktop-IZHip-ZH\Lib\site-packages\django\contrib\sessions\models.py first seen with mtime 1746938144.3911614
File C:\Users\shadh\AppData\Local\Programs\Python\Python313\Lib\asyncio\windows_events.py first seen with mtime 1738667256.0
File C:\Users\shadh\.virtualenvs\Desktop-IZHip-ZH\Lib\site-packages\sqlparse\engine\statement_splitter.py first seen with mtime 1746440217.7955773
File C:\Users\shadh\AppData\Local\Programs\Python\Python313\DLLs\_bz2.pyd first seen with mtime 1738667306.0
File C:\Users\shadh\AppData\Local\Programs\Python\Python313\Lib\__future__.py first seen with mtime 1738667256.0
File C:\Users\shadh\.virtualenvs\Desktop-IZHip-ZH\Lib\site-packages\django\db\migrations\operations\special.py first seen with mtime 1746938145.406047
File C:\Users\shadh\.virtualenvs\Desktop-IZHip-ZH\Lib\site-packages\django\contrib\admin\templatetags\admin_urls.py first seen with mtime 1746938141.9250207
File C:\Users\shadh\.virtualenvs\Desktop-IZHip-ZH\Lib\site-packages\django\core\management\commands\makemigrations.py first seen with mtime 1746938145.2639682
File C:\Users\shadh\.virtualenvs\Desktop-IZHip-ZH\Lib\site-packages\django\contrib\admin\decorators.py first seen with mtime 1746938141.602427
File C:\Users\shadh\.virtualenvs\Desktop-IZHip-ZH\Lib\site-packages\django\db\models\fields\mixins.py first seen with mtime 1746938145.4382076
File C:\Users\shadh\.virtualenvs\Desktop-IZHip-ZH\Lib\site-packages\django\db\models\lookups.py first seen with mtime 1746938145.4211972
File C:\Users\shadh\AppData\Local\Programs\Python\Python313\Lib\importlib\_abc.py first seen with mtime 1738667256.0
File C:\Users\shadh\AppData\Local\Programs\Python\Python313\Lib\_compression.py first seen with mtime 1738667256.0
File C:\Users\shadh\.virtualenvs\Desktop-IZHip-ZH\Lib\site-packages\django\contrib\auth\__init__.py first seen with mtime 1746938142.0431435
File C:\Users\shadh\AppData\Local\Programs\Python\Python313\Lib\asyncio\transports.py first seen with mtime 1738667256.0
File C:\Users\shadh\.virtualenvs\Desktop-IZHip-ZH\Lib\site-packages\django\template\base.py first seen with mtime 1746938145.6382055
File C:\Users\shadh\AppData\Local\Programs\Python\Python313\Lib\http\client.py first seen with mtime 1738667256.0
File C:\Users\shadh\AppData\Local\Programs\Python\Python313\Lib\quopri.py first seen with mtime 1738667256.0
File C:\Users\shadh\AppData\Local\Programs\Python\Python313\Lib\wsgiref\simple_server.py first seen with mtime 1738667256.0
File C:\Users\shadh\AppData\Local\Programs\Python\Python313\DLLs\_lzma.pyd first seen with mtime 1738667306.0
File C:\Users\shadh\.virtualenvs\Desktop-IZHip-ZH\Lib\site-packages\django\core\serializers\python.py first seen with mtime 1746938145.2906468
File C:\Users\shadh\AppData\Local\Programs\Python\Python313\Lib\argparse.py first seen with mtime 1738667256.0
File C:\Users\shadh\.virtualenvs\Desktop-IZHip-ZH\Lib\site-packages\django\contrib\auth\base_user.py first seen with mtime 1746938142.045158
File C:\Users\shadh\.virtualenvs\Desktop-IZHip-ZH\Lib\site-packages\django\db\backends\sqlite3\creation.py first seen with mtime 1746938145.374222
File C:\Users\shadh\.virtualenvs\Desktop-IZHip-ZH\Lib\site-packages\django\core\management\color.py first seen with mtime 1746938145.2424326
File C:\Users\shadh\.virtualenvs\Desktop-IZHip-ZH\Lib\site-packages\django\views\generic\base.py first seen with mtime 1746938145.7911077
File C:\Users\shadh\.virtualenvs\Desktop-IZHip-ZH\Lib\site-packages\django\contrib\sessions\apps.py first seen with mtime 1746938144.3858104
File C:\Users\shadh\.virtualenvs\Desktop-IZHip-ZH\Lib\site-packages\django\db\models\functions\datetime.py first seen with mtime 1746938145.4514668
File C:\Users\shadh\.virtualenvs\Desktop-IZHip-ZH\Lib\site-packages\django\contrib\staticfiles\__init__.py first seen with mtime 1746938145.1300683
File C:\Users\shadh\.virtualenvs\Desktop-IZHip-ZH\Lib\site-packages\django\core\cache\__init__.py first seen with mtime 1746938145.1660717
File C:\Users\shadh\.virtualenvs\Desktop-IZHip-ZH\Lib\site-packages\django\contrib\__init__.py first seen with mtime 1746938141.595935
File C:\Users\shadh\AppData\Local\Programs\Python\Python313\Lib\base64.py first seen with mtime 1738667256.0
File C:\Users\shadh\.virtualenvs\Desktop-IZHip-ZH\Lib\site-packages\django\contrib\auth\forms.py first seen with mtime 1746938142.0466924
File C:\Users\shadh\.virtualenvs\Desktop-IZHip-ZH\Lib\site-packages\django\db\models\fields\__init__.py first seen with mtime 1746938145.4317071
File C:\Users\shadh\.virtualenvs\Desktop-IZHip-ZH\Lib\site-packages\django\core\checks\security\sessions.py first seen with mtime 1746938145.1980462
File C:\Users\shadh\AppData\Local\Programs\Python\Python313\Lib\asyncio\windows_utils.py first seen with mtime 1738667256.0
File C:\Users\shadh\OneDrive\Desktop\workspace\myapp\myapp\views.py first seen with mtime 1747656935.4166884
File C:\Users\shadh\.virtualenvs\Desktop-IZHip-ZH\Lib\site-packages\django\db\models\fields\composite.py first seen with mtime 1746938145.4326832
File C:\Users\shadh\.virtualenvs\Desktop-IZHip-ZH\Lib\site-packages\django\utils\functional.py first seen with mtime 1746938145.734963
File C:\Users\shadh\AppData\Local\Programs\Python\Python313\Lib\heapq.py first seen with mtime 1738667256.0
File C:\Users\shadh\.virtualenvs\Desktop-IZHip-ZH\Lib\site-packages\asgiref\sync.py first seen with mtime 1746440245.0201485
File C:\Users\shadh\.virtualenvs\Desktop-IZHip-ZH\Lib\site-packages\django\contrib\admin\sites.py first seen with mtime 1746938141.606276
File C:\Users\shadh\AppData\Local\Programs\Python\Python313\Lib\ctypes\wintypes.py first seen with mtime 1738667256.0
File C:\Users\shadh\.virtualenvs\Desktop-IZHip-ZH\Lib\site-packages\django\views\decorators\__init__.py first seen with mtime 1746938145.7768226
File C:\Users\shadh\AppData\Local\Programs\Python\Python313\Lib\email\_parseaddr.py first seen with mtime 1738667256.0
File C:\Users\shadh\AppData\Local\Programs\Python\Python313\Lib\signal.py first seen with mtime 1738667256.0
File C:\Users\shadh\.virtualenvs\Desktop-IZHip-ZH\Lib\site-packages\django\utils\numberformat.py first seen with mtime 1746938145.7477243
File C:\Users\shadh\.virtualenvs\Desktop-IZHip-ZH\Lib\site-packages\django\views\generic\dates.py first seen with mtime 1746938145.793109
File C:\Users\shadh\.virtualenvs\Desktop-IZHip-ZH\Lib\site-packages\django\contrib\messages\constants.py first seen with mtime 1746938143.68921
File C:\Users\shadh\.virtualenvs\Desktop-IZHip-ZH\Lib\site-packages\django\contrib\auth\apps.py first seen with mtime 1746938142.0441494
File C:\Users\shadh\.virtualenvs\Desktop-IZHip-ZH\Lib\site-packages\django\db\backends\base\introspection.py first seen with mtime 1746938145.3151703
File C:\Users\shadh\.virtualenvs\Desktop-IZHip-ZH\Lib\site-packages\django\forms\fields.py first seen with mtime 1746938145.4795382
File C:\Users\shadh\.virtualenvs\Desktop-IZHip-ZH\Lib\site-packages\django\core\management\utils.py first seen with mtime 1746938145.2460797
File C:\Users\shadh\AppData\Local\Programs\Python\Python313\Lib\email\contentmanager.py first seen with mtime 1738667256.0
File C:\Users\shadh\.virtualenvs\Desktop-IZHip-ZH\Lib\site-packages\django\template\backends\__init__.py first seen with mtime 1746938145.6562026
File C:\Users\shadh\.virtualenvs\Desktop-IZHip-ZH\Lib\site-packages\django\contrib\auth\hashers.py first seen with mtime 1746938142.0466924
File C:\Users\shadh\OneDrive\Desktop\workspace\myapp\myapp\urls.py first seen with mtime 1747655499.5531223
File C:\Users\shadh\AppData\Local\Programs\Python\Python313\Lib\asyncio\mixins.py first seen with mtime 1738667256.0
File C:\Users\shadh\AppData\Local\Programs\Python\Python313\Lib\opcode.py first seen with mtime 1738667256.0
File C:\Users\shadh\.virtualenvs\Desktop-IZHip-ZH\Lib\site-packages\django\contrib\admin\views\__init__.py first seen with mtime 1746938141.9260879
File C:\Users\shadh\.virtualenvs\Desktop-IZHip-ZH\Lib\site-packages\django\utils\autoreload.py first seen with mtime 1746938145.713126
File C:\Users\shadh\AppData\Local\Programs\Python\Python313\Lib\wsgiref\util.py first seen with mtime 1738667256.0
File C:\Users\shadh\.virtualenvs\Desktop-IZHip-ZH\Lib\site-packages\sqlparse\sql.py first seen with mtime 1746440217.7940626
File C:\Users\shadh\.virtualenvs\Desktop-IZHip-ZH\Lib\site-packages\django\db\models\query_utils.py first seen with mtime 1746938145.4276247
File C:\Users\shadh\.virtualenvs\Desktop-IZHip-ZH\Lib\site-packages\django\core\management\base.py first seen with mtime 1746938145.241441
File C:\Users\shadh\.virtualenvs\Desktop-IZHip-ZH\Lib\site-packages\django\contrib\staticfiles\apps.py first seen with mtime 1746938145.1320508
File C:\Users\shadh\.virtualenvs\Desktop-IZHip-ZH\Lib\site-packages\django\db\backends\sqlite3\features.py first seen with mtime 1746938145.374762
File C:\Users\shadh\AppData\Local\Programs\Python\Python313\Lib\typing.py first seen with mtime 1738667256.0
File C:\Users\shadh\.virtualenvs\Desktop-IZHip-ZH\Lib\site-packages\django\contrib\messages\storage\base.py first seen with mtime 1746938143.699227
File C:\Users\shadh\AppData\Local\Programs\Python\Python313\Lib\email\mime\message.py first seen with mtime 1738667256.0
File C:\Users\shadh\.virtualenvs\Desktop-IZHip-ZH\Lib\site-packages\django\core\signals.py first seen with mtime 1746938145.1599665
File C:\Users\shadh\AppData\Local\Programs\Python\Python313\Lib\asyncio\coroutines.py first seen with mtime 1738667256.0
File C:\Users\shadh\AppData\Local\Programs\Python\Python313\Lib\reprlib.py first seen with mtime 1738667256.0
File C:\Users\shadh\AppData\Local\Programs\Python\Python313\Lib\shutil.py first seen with mtime 1738667256.0
File C:\Users\shadh\.virtualenvs\Desktop-IZHip-ZH\Lib\site-packages\django\db\models\fields\tuple_lookups.py first seen with mtime 1746938145.4472582
File C:\Users\shadh\OneDrive\Desktop\workspace\myapp\blog\admin.py first seen with mtime 1747387543.803627
File C:\Users\shadh\.virtualenvs\Desktop-IZHip-ZH\Lib\site-packages\django\contrib\admin\templatetags\admin_modify.py first seen with mtime 1746938141.9240153
File C:\Users\shadh\.virtualenvs\Desktop-IZHip-ZH\Lib\site-packages\django\template\smartif.py first seen with mtime 1746938145.6542945
File C:\Users\shadh\AppData\Local\Programs\Python\Python313\Lib\html\parser.py first seen with mtime 1738667256.0
File C:\Users\shadh\.virtualenvs\Desktop-IZHip-ZH\Lib\site-packages\django\core\signing.py first seen with mtime 1746938145.160966
File C:\Users\shadh\.virtualenvs\Desktop-IZHip-ZH\Lib\site-packages\django\core\files\storage\base.py first seen with mtime 1746938145.2122128
File C:\Users\shadh\.virtualenvs\Desktop-IZHip-ZH\Lib\site-packages\django\http\multipartparser.py first seen with mtime 1746938145.61868
File C:\Users\shadh\AppData\Local\Programs\Python\Python313\Lib\datetime.py first seen with mtime 1738667256.0
File C:\Users\shadh\AppData\Local\Programs\Python\Python313\Lib\operator.py first seen with mtime 1738667256.0
File C:\Users\shadh\.virtualenvs\Desktop-IZHip-ZH\Lib\site-packages\django\forms\renderers.py first seen with mtime 1746938145.486024
File C:\Users\shadh\.virtualenvs\Desktop-IZHip-ZH\Lib\site-packages\django\utils\translation\trans_real.py first seen with mtime 1746938145.7672088
File C:\Users\shadh\.virtualenvs\Desktop-IZHip-ZH\Lib\site-packages\django\db\models\fields\related_lookups.py first seen with mtime 1746938145.4447236
File C:\Users\shadh\AppData\Local\Programs\Python\Python313\Lib\multiprocessing\__init__.py first seen with mtime 1738667256.0
File C:\Users\shadh\.virtualenvs\Desktop-IZHip-ZH\Lib\site-packages\sqlparse\filters\right_margin.py first seen with mtime 1746440217.8035426
File C:\Users\shadh\AppData\Local\Programs\Python\Python313\Lib\email\feedparser.py first seen with mtime 1738667256.0
File C:\Users\shadh\.virtualenvs\Desktop-IZHip-ZH\Lib\site-packages\django\db\migrations\__init__.py first seen with mtime 1746938145.3814528
File C:\Users\shadh\.virtualenvs\Desktop-IZHip-ZH\Lib\site-packages\django\db\models\base.py first seen with mtime 1746938145.4110434
File C:\Users\shadh\AppData\Local\Programs\Python\Python313\Lib\email\charset.py first seen with mtime 1738667256.0
File C:\Users\shadh\AppData\Local\Programs\Python\Python313\Lib\http\__init__.py first seen with mtime 1738667256.0
File C:\Users\shadh\.virtualenvs\Desktop-IZHip-ZH\Lib\site-packages\django\contrib\messages\__init__.py first seen with mtime 1746938143.685846
File C:\Users\shadh\.virtualenvs\Desktop-IZHip-ZH\Lib\site-packages\django\contrib\contenttypes\checks.py first seen with mtime 1746938142.1743195
File C:\Users\shadh\.virtualenvs\Desktop-IZHip-ZH\Lib\site-packages\django\contrib\staticfiles\management\commands\__init__.py first seen with mtime 1746938145.1449058
File C:\Users\shadh\AppData\Local\Programs\Python\Python313\Lib\zoneinfo\__init__.py first seen with mtime 1738667256.0
File C:\Users\shadh\.virtualenvs\Desktop-IZHip-ZH\Lib\site-packages\django\db\migrations\operations\base.py first seen with mtime 1746938145.4029336
File C:\Users\shadh\AppData\Local\Programs\Python\Python313\DLLs\_zoneinfo.pyd first seen with mtime 1738667306.0
File C:\Users\shadh\.virtualenvs\Desktop-IZHip-ZH\Lib\site-packages\django\db\backends\sqlite3\__init__.py first seen with mtime 1746938145.3684335
File C:\Users\shadh\.virtualenvs\Desktop-IZHip-ZH\Lib\site-packages\django\forms\formsets.py first seen with mtime 1746938145.4825222
File C:\Users\shadh\.virtualenvs\Desktop-IZHip-ZH\Lib\site-packages\django\core\handlers\exception.py first seen with mtime 1746938145.2228274
File C:\Users\shadh\.virtualenvs\Desktop-IZHip-ZH\Lib\site-packages\django\contrib\admin\filters.py first seen with mtime 1746938141.6042078
File C:\Users\shadh\.virtualenvs\Desktop-IZHip-ZH\Lib\site-packages\django\db\backends\base\client.py first seen with mtime 1746938145.311145
File C:\Users\shadh\AppData\Local\Programs\Python\Python313\Lib\http\server.py first seen with mtime 1738667256.0
File C:\Users\shadh\.virtualenvs\Desktop-IZHip-ZH\Lib\site-packages\django\templatetags\i18n.py first seen with mtime 1746938145.6750963
File C:\Users\shadh\.virtualenvs\Desktop-IZHip-ZH\Lib\site-packages\django\views\generic\edit.py first seen with mtime 1746938145.7954488
File C:\Users\shadh\AppData\Local\Programs\Python\Python313\Lib\asyncio\base_events.py first seen with mtime 1738667256.0
File C:\Users\shadh\.virtualenvs\Desktop-IZHip-ZH\Lib\site-packages\django\conf\urls\__init__.py first seen with mtime 1746938141.595935
File C:\Users\shadh\.virtualenvs\Desktop-IZHip-ZH\Lib\site-packages\django\contrib\staticfiles\finders.py first seen with mtime 1746938145.1340523
File C:\Users\shadh\.virtualenvs\Desktop-IZHip-ZH\Lib\site-packages\django\views\defaults.py first seen with mtime 1746938145.772213
File C:\Users\shadh\.virtualenvs\Desktop-IZHip-ZH\Lib\site-packages\django\db\models\manager.py first seen with mtime 1746938145.422536
File C:\Users\shadh\.virtualenvs\Desktop-IZHip-ZH\Lib\site-packages\django\db\models\query.py first seen with mtime 1746938145.4267619
File C:\Users\shadh\.virtualenvs\Desktop-IZHip-ZH\Lib\site-packages\django\db\migrations\exceptions.py first seen with mtime 1746938145.3850138
File C:\Users\shadh\.virtualenvs\Desktop-IZHip-ZH\Lib\site-packages\django\utils\lorem_ipsum.py first seen with mtime 1746938145.744867
File C:\Users\shadh\AppData\Local\Programs\Python\Python313\Lib\email\headerregistry.py first seen with mtime 1738667256.0
File C:\Users\shadh\AppData\Local\Programs\Python\Python313\Lib\asyncio\base_subprocess.py first seen with mtime 1738667256.0
File C:\Users\shadh\.virtualenvs\Desktop-IZHip-ZH\Lib\site-packages\django\db\models\sql\query.py first seen with mtime 1746938145.4670649
File C:\Users\shadh\.virtualenvs\Desktop-IZHip-ZH\Lib\site-packages\django\core\files\storage\filesystem.py first seen with mtime 1746938145.2122128
File C:\Users\shadh\.virtualenvs\Desktop-IZHip-ZH\Lib\site-packages\django\core\checks\messages.py first seen with mtime 1746938145.185112
File C:\Users\shadh\.virtualenvs\Desktop-IZHip-ZH\Lib\site-packages\django\utils\asyncio.py first seen with mtime 1746938145.7111287
File C:\Users\shadh\.virtualenvs\Desktop-IZHip-ZH\Lib\site-packages\django\core\serializers\json.py first seen with mtime 1746938145.287449
File C:\Users\shadh\AppData\Local\Programs\Python\Python313\Lib\ssl.py first seen with mtime 1738667256.0
File C:\Users\shadh\.virtualenvs\Desktop-IZHip-ZH\Lib\site-packages\django\core\checks\model_checks.py first seen with mtime 1746938145.1861806
File C:\Users\shadh\.virtualenvs\Desktop-IZHip-ZH\Lib\site-packages\django\core\management\commands\__init__.py first seen with mtime 1746938145.2479405
File C:\Users\shadh\.virtualenvs\Desktop-IZHip-ZH\Lib\site-packages\django\db\models\functions\text.py first seen with mtime 1746938145.4559057
File C:\Users\shadh\AppData\Local\Programs\Python\Python313\Lib\email\encoders.py first seen with mtime 1738667256.0
File C:\Users\shadh\AppData\Local\Programs\Python\Python313\Lib\hmac.py first seen with mtime 1738667256.0
File C:\Users\shadh\.virtualenvs\Desktop-IZHip-ZH\Lib\site-packages\django\core\cache\backends\filebased.py first seen with mtime 1746938145.1720326
File C:\Users\shadh\AppData\Local\Programs\Python\Python313\DLLs\_hashlib.pyd first seen with mtime 1738667306.0
File C:\Users\shadh\AppData\Local\Programs\Python\Python313\Lib\sqlite3\dbapi2.py first seen with mtime 1738667256.0
File C:\Users\shadh\AppData\Local\Programs\Python\Python313\Lib\pathlib\_abc.py first seen with mtime 1738667256.0
File C:\Users\shadh\AppData\Local\Programs\Python\Python313\Lib\logging\handlers.py first seen with mtime 1738667256.0
File C:\Users\shadh\.virtualenvs\Desktop-IZHip-ZH\Lib\site-packages\django\core\checks\urls.py first seen with mtime 1746938145.1910126
File C:\Users\shadh\AppData\Local\Programs\Python\Python313\Lib\importlib\__init__.py first seen with mtime 1738667256.0
File C:\Users\shadh\.virtualenvs\Desktop-IZHip-ZH\Lib\site-packages\sqlparse\filters\output.py first seen with mtime 1746440217.7955773
File C:\Users\shadh\AppData\Local\Programs\Python\Python313\Lib\keyword.py first seen with mtime 1738667256.0
File C:\Users\shadh\AppData\Local\Programs\Python\Python313\Lib\concurrent\futures\_base.py first seen with mtime 1738667256.0
File C:\Users\shadh\.virtualenvs\Desktop-IZHip-ZH\Lib\site-packages\django\core\checks\registry.py first seen with mtime 1746938145.1877246
File C:\Users\shadh\AppData\Local\Programs\Python\Python313\Lib\zoneinfo\_common.py first seen with mtime 1738667256.0
File C:\Users\shadh\.virtualenvs\Desktop-IZHip-ZH\Lib\site-packages\django\contrib\contenttypes\views.py first seen with mtime 1746938142.1763494
File C:\Users\shadh\AppData\Local\Programs\Python\Python313\Lib\email\utils.py first seen with mtime 1738667256.0
File C:\Users\shadh\AppData\Local\Programs\Python\Python313\Lib\concurrent\futures\__init__.py first seen with mtime 1738667256.0
File C:\Users\shadh\.virtualenvs\Desktop-IZHip-ZH\Lib\site-packages\django\db\backends\base\validation.py first seen with mtime 1746938145.3208618
File C:\Users\shadh\.virtualenvs\Desktop-IZHip-ZH\Lib\site-packages\django\core\cache\backends\base.py first seen with mtime 1746938145.1685603
File C:\Users\shadh\.virtualenvs\Desktop-IZHip-ZH\Lib\site-packages\django\template\library.py first seen with mtime 1746938145.6486824
File C:\Users\shadh\.virtualenvs\Desktop-IZHip-ZH\Lib\site-packages\django\utils\http.py first seen with mtime 1746938145.7381516
File C:\Users\shadh\AppData\Local\Programs\Python\Python313\Lib\re\__init__.py first seen with mtime 1738667256.0
File C:\Users\shadh\.virtualenvs\Desktop-IZHip-ZH\Lib\site-packages\django\template\backends\django.py first seen with mtime 1746938145.6593077
File C:\Users\shadh\AppData\Local\Programs\Python\Python313\Lib\zoneinfo\_tzpath.py first seen with mtime 1738667256.0
File C:\Users\shadh\AppData\Local\Programs\Python\Python313\Lib\warnings.py first seen with mtime 1738667256.0
File C:\Users\shadh\.virtualenvs\Desktop-IZHip-ZH\Lib\site-packages\django\template\loader.py first seen with mtime 1746938145.6501474
File C:\Users\shadh\AppData\Local\Programs\Python\Python313\Lib\pathlib\__init__.py first seen with mtime 1738667256.0
File C:\Users\shadh\.virtualenvs\Desktop-IZHip-ZH\Lib\site-packages\django\template\loaders\cached.py first seen with mtime 1746938145.668154
File C:\Users\shadh\AppData\Local\Programs\Python\Python313\Lib\socket.py first seen with mtime 1738667256.0
File C:\Users\shadh\.virtualenvs\Desktop-IZHip-ZH\Lib\site-packages\sqlparse\filters\tokens.py first seen with mtime 1746440217.804163
File C:\Users\shadh\AppData\Local\Programs\Python\Python313\Lib\inspect.py first seen with mtime 1738667256.0
File C:\Users\shadh\.virtualenvs\Desktop-IZHip-ZH\Lib\site-packages\django\forms\forms.py first seen with mtime 1746938145.4805377
File C:\Users\shadh\AppData\Local\Programs\Python\Python313\DLLs\_queue.pyd first seen with mtime 1738667306.0
File C:\Users\shadh\AppData\Local\Programs\Python\Python313\Lib\concurrent\__init__.py first seen with mtime 1738667256.0
File C:\Users\shadh\AppData\Local\Programs\Python\Python313\Lib\asyncio\subprocess.py first seen with mtime 1738667256.0
File C:\Users\shadh\.virtualenvs\Desktop-IZHip-ZH\Lib\site-packages\django\views\__init__.py first seen with mtime 1746938145.7692337
File C:\Users\shadh\AppData\Local\Programs\Python\Python313\Lib\collections\__init__.py first seen with mtime 1738667256.0
File C:\Users\shadh\.virtualenvs\Desktop-IZHip-ZH\Lib\site-packages\django\utils\cache.py first seen with mtime 1746938145.7155738
File C:\Users\shadh\AppData\Local\Programs\Python\Python313\Lib\asyncio\staggered.py first seen with mtime 1738667256.0
File C:\Users\shadh\.virtualenvs\Desktop-IZHip-ZH\Lib\site-packages\django\utils\timesince.py first seen with mtime 1746938145.7542396
File C:\Users\shadh\AppData\Local\Programs\Python\Python313\DLLs\unicodedata.pyd first seen with mtime 1738667306.0
File C:\Users\shadh\.virtualenvs\Desktop-IZHip-ZH\Lib\site-packages\django\template\utils.py first seen with mtime 1746938145.654828
File C:\Users\shadh\.virtualenvs\Desktop-IZHip-ZH\Lib\site-packages\django\contrib\auth\checks.py first seen with mtime 1746938142.045158
File C:\Users\shadh\AppData\Local\Programs\Python\Python313\Lib\json\__init__.py first seen with mtime 1738667256.0
File C:\Users\shadh\.virtualenvs\Desktop-IZHip-ZH\Lib\site-packages\django\contrib\contenttypes\forms.py first seen with mtime 1746938142.174824
File C:\Users\shadh\.virtualenvs\Desktop-IZHip-ZH\Lib\site-packages\django\db\backends\utils.py first seen with mtime 1746938145.307145
File C:\Users\shadh\.virtualenvs\Desktop-IZHip-ZH\Lib\site-packages\django\db\backends\base\operations.py first seen with mtime 1746938145.3168426
File C:\Users\shadh\.virtualenvs\Desktop-IZHip-ZH\Lib\site-packages\django\contrib\admin\templatetags\__init__.py first seen with mtime 1746938141.9225125
File C:\Users\shadh\AppData\Local\Programs\Python\Python313\Lib\_compat_pickle.py first seen with mtime 1738667256.0
File C:\Users\shadh\.virtualenvs\Desktop-IZHip-ZH\Lib\site-packages\django\apps\registry.py first seen with mtime 1746938141.3432784
File C:\Users\shadh\.virtualenvs\Desktop-IZHip-ZH\Lib\site-packages\django\core\checks\files.py first seen with mtime 1746938145.1841025
File C:\Users\shadh\.virtualenvs\Desktop-IZHip-ZH\Lib\site-packages\django\db\models\functions\mixins.py first seen with mtime 1746938145.4548953
File C:\Users\shadh\.virtualenvs\Desktop-IZHip-ZH\Lib\site-packages\django\db\models\utils.py first seen with mtime 1746938145.428666
File C:\Users\shadh\.virtualenvs\Desktop-IZHip-ZH\Lib\site-packages\sqlparse\lexer.py first seen with mtime 1746440217.7935488
File C:\Users\shadh\.virtualenvs\Desktop-IZHip-ZH\Lib\site-packages\django\template\context.py first seen with mtime 1746938145.639385
File C:\Users\shadh\.virtualenvs\Desktop-IZHip-ZH\Lib\site-packages\django\contrib\staticfiles\management\commands\runserver.py first seen with mtime 1746938145.1486998
File C:\Users\shadh\.virtualenvs\Desktop-IZHip-ZH\Lib\site-packages\django\db\models\sql\datastructures.py first seen with mtime 1746938145.4643524
File C:\Users\shadh\.virtualenvs\Desktop-IZHip-ZH\Lib\site-packages\django\contrib\admin\apps.py first seen with mtime 1746938141.595935
File C:\Users\shadh\.virtualenvs\Desktop-IZHip-ZH\Lib\site-packages\django\contrib\auth\password_validation.py first seen with mtime 1746938142.048944
File C:\Users\shadh\.virtualenvs\Desktop-IZHip-ZH\Lib\site-packages\django\contrib\admin\checks.py first seen with mtime 1746938141.595935
File C:\Users\shadh\.virtualenvs\Desktop-IZHip-ZH\Lib\site-packages\django\core\checks\templates.py first seen with mtime 1746938145.1888769
File C:\Users\shadh\.virtualenvs\Desktop-IZHip-ZH\Lib\site-packages\django\db\models\constants.py first seen with mtime 1746938145.4130518
File C:\Users\shadh\AppData\Local\Programs\Python\Python313\Lib\urllib\request.py first seen with mtime 1738667256.0
File C:\Users\shadh\AppData\Local\Programs\Python\Python313\Lib\struct.py first seen with mtime 1738667256.0
File C:\Users\shadh\AppData\Local\Programs\Python\Python313\Lib\encodings\utf_8_sig.py first seen with mtime 1738667256.0
File C:\Users\shadh\.virtualenvs\Desktop-IZHip-ZH\Lib\site-packages\django\db\backends\sqlite3\client.py first seen with mtime 1746938145.372712
File C:\Users\shadh\AppData\Local\Programs\Python\Python313\Lib\dataclasses.py first seen with mtime 1738667256.0
File C:\Users\shadh\.virtualenvs\Desktop-IZHip-ZH\Lib\site-packages\django\core\files\images.py first seen with mtime 1746938145.2023718
File C:\Users\shadh\AppData\Local\Programs\Python\Python313\Lib\asyncio\selector_events.py first seen with mtime 1738667256.0
File C:\Users\shadh\.virtualenvs\Desktop-IZHip-ZH\Lib\site-packages\django\db\backends\base\creation.py first seen with mtime 1746938145.312146
File C:\Users\shadh\AppData\Local\Programs\Python\Python313\Lib\re\_casefix.py first seen with mtime 1738667256.0
File C:\Users\shadh\AppData\Local\Programs\Python\Python313\Lib\mimetypes.py first seen with mtime 1738667256.0
File C:\Users\shadh\AppData\Local\Programs\Python\Python313\Lib\asyncio\runners.py first seen with mtime 1738667256.0
File C:\Users\shadh\.virtualenvs\Desktop-IZHip-ZH\Lib\site-packages\django\db\migrations\state.py first seen with mtime 1746938145.3967774
File C:\Users\shadh\.virtualenvs\Desktop-IZHip-ZH\Lib\site-packages\django\core\validators.py first seen with mtime 1746938145.1630623
File C:\Users\shadh\AppData\Local\Programs\Python\Python313\Lib\secrets.py first seen with mtime 1738667256.0
File C:\Users\shadh\AppData\Local\Programs\Python\Python313\Lib\tokenize.py first seen with mtime 1738667256.0
File C:\Users\shadh\.virtualenvs\Desktop-IZHip-ZH\Lib\site-packages\django\db\models\functions\window.py first seen with mtime 1746938145.4579146
File C:\Users\shadh\.virtualenvs\Desktop-IZHip-ZH\Lib\site-packages\django\core\paginator.py first seen with mtime 1746938145.1589813
File C:\Users\shadh\.virtualenvs\Desktop-IZHip-ZH\Lib\site-packages\sqlparse\tokens.py first seen with mtime 1746440217.7940626
File C:\Users\shadh\.virtualenvs\Desktop-IZHip-ZH\Lib\site-packages\django\db\models\constraints.py first seen with mtime 1746938145.414056
File C:\Users\shadh\.virtualenvs\Desktop-IZHip-ZH\Lib\site-packages\django\utils\dateformat.py first seen with mtime 1746938145.7215724
File C:\Users\shadh\.virtualenvs\Desktop-IZHip-ZH\Lib\site-packages\django\shortcuts.py first seen with mtime 1746938141.3422718
File C:\Users\shadh\.virtualenvs\Desktop-IZHip-ZH\Lib\site-packages\django\db\transaction.py first seen with mtime 1746938145.2996905
File C:\Users\shadh\AppData\Local\Programs\Python\Python313\Lib\json\encoder.py first seen with mtime 1738667256.0
File C:\Users\shadh\AppData\Local\Programs\Python\Python313\Lib\sysconfig\__init__.py first seen with mtime 1738667256.0
File C:\Users\shadh\.virtualenvs\Desktop-IZHip-ZH\Lib\site-packages\django\contrib\contenttypes\fields.py first seen with mtime 1746938142.174824
File C:\Users\shadh\.virtualenvs\Desktop-IZHip-ZH\Lib\site-packages\django\db\migrations\operations\fields.py first seen with mtime 1746938145.4029336
File C:\Users\shadh\.virtualenvs\Desktop-IZHip-ZH\Lib\site-packages\django\forms\utils.py first seen with mtime 1746938145.487291
File C:\Users\shadh\.virtualenvs\Desktop-IZHip-ZH\Lib\site-packages\django\db\backends\sqlite3\operations.py first seen with mtime 1746938145.3774571
File C:\Users\shadh\.virtualenvs\Desktop-IZHip-ZH\Lib\site-packages\django\views\debug.py first seen with mtime 1746938145.7712164
File C:\Users\shadh\AppData\Local\Programs\Python\Python313\Lib\email\generator.py first seen with mtime 1738667256.0
File C:\Users\shadh\AppData\Local\Programs\Python\Python313\Lib\email\iterators.py first seen with mtime 1738667256.0
File C:\Users\shadh\AppData\Local\Programs\Python\Python313\Lib\contextlib.py first seen with mtime 1738667256.0
File C:\Users\shadh\AppData\Local\Programs\Python\Python313\Lib\tempfile.py first seen with mtime 1738667256.0
File C:\Users\shadh\AppData\Local\Programs\Python\Python313\Lib\copy.py first seen with mtime 1738667256.0
File C:\Users\shadh\.virtualenvs\Desktop-IZHip-ZH\Lib\site-packages\django\db\migrations\writer.py first seen with mtime 1746938145.399938
File C:\Users\shadh\.virtualenvs\Desktop-IZHip-ZH\Lib\site-packages\django\contrib\messages\utils.py first seen with mtime 1746938143.694844
File C:\Users\shadh\.virtualenvs\Desktop-IZHip-ZH\Lib\site-packages\django\template\backends\base.py first seen with mtime 1746938145.6572373
File C:\Users\shadh\AppData\Local\Programs\Python\Python313\Lib\asyncio\locks.py first seen with mtime 1738667256.0
File C:\Users\shadh\AppData\Local\Programs\Python\Python313\Lib\asyncio\timeouts.py first seen with mtime 1738667256.0
File C:\Users\shadh\AppData\Local\Programs\Python\Python313\Lib\calendar.py first seen with mtime 1738667256.0
File C:\Users\shadh\.virtualenvs\Desktop-IZHip-ZH\Lib\site-packages\django\conf\global_settings.py first seen with mtime 1746938141.3442788
File C:\Users\shadh\.virtualenvs\Desktop-IZHip-ZH\Lib\site-packages\django\core\servers\basehttp.py first seen with mtime 1746938145.2965188
File C:\Users\shadh\AppData\Local\Programs\Python\Python313\DLLs\select.pyd first seen with mtime 1738667306.0
File C:\Users\shadh\.virtualenvs\Desktop-IZHip-ZH\Lib\site-packages\django\template\engine.py first seen with mtime 1746938145.6459637
File C:\Users\shadh\AppData\Local\Programs\Python\Python313\Lib\email\__init__.py first seen with mtime 1738667256.0
File C:\Users\shadh\OneDrive\Desktop\workspace\myapp\blog\apps.py first seen with mtime 1747387189.908021
File C:\Users\shadh\.virtualenvs\Desktop-IZHip-ZH\Lib\site-packages\django\views\decorators\common.py first seen with mtime 1746938145.7818203
File C:\Users\shadh\.virtualenvs\Desktop-IZHip-ZH\Lib\site-packages\django\core\handlers\base.py first seen with mtime 1746938145.2205758
File C:\Users\shadh\AppData\Local\Programs\Python\Python313\Lib\http\cookies.py first seen with mtime 1738667256.0
File C:\Users\shadh\.virtualenvs\Desktop-IZHip-ZH\Lib\site-packages\django\core\handlers\asgi.py first seen with mtime 1746938145.2195573
File C:\Users\shadh\.virtualenvs\Desktop-IZHip-ZH\Lib\site-packages\django\db\backends\sqlite3\base.py first seen with mtime 1746938145.3704443
File C:\Users\shadh\.virtualenvs\Desktop-IZHip-ZH\Lib\site-packages\django\core\__init__.py first seen with mtime 1746938145.1544042
File C:\Users\shadh\.virtualenvs\Desktop-IZHip-ZH\Lib\site-packages\django\db\models\fields\reverse_related.py first seen with mtime 1746938145.4457388
File C:\Users\shadh\.virtualenvs\Desktop-IZHip-ZH\Lib\site-packages\django\contrib\admin\templatetags\admin_list.py first seen with mtime 1746938141.9240153
File C:\Users\shadh\AppData\Local\Programs\Python\Python313\Lib\email\parser.py first seen with mtime 1738667256.0
File C:\Users\shadh\.virtualenvs\Desktop-IZHip-ZH\Lib\site-packages\django\core\files\storage\mixins.py first seen with mtime 1746938145.2165737
File C:\Users\shadh\.virtualenvs\Desktop-IZHip-ZH\Lib\site-packages\django\db\backends\__init__.py first seen with mtime 1746938145.303002
File C:\Users\shadh\AppData\Local\Programs\Python\Python313\Lib\urllib\parse.py first seen with mtime 1738667256.0
File C:\Users\shadh\.virtualenvs\Desktop-IZHip-ZH\Lib\site-packages\django\contrib\sessions\__init__.py first seen with mtime 1746938144.384798
File C:\Users\shadh\AppData\Local\Programs\Python\Python313\Lib\dis.py first seen with mtime 1738667256.0
File C:\Users\shadh\.virtualenvs\Desktop-IZHip-ZH\Lib\site-packages\django\core\files\utils.py first seen with mtime 1746938145.2087674
File C:\Users\shadh\AppData\Local\Programs\Python\Python313\Lib\traceback.py first seen with mtime 1738667256.0
File C:\Users\shadh\AppData\Local\Programs\Python\Python313\Lib\email\_header_value_parser.py first seen with mtime 1738667256.0
File C:\Users\shadh\.virtualenvs\Desktop-IZHip-ZH\Lib\site-packages\sqlparse\engine\grouping.py first seen with mtime 1746440217.7955773
File C:\Users\shadh\.virtualenvs\Desktop-IZHip-ZH\Lib\site-packages\django\views\decorators\cache.py first seen with mtime 1746938145.7788212
File C:\Users\shadh\AppData\Local\Programs\Python\Python313\Lib\asyncio\streams.py first seen with mtime 1738667256.0
File C:\Users\shadh\.virtualenvs\Desktop-IZHip-ZH\Lib\site-packages\django\core\files\temp.py first seen with mtime 1746938145.205123
File C:\Users\shadh\AppData\Local\Programs\Python\Python313\DLLs\_uuid.pyd first seen with mtime 1738667306.0
File C:\Users\shadh\.virtualenvs\Desktop-IZHip-ZH\Lib\site-packages\django\contrib\auth\tokens.py first seen with mtime 1746938142.048944
File C:\Users\shadh\.virtualenvs\Desktop-IZHip-ZH\Lib\site-packages\django\core\checks\__init__.py first seen with mtime 1746938145.1778193
File C:\Users\shadh\AppData\Local\Programs\Python\Python313\Lib\email\mime\nonmultipart.py first seen with mtime 1738667256.0
File C:\Users\shadh\AppData\Local\Programs\Python\Python313\Lib\re\_constants.py first seen with mtime 1738667256.0
File C:\Users\shadh\.virtualenvs\Desktop-IZHip-ZH\Lib\site-packages\django\core\files\uploadedfile.py first seen with mtime 1746938145.2067647
File C:\Users\shadh\AppData\Local\Programs\Python\Python313\Lib\urllib\__init__.py first seen with mtime 1738667256.0
File C:\Users\shadh\.virtualenvs\Desktop-IZHip-ZH\Lib\site-packages\django\apps\config.py first seen with mtime 1746938141.3432784
File C:\Users\shadh\.virtualenvs\Desktop-IZHip-ZH\Lib\site-packages\django\contrib\sites\__init__.py first seen with mtime 1746938144.7661068
File C:\Users\shadh\.virtualenvs\Desktop-IZHip-ZH\Lib\site-packages\asgiref\current_thread_executor.py first seen with mtime 1746440245.0154967
File C:\Users\shadh\.virtualenvs\Desktop-IZHip-ZH\Lib\site-packages\django\db\migrations\loader.py first seen with mtime 1746938145.3883696
File C:\Users\shadh\AppData\Local\Programs\Python\Python313\Lib\token.py first seen with mtime 1738667256.0
File C:\Users\shadh\AppData\Local\Programs\Python\Python313\Lib\asyncio\trsock.py first seen with mtime 1738667256.0
File C:\Users\shadh\.virtualenvs\Desktop-IZHip-ZH\Lib\site-packages\django\contrib\admin\helpers.py first seen with mtime 1746938141.6052127
File C:\Users\shadh\.virtualenvs\Desktop-IZHip-ZH\Lib\site-packages\django\forms\widgets.py first seen with mtime 1746938145.4884112
File C:\Users\shadh\.virtualenvs\Desktop-IZHip-ZH\Lib\site-packages\django\views\generic\__init__.py first seen with mtime 1746938145.790109
File C:\Users\shadh\.virtualenvs\Desktop-IZHip-ZH\Lib\site-packages\django\db\models\functions\json.py first seen with mtime 1746938145.4524615
File C:\Users\shadh\.virtualenvs\Desktop-IZHip-ZH\Lib\site-packages\django\utils\decorators.py first seen with mtime 1746938145.726914
File C:\Users\shadh\.virtualenvs\Desktop-IZHip-ZH\Lib\site-packages\django\utils\ipv6.py first seen with mtime 1746938145.7413528
File C:\Users\shadh\AppData\Local\Programs\Python\Python313\Lib\urllib\response.py first seen with mtime 1738667256.0
File C:\Users\shadh\AppData\Local\Programs\Python\Python313\Lib\wsgiref\headers.py first seen with mtime 1738667256.0
File C:\Users\shadh\AppData\Local\Programs\Python\Python313\Lib\_markupbase.py first seen with mtime 1738667256.0
File C:\Users\shadh\.virtualenvs\Desktop-IZHip-ZH\Lib\site-packages\django\db\migrations\utils.py first seen with mtime 1746938145.3979354
File C:\Users\shadh\.virtualenvs\Desktop-IZHip-ZH\Lib\site-packages\django\db\models\enums.py first seen with mtime 1746938145.4160645
File C:\Users\shadh\.virtualenvs\Desktop-IZHip-ZH\Lib\site-packages\django\db\models\functions\__init__.py first seen with mtime 1746938145.44947
File C:\Users\shadh\.virtualenvs\Desktop-IZHip-ZH\Lib\site-packages\django\utils\safestring.py first seen with mtime 1746938145.7507312
File C:\Users\shadh\.virtualenvs\Desktop-IZHip-ZH\Lib\site-packages\django\template\exceptions.py first seen with mtime 1746938145.6474764
File C:\Users\shadh\.virtualenvs\Desktop-IZHip-ZH\Lib\site-packages\django\utils\__init__.py first seen with mtime 1746938145.7071118
File C:\Users\shadh\AppData\Local\Programs\Python\Python313\Lib\pickle.py first seen with mtime 1738667256.0
File C:\Users\shadh\.virtualenvs\Desktop-IZHip-ZH\Lib\site-packages\django\forms\models.py first seen with mtime 1746938145.4850466
File C:\Users\shadh\AppData\Local\Programs\Python\Python313\Lib\threading.py first seen with mtime 1738667256.0
File C:\Users\shadh\.virtualenvs\Desktop-IZHip-ZH\Lib\site-packages\django\core\checks\security\csrf.py first seen with mtime 1746938145.1970372
File C:\Users\shadh\.virtualenvs\Desktop-IZHip-ZH\Lib\site-packages\django\template\loader_tags.py first seen with mtime 1746938145.6511872
File C:\Users\shadh\.virtualenvs\Desktop-IZHip-ZH\Lib\site-packages\django\core\checks\commands.py first seen with mtime 1746938145.181991
File C:\Users\shadh\.virtualenvs\Desktop-IZHip-ZH\Lib\site-packages\django\db\__init__.py first seen with mtime 1746938145.2986917
File C:\Users\shadh\.virtualenvs\Desktop-IZHip-ZH\Lib\site-packages\sqlparse\__init__.py first seen with mtime 1746440217.7893791
File C:\Users\shadh\.virtualenvs\Desktop-IZHip-ZH\Lib\site-packages\sqlparse\cli.py first seen with mtime 1746440217.7893791
File C:\Users\shadh\.virtualenvs\Desktop-IZHip-ZH\Lib\site-packages\django\contrib\sessions\base_session.py first seen with mtime 1746938144.3869753
File C:\Users\shadh\AppData\Local\Programs\Python\Python313\Lib\concurrent\futures\thread.py first seen with mtime 1738667256.0
File C:\Users\shadh\.virtualenvs\Desktop-IZHip-ZH\Lib\site-packages\django\core\files\move.py first seen with mtime 1746938145.2041097
File C:\Users\shadh\.virtualenvs\Desktop-IZHip-ZH\Lib\site-packages\django\db\models\__init__.py first seen with mtime 1746938145.4080477
File C:\Users\shadh\AppData\Local\Programs\Python\Python313\Lib\email\mime\text.py first seen with mtime 1738667256.0
File C:\Users\shadh\AppData\Local\Programs\Python\Python313\Lib\encodings\utf_8.py first seen with mtime 1738667256.0
File C:\Users\shadh\.virtualenvs\Desktop-IZHip-ZH\Lib\site-packages\django\utils\tree.py first seen with mtime 1746938145.7568357
File C:\Users\shadh\AppData\Local\Programs\Python\Python313\Lib\urllib\error.py first seen with mtime 1738667256.0
File C:\Users\shadh\.virtualenvs\Desktop-IZHip-ZH\Lib\site-packages\django\core\wsgi.py first seen with mtime 1746938145.1640549
File C:\Users\shadh\AppData\Local\Programs\Python\Python313\Lib\email\header.py first seen with mtime 1738667256.0
File C:\Users\shadh\AppData\Local\Programs\Python\Python313\Lib\pkgutil.py first seen with mtime 1738667256.0
File C:\Users\shadh\.virtualenvs\Desktop-IZHip-ZH\Lib\site-packages\django\contrib\auth\management\__init__.py first seen with mtime 1746938142.1641164
File C:\Users\shadh\.virtualenvs\Desktop-IZHip-ZH\Lib\site-packages\django\db\models\sql\constants.py first seen with mtime 1746938145.4629107
File C:\Users\shadh\.virtualenvs\Desktop-IZHip-ZH\Lib\site-packages\django\db\models\fields\related_descriptors.py first seen with mtime 1746938145.4432132
File C:\Users\shadh\.virtualenvs\Desktop-IZHip-ZH\Lib\site-packages\django\db\backends\base\schema.py first seen with mtime 1746938145.318854
File C:\Users\shadh\.virtualenvs\Desktop-IZHip-ZH\Lib\site-packages\django\core\files\base.py first seen with mtime 1746938145.2010496
File C:\Users\shadh\.virtualenvs\Desktop-IZHip-ZH\Lib\site-packages\django\db\models\signals.py first seen with mtime 1746938145.4276247
File C:\Users\shadh\.virtualenvs\Desktop-IZHip-ZH\Lib\site-packages\django\core\checks\async_checks.py first seen with mtime 1746938145.179897
File C:\Users\shadh\AppData\Local\Programs\Python\Python313\Lib\email\mime\multipart.py first seen with mtime 1738667256.0
File C:\Users\shadh\.virtualenvs\Desktop-IZHip-ZH\Lib\site-packages\django\views\decorators\csrf.py first seen with mtime 1746938145.7828221
File C:\Users\shadh\.virtualenvs\Desktop-IZHip-ZH\Lib\site-packages\django\core\files\storage\__init__.py first seen with mtime 1746938145.2112107
File C:\Users\shadh\AppData\Local\Programs\Python\Python313\Lib\json\scanner.py first seen with mtime 1738667256.0
File C:\Users\shadh\.virtualenvs\Desktop-IZHip-ZH\Lib\site-packages\django\contrib\messages\storage\__init__.py first seen with mtime 1746938143.6981225
File C:\Users\shadh\.virtualenvs\Desktop-IZHip-ZH\Lib\site-packages\django\contrib\admin\templatetags\log.py first seen with mtime 1746938141.9260879
File C:\Users\shadh\.virtualenvs\Desktop-IZHip-ZH\Lib\site-packages\django\db\models\fields\files.py first seen with mtime 1746938145.434198
File C:\Users\shadh\AppData\Local\Programs\Python\Python313\Lib\types.py first seen with mtime 1738667256.0
File C:\Users\shadh\AppData\Local\Programs\Python\Python313\Lib\asyncio\proactor_events.py first seen with mtime 1738667256.0
File C:\Users\shadh\.virtualenvs\Desktop-IZHip-ZH\Lib\site-packages\django\template\response.py first seen with mtime 1746938145.6532722
File C:\Users\shadh\AppData\Local\Programs\Python\Python313\Lib\asyncio\events.py first seen with mtime 1738667256.0
File C:\Users\shadh\AppData\Local\Programs\Python\Python313\DLLs\_overlapped.pyd first seen with mtime 1738667306.0
File C:\Users\shadh\.virtualenvs\Desktop-IZHip-ZH\Lib\site-packages\django\utils\module_loading.py first seen with mtime 1746938145.74589
File C:\Users\shadh\AppData\Local\Programs\Python\Python313\Lib\_weakrefset.py first seen with mtime 1738667256.0
File C:\Users\shadh\.virtualenvs\Desktop-IZHip-ZH\Lib\site-packages\django\urls\__init__.py first seen with mtime 1746938145.6961331
File C:\Users\shadh\AppData\Local\Programs\Python\Python313\DLLs\_sqlite3.pyd first seen with mtime 1738667306.0
File C:\Users\shadh\OneDrive\Desktop\workspace\myapp\blog\templates\blog first seen with mtime 1747652279.8410418
File C:\Users\shadh\OneDrive\Desktop\workspace\myapp\blog\templates\blog\base.html first seen with mtime 1747731133.2389126
File C:\Users\shadh\OneDrive\Desktop\workspace\myapp\blog\templates\blog\detail.html first seen with mtime 1747642713.71616
File C:\Users\shadh\OneDrive\Desktop\workspace\myapp\blog\templates\blog\helo.html first seen with mtime 1747652294.0569897
File C:\Users\shadh\OneDrive\Desktop\workspace\myapp\blog\templates\blog\index.html first seen with mtime 1747654449.7160323
File C:\Users\shadh\OneDrive\Desktop\workspace\myapp\templates\pageNotFound.html first seen with mtime 1747656960.0046892
File C:\Users\shadh\.virtualenvs\Desktop-IZHip-ZH\Lib\site-packages\django\contrib\auth\migrations\0009_alter_user_last_name_max_length.py first seen with mtime 1746938142.1681786
File C:\Users\shadh\.virtualenvs\Desktop-IZHip-ZH\Lib\site-packages\django\contrib\auth\migrations\0011_update_proxy_permissions.py first seen with mtime 1746938142.1701808
File C:\Users\shadh\.virtualenvs\Desktop-IZHip-ZH\Lib\site-packages\django\contrib\sessions\exceptions.py first seen with mtime 1746938144.387991
File C:\Users\shadh\.virtualenvs\Desktop-IZHip-ZH\Lib\site-packages\django\contrib\auth\middleware.py first seen with mtime 1746938142.0466924
File C:\Users\shadh\.virtualenvs\Desktop-IZHip-ZH\Lib\site-packages\django\contrib\auth\migrations\0012_alter_user_first_name_max_length.py first seen with mtime 1746938142.1701808
File C:\Users\shadh\.virtualenvs\Desktop-IZHip-ZH\Lib\site-packages\django\contrib\sessions\backends\base.py first seen with mtime 1746938144.3954816
File C:\Users\shadh\.virtualenvs\Desktop-IZHip-ZH\Lib\site-packages\django\middleware\security.py first seen with mtime 1746938145.634139
File C:\Users\shadh\.virtualenvs\Desktop-IZHip-ZH\Lib\site-packages\django\contrib\auth\migrations\0004_alter_user_username_opts.py first seen with mtime 1746938142.1671793
File C:\Users\shadh\.virtualenvs\Desktop-IZHip-ZH\Lib\site-packages\django\contrib\admin\migrations\0001_initial.py first seen with mtime 1746938141.8268094
File C:\Users\shadh\.virtualenvs\Desktop-IZHip-ZH\Lib\site-packages\django\contrib\auth\migrations\0001_initial.py first seen with mtime 1746938142.1651196
File C:\Users\shadh\.virtualenvs\Desktop-IZHip-ZH\Lib\site-packages\django\views\csrf.py first seen with mtime 1746938145.7702076
File C:\Users\shadh\AppData\Local\Programs\Python\Python313\Lib\encodings\idna.py first seen with mtime 1738667256.0
File C:\Users\shadh\.virtualenvs\Desktop-IZHip-ZH\Lib\site-packages\django\core\cache\backends\locmem.py first seen with mtime 1746938145.1741645
File C:\Users\shadh\.virtualenvs\Desktop-IZHip-ZH\Lib\site-packages\django\contrib\auth\migrations\__init__.py first seen with mtime 1746938142.1701808
File C:\Users\shadh\.virtualenvs\Desktop-IZHip-ZH\Lib\site-packages\django\contrib\admin\migrations\0002_logentry_remove_auto_add.py first seen with mtime 1746938141.8278096
File C:\Users\shadh\.virtualenvs\Desktop-IZHip-ZH\Lib\site-packages\django\contrib\auth\migrations\0002_alter_permission_name_max_length.py first seen with mtime 1746938142.1661775
File C:\Users\shadh\.virtualenvs\Desktop-IZHip-ZH\Lib\site-packages\django\contrib\admin\migrations\__init__.py first seen with mtime 1746938141.8278096
File C:\Users\shadh\.virtualenvs\Desktop-IZHip-ZH\Lib\site-packages\django\contrib\sessions\migrations\0001_initial.py first seen with mtime 1746938144.7567308
File C:\Users\shadh\.virtualenvs\Desktop-IZHip-ZH\Lib\site-packages\django\contrib\auth\migrations\0005_alter_user_last_login_null.py first seen with mtime 1746938142.1671793
File C:\Users\shadh\.virtualenvs\Desktop-IZHip-ZH\Lib\site-packages\django\middleware\clickjacking.py first seen with mtime 1746938145.6251209
File C:\Users\shadh\.virtualenvs\Desktop-IZHip-ZH\Lib\site-packages\django\middleware\common.py first seen with mtime 1746938145.6271367
File C:\Users\shadh\.virtualenvs\Desktop-IZHip-ZH\Lib\site-packages\django\contrib\sessions\middleware.py first seen with mtime 1746938144.3901582
File C:\Users\shadh\AppData\Local\Programs\Python\Python313\Lib\stringprep.py first seen with mtime 1738667256.0
File C:\Users\shadh\.virtualenvs\Desktop-IZHip-ZH\Lib\site-packages\django\contrib\auth\migrations\0010_alter_group_name_max_length.py first seen with mtime 1746938142.16918
File C:\Users\shadh\.virtualenvs\Desktop-IZHip-ZH\Lib\site-packages\django\contrib\auth\migrations\0003_alter_user_email_max_length.py first seen with mtime 1746938142.1661775
File C:\Users\shadh\.virtualenvs\Desktop-IZHip-ZH\Lib\site-packages\django\contrib\admin\migrations\0003_logentry_add_action_flag_choices.py first seen with mtime 1746938141.8278096
File C:\Users\shadh\OneDrive\Desktop\workspace\myapp\blog\migrations\__init__.py first seen with mtime 1747387189.9355311
File C:\Users\shadh\.virtualenvs\Desktop-IZHip-ZH\Lib\site-packages\django\contrib\auth\migrations\0006_require_contenttypes_0002.py first seen with mtime 1746938142.1671793
File C:\Users\shadh\.virtualenvs\Desktop-IZHip-ZH\Lib\site-packages\django\contrib\auth\backends.py first seen with mtime 1746938142.0446546
File C:\Users\shadh\.virtualenvs\Desktop-IZHip-ZH\Lib\site-packages\django\contrib\contenttypes\migrations\__init__.py first seen with mtime 1746938142.294177
File C:\Users\shadh\.virtualenvs\Desktop-IZHip-ZH\Lib\site-packages\django\contrib\contenttypes\migrations\0002_remove_content_type_name.py first seen with mtime 1746938142.294177
File C:\Users\shadh\.virtualenvs\Desktop-IZHip-ZH\Lib\site-packages\django\contrib\sessions\backends\__init__.py first seen with mtime 1746938144.3941562
File C:\Users\shadh\.virtualenvs\Desktop-IZHip-ZH\Lib\site-packages\django\contrib\auth\views.py first seen with mtime 1746938142.049944
File C:\Users\shadh\.virtualenvs\Desktop-IZHip-ZH\Lib\site-packages\django\contrib\auth\migrations\0008_alter_user_username_max_length.py first seen with mtime 1746938142.1681786
File C:\Users\shadh\.virtualenvs\Desktop-IZHip-ZH\Lib\site-packages\django\contrib\sessions\migrations\__init__.py first seen with mtime 1746938144.7567308
File C:\Users\shadh\.virtualenvs\Desktop-IZHip-ZH\Lib\site-packages\django\contrib\messages\middleware.py first seen with mtime 1746938143.6922922
File C:\Users\shadh\.virtualenvs\Desktop-IZHip-ZH\Lib\site-packages\django\contrib\auth\migrations\0007_alter_validators_add_error_messages.py first seen with mtime 1746938142.1681786
File C:\Users\shadh\.virtualenvs\Desktop-IZHip-ZH\Lib\site-packages\django\contrib\contenttypes\migrations\0001_initial.py first seen with mtime 1746938142.294177
File C:\Users\shadh\.virtualenvs\Desktop-IZHip-ZH\Lib\site-packages\django\db\migrations\executor.py first seen with mtime 1746938145.3850138
File C:\Users\shadh\OneDrive\Desktop\workspace\myapp\myapp\wsgi.py first seen with mtime 1747386186.940987
File C:\Users\shadh\.virtualenvs\Desktop-IZHip-ZH\Lib\site-packages\django\contrib\sessions\backends\db.py first seen with mtime 1746938144.3996365
Watching for file changes with StatReloader
Waiting for apps ready_event.
Apps ready_event triggered. Sending autoreload_started signal.
Watching dir C:\Users\shadh\OneDrive\Desktop\workspace\myapp\blog\templates with glob **/*.
Watching dir C:\Users\shadh\OneDrive\Desktop\workspace\myapp\templates with glob **/*.
Watching dir C:\Users\shadh\OneDrive\Desktop\workspace\myapp\locale with glob **/*.mo.
Watching dir C:\Users\shadh\OneDrive\Desktop\workspace\myapp\blog\locale with glob **/*.mo.
(0.000) 
            SELECT name, type FROM sqlite_master
            WHERE type in ('table', 'view') AND NOT name='sqlite_sequence'
            ORDER BY name; args=None; alias=default
File C:\Users\shadh\.virtualenvs\Desktop-IZHip-ZH\Lib\site-packages\django\forms\widgets.py first seen with mtime 1746938145.4884112
File C:\Users\shadh\AppData\Local\Programs\Python\Python313\Lib\enum.py first seen with mtime 1738667256.0
File C:\Users\shadh\.virtualenvs\Desktop-IZHip-ZH\Lib\site-packages\django\utils\ipv6.py first seen with mtime 1746938145.7413528
File C:\Users\shadh\AppData\Local\Programs\Python\Python313\Lib\functools.py first seen with mtime 1738667256.0
File C:\Users\shadh\.virtualenvs\Desktop-IZHip-ZH\Lib\site-packages\django\urls\converters.py first seen with mtime 1746938145.700697
File C:\Users\shadh\.virtualenvs\Desktop-IZHip-ZH\Lib\site-packages\django\db\backends\base\validation.py first seen with mtime 1746938145.3208618
File C:\Users\shadh\AppData\Local\Programs\Python\Python313\Lib\pathlib\_abc.py first seen with mtime 1738667256.0
File C:\Users\shadh\AppData\Local\Programs\Python\Python313\Lib\logging\handlers.py first seen with mtime 1738667256.0
File C:\Users\shadh\AppData\Local\Programs\Python\Python313\DLLs\_sqlite3.pyd first seen with mtime 1738667306.0
File C:\Users\shadh\AppData\Local\Programs\Python\Python313\Lib\pkgutil.py first seen with mtime 1738667256.0
File C:\Users\shadh\AppData\Local\Programs\Python\Python313\Lib\ast.py first seen with mtime 1738667256.0
File C:\Users\shadh\AppData\Local\Programs\Python\Python313\Lib\ctypes\_endian.py first seen with mtime 1738667256.0
File C:\Users\shadh\.virtualenvs\Desktop-IZHip-ZH\Lib\site-packages\django\apps\__init__.py first seen with mtime 1746938141.3422718
File C:\Users\shadh\.virtualenvs\Desktop-IZHip-ZH\Lib\site-packages\django\db\models\fields\tuple_lookups.py first seen with mtime 1746938145.4472582
File C:\Users\shadh\.virtualenvs\Desktop-IZHip-ZH\Lib\site-packages\django\template\smartif.py first seen with mtime 1746938145.6542945
File C:\Users\shadh\.virtualenvs\Desktop-IZHip-ZH\Lib\site-packages\django\core\serializers\__init__.py first seen with mtime 1746938145.2848635
File C:\Users\shadh\AppData\Local\Programs\Python\Python313\Lib\signal.py first seen with mtime 1738667256.0
File C:\Users\shadh\.virtualenvs\Desktop-IZHip-ZH\Lib\site-packages\django\db\backends\base\base.py first seen with mtime 1746938145.310146
File C:\Users\shadh\.virtualenvs\Desktop-IZHip-ZH\Lib\site-packages\django\template\loader_tags.py first seen with mtime 1746938145.6511872
File C:\Users\shadh\.virtualenvs\Desktop-IZHip-ZH\Lib\site-packages\django\db\backends\sqlite3\client.py first seen with mtime 1746938145.372712
File C:\Users\shadh\.virtualenvs\Desktop-IZHip-ZH\Lib\site-packages\django\db\migrations\graph.py first seen with mtime 1746938145.3874166
File C:\Users\shadh\.virtualenvs\Desktop-IZHip-ZH\Lib\site-packages\django\template\backends\django.py first seen with mtime 1746938145.6593077
File C:\Users\shadh\.virtualenvs\Desktop-IZHip-ZH\Lib\site-packages\sqlparse\keywords.py first seen with mtime 1746440217.7893791
File C:\Users\shadh\AppData\Local\Programs\Python\Python313\Lib\email\utils.py first seen with mtime 1738667256.0
File C:\Users\shadh\.virtualenvs\Desktop-IZHip-ZH\Lib\site-packages\django\contrib\sessions\__init__.py first seen with mtime 1746938144.384798
File C:\Users\shadh\.virtualenvs\Desktop-IZHip-ZH\Lib\site-packages\django\contrib\messages\apps.py first seen with mtime 1746938143.6880667
File C:\Users\shadh\.virtualenvs\Desktop-IZHip-ZH\Lib\site-packages\django\core\files\storage\memory.py first seen with mtime 1746938145.2155602
File C:\Users\shadh\.virtualenvs\Desktop-IZHip-ZH\Lib\site-packages\django\core\checks\model_checks.py first seen with mtime 1746938145.1861806
File C:\Users\shadh\AppData\Local\Programs\Python\Python313\DLLs\_socket.pyd first seen with mtime 1738667306.0
File C:\Users\shadh\AppData\Local\Programs\Python\Python313\Lib\asyncio\sslproto.py first seen with mtime 1738667256.0
File C:\Users\shadh\.virtualenvs\Desktop-IZHip-ZH\Lib\site-packages\django\contrib\staticfiles\management\commands\runserver.py first seen with mtime 1746938145.1486998
File C:\Users\shadh\.virtualenvs\Desktop-IZHip-ZH\Lib\site-packages\django\utils\timezone.py first seen with mtime 1746938145.7557414
File C:\Users\shadh\.virtualenvs\Desktop-IZHip-ZH\Lib\site-packages\django\db\models\fields\composite.py first seen with mtime 1746938145.4326832
File C:\Users\shadh\.virtualenvs\Desktop-IZHip-ZH\Lib\site-packages\django\views\decorators\__init__.py first seen with mtime 1746938145.7768226
File C:\Users\shadh\.virtualenvs\Desktop-IZHip-ZH\Lib\site-packages\django\contrib\admin\templatetags\__init__.py first seen with mtime 1746938141.9225125
File C:\Users\shadh\.virtualenvs\Desktop-IZHip-ZH\Lib\site-packages\django\core\checks\async_checks.py first seen with mtime 1746938145.179897
File C:\Users\shadh\.virtualenvs\Desktop-IZHip-ZH\Lib\site-packages\django\forms\models.py first seen with mtime 1746938145.4850466
File C:\Users\shadh\.virtualenvs\Desktop-IZHip-ZH\Lib\site-packages\django\core\servers\basehttp.py first seen with mtime 1746938145.2965188
File C:\Users\shadh\OneDrive\Desktop\workspace\myapp\myapp\views.py first seen with mtime 1747656935.4166884
File C:\Users\shadh\.virtualenvs\Desktop-IZHip-ZH\Lib\site-packages\django\utils\http.py first seen with mtime 1746938145.7381516
File C:\Users\shadh\.virtualenvs\Desktop-IZHip-ZH\Lib\site-packages\django\views\decorators\debug.py first seen with mtime 1746938145.7848766
File C:\Users\shadh\AppData\Local\Programs\Python\Python313\Lib\copy.py first seen with mtime 1738667256.0
File C:\Users\shadh\AppData\Local\Programs\Python\Python313\Lib\wsgiref\simple_server.py first seen with mtime 1738667256.0
File C:\Users\shadh\.virtualenvs\Desktop-IZHip-ZH\Lib\site-packages\django\contrib\admin\sites.py first seen with mtime 1746938141.606276
File C:\Users\shadh\.virtualenvs\Desktop-IZHip-ZH\Lib\site-packages\django\contrib\admin\views\__init__.py first seen with mtime 1746938141.9260879
File C:\Users\shadh\.virtualenvs\Desktop-IZHip-ZH\Lib\site-packages\django\core\signing.py first seen with mtime 1746938145.160966
File C:\Users\shadh\.virtualenvs\Desktop-IZHip-ZH\Lib\site-packages\django\contrib\admin\templatetags\admin_modify.py first seen with mtime 1746938141.9240153
File C:\Users\shadh\.virtualenvs\Desktop-IZHip-ZH\Lib\site-packages\django\core\checks\database.py first seen with mtime 1746938145.181991
File C:\Users\shadh\AppData\Local\Programs\Python\Python313\Lib\logging\__init__.py first seen with mtime 1738667256.0
File C:\Users\shadh\.virtualenvs\Desktop-IZHip-ZH\Lib\site-packages\django\template\backends\__init__.py first seen with mtime 1746938145.6562026
File C:\Users\shadh\.virtualenvs\Desktop-IZHip-ZH\Lib\site-packages\django\contrib\contenttypes\management\__init__.py first seen with mtime 1746938142.2926724
File C:\Users\shadh\.virtualenvs\Desktop-IZHip-ZH\Lib\site-packages\django\utils\functional.py first seen with mtime 1746938145.734963
File C:\Users\shadh\AppData\Local\Programs\Python\Python313\Lib\bz2.py first seen with mtime 1738667256.0
File C:\Users\shadh\AppData\Local\Programs\Python\Python313\Lib\contextlib.py first seen with mtime 1738667256.0
File C:\Users\shadh\AppData\Local\Programs\Python\Python313\Lib\importlib\__init__.py first seen with mtime 1738667256.0
File C:\Users\shadh\.virtualenvs\Desktop-IZHip-ZH\Lib\site-packages\django\apps\registry.py first seen with mtime 1746938141.3432784
File C:\Users\shadh\.virtualenvs\Desktop-IZHip-ZH\Lib\site-packages\django\contrib\admin\actions.py first seen with mtime 1746938141.595935
File C:\Users\shadh\.virtualenvs\Desktop-IZHip-ZH\Lib\site-packages\django\views\decorators\csrf.py first seen with mtime 1746938145.7828221
File C:\Users\shadh\.virtualenvs\Desktop-IZHip-ZH\Lib\site-packages\django\db\models\signals.py first seen with mtime 1746938145.4276247
File C:\Users\shadh\AppData\Local\Programs\Python\Python313\Lib\concurrent\__init__.py first seen with mtime 1738667256.0
File C:\Users\shadh\.virtualenvs\Desktop-IZHip-ZH\Lib\site-packages\django\middleware\cache.py first seen with mtime 1746938145.6239796
File C:\Users\shadh\AppData\Local\Programs\Python\Python313\Lib\pickle.py first seen with mtime 1738667256.0
File C:\Users\shadh\AppData\Local\Programs\Python\Python313\Lib\json\scanner.py first seen with mtime 1738667256.0
File C:\Users\shadh\AppData\Local\Programs\Python\Python313\Lib\asyncio\windows_events.py first seen with mtime 1738667256.0
File C:\Users\shadh\.virtualenvs\Desktop-IZHip-ZH\Lib\site-packages\django\core\servers\__init__.py first seen with mtime 1746938145.295171
File C:\Users\shadh\AppData\Local\Programs\Python\Python313\Lib\email\header.py first seen with mtime 1738667256.0
File C:\Users\shadh\AppData\Local\Programs\Python\Python313\Lib\asyncio\selector_events.py first seen with mtime 1738667256.0
File C:\Users\shadh\.virtualenvs\Desktop-IZHip-ZH\Lib\site-packages\django\core\handlers\exception.py first seen with mtime 1746938145.2228274
File C:\Users\shadh\AppData\Local\Programs\Python\Python313\Lib\datetime.py first seen with mtime 1738667256.0
File C:\Users\shadh\.virtualenvs\Desktop-IZHip-ZH\Lib\site-packages\sqlparse\filters\aligned_indent.py first seen with mtime 1746440217.7955773
File C:\Users\shadh\.virtualenvs\Desktop-IZHip-ZH\Lib\site-packages\django\template\context.py first seen with mtime 1746938145.639385
File C:\Users\shadh\AppData\Local\Programs\Python\Python313\Lib\asyncio\mixins.py first seen with mtime 1738667256.0
File C:\Users\shadh\.virtualenvs\Desktop-IZHip-ZH\Lib\site-packages\django\utils\deconstruct.py first seen with mtime 1746938145.72592
File C:\Users\shadh\.virtualenvs\Desktop-IZHip-ZH\Lib\site-packages\sqlparse\filters\tokens.py first seen with mtime 1746440217.804163
File C:\Users\shadh\OneDrive\Desktop\workspace\myapp\myapp\urls.py first seen with mtime 1747655499.5531223
File C:\Users\shadh\AppData\Local\Programs\Python\Python313\Lib\urllib\response.py first seen with mtime 1738667256.0
File C:\Users\shadh\.virtualenvs\Desktop-IZHip-ZH\Lib\site-packages\django\db\models\fields\json.py first seen with mtime 1746938145.4368641
File C:\Users\shadh\.virtualenvs\Desktop-IZHip-ZH\Lib\site-packages\django\db\models\query_utils.py first seen with mtime 1746938145.4276247
File C:\Users\shadh\.virtualenvs\Desktop-IZHip-ZH\Lib\site-packages\django\contrib\messages\api.py first seen with mtime 1746938143.6870577
File C:\Users\shadh\AppData\Local\Programs\Python\Python313\Lib\email\mime\__init__.py first seen with mtime 1738667256.0
File C:\Users\shadh\AppData\Local\Programs\Python\Python313\Lib\nturl2path.py first seen with mtime 1738667256.0
File C:\Users\shadh\.virtualenvs\Desktop-IZHip-ZH\Lib\site-packages\django\db\backends\sqlite3\creation.py first seen with mtime 1746938145.374222
File C:\Users\shadh\AppData\Local\Programs\Python\Python313\DLLs\_lzma.pyd first seen with mtime 1738667306.0
File C:\Users\shadh\AppData\Local\Programs\Python\Python313\Lib\email\feedparser.py first seen with mtime 1738667256.0
File C:\Users\shadh\.virtualenvs\Desktop-IZHip-ZH\Lib\site-packages\django\middleware\__init__.py first seen with mtime 1746938145.6229446
File C:\Users\shadh\.virtualenvs\Desktop-IZHip-ZH\Lib\site-packages\django\__init__.py first seen with mtime 1746938141.3407667
File C:\Users\shadh\.virtualenvs\Desktop-IZHip-ZH\Lib\site-packages\django\core\management\utils.py first seen with mtime 1746938145.2460797
File C:\Users\shadh\AppData\Local\Programs\Python\Python313\Lib\linecache.py first seen with mtime 1738667256.0
File C:\Users\shadh\AppData\Local\Programs\Python\Python313\Lib\statistics.py first seen with mtime 1738667256.0
File C:\Users\shadh\.virtualenvs\Desktop-IZHip-ZH\Lib\site-packages\django\db\models\constraints.py first seen with mtime 1746938145.414056
File C:\Users\shadh\AppData\Local\Programs\Python\Python313\Lib\types.py first seen with mtime 1738667256.0
File C:\Users\shadh\AppData\Local\Programs\Python\Python313\Lib\multiprocessing\process.py first seen with mtime 1738667256.0
File C:\Users\shadh\.virtualenvs\Desktop-IZHip-ZH\Lib\site-packages\django\template\backends\base.py first seen with mtime 1746938145.6572373
File C:\Users\shadh\.virtualenvs\Desktop-IZHip-ZH\Lib\site-packages\django\views\debug.py first seen with mtime 1746938145.7712164
File C:\Users\shadh\.virtualenvs\Desktop-IZHip-ZH\Lib\site-packages\django\http\cookie.py first seen with mtime 1746938145.6166625
File C:\Users\shadh\.virtualenvs\Desktop-IZHip-ZH\Lib\site-packages\django\core\management\commands\migrate.py first seen with mtime 1746938145.2650156
File C:\Users\shadh\AppData\Local\Programs\Python\Python313\Lib\asyncio\staggered.py first seen with mtime 1738667256.0
File C:\Users\shadh\.virtualenvs\Desktop-IZHip-ZH\Lib\site-packages\django\forms\utils.py first seen with mtime 1746938145.487291
File C:\Users\shadh\AppData\Local\Programs\Python\Python313\Lib\email\quoprimime.py first seen with mtime 1738667256.0
File C:\Users\shadh\.virtualenvs\Desktop-IZHip-ZH\Lib\site-packages\django\utils\datastructures.py first seen with mtime 1746938145.7205732
File C:\Users\shadh\.virtualenvs\Desktop-IZHip-ZH\Lib\site-packages\django\http\multipartparser.py first seen with mtime 1746938145.61868
File C:\Users\shadh\.virtualenvs\Desktop-IZHip-ZH\Lib\site-packages\django\contrib\admin\templatetags\base.py first seen with mtime 1746938141.9250207
File C:\Users\shadh\.virtualenvs\Desktop-IZHip-ZH\Lib\site-packages\django\db\backends\sqlite3\__init__.py first seen with mtime 1746938145.3684335
File C:\Users\shadh\.virtualenvs\Desktop-IZHip-ZH\Lib\site-packages\django\templatetags\tz.py first seen with mtime 1746938145.6791441
File C:\Users\shadh\AppData\Local\Programs\Python\Python313\Lib\typing.py first seen with mtime 1738667256.0
File C:\Users\shadh\.virtualenvs\Desktop-IZHip-ZH\Lib\site-packages\django\contrib\auth\__init__.py first seen with mtime 1746938142.0431435
File C:\Users\shadh\AppData\Local\Programs\Python\Python313\Lib\warnings.py first seen with mtime 1738667256.0
File C:\Users\shadh\.virtualenvs\Desktop-IZHip-ZH\Lib\site-packages\django\db\backends\base\__init__.py first seen with mtime 1746938145.308147
File C:\Users\shadh\.virtualenvs\Desktop-IZHip-ZH\Lib\site-packages\django\core\checks\commands.py first seen with mtime 1746938145.181991
File C:\Users\shadh\.virtualenvs\Desktop-IZHip-ZH\Lib\site-packages\sqlparse\lexer.py first seen with mtime 1746440217.7935488
File C:\Users\shadh\.virtualenvs\Desktop-IZHip-ZH\Lib\site-packages\django\core\checks\files.py first seen with mtime 1746938145.1841025
File C:\Users\shadh\AppData\Local\Programs\Python\Python313\Lib\asyncio\__init__.py first seen with mtime 1738667256.0
File C:\Users\shadh\.virtualenvs\Desktop-IZHip-ZH\Lib\site-packages\sqlparse\utils.py first seen with mtime 1746440217.7955773
File C:\Users\shadh\.virtualenvs\Desktop-IZHip-ZH\Lib\site-packages\django\template\engine.py first seen with mtime 1746938145.6459637
File C:\Users\shadh\.virtualenvs\Desktop-IZHip-ZH\Lib\site-packages\django\db\migrations\__init__.py first seen with mtime 1746938145.3814528
File C:\Users\shadh\.virtualenvs\Desktop-IZHip-ZH\Lib\site-packages\django\contrib\contenttypes\apps.py first seen with mtime 1746938142.1743195
File C:\Users\shadh\.virtualenvs\Desktop-IZHip-ZH\Lib\site-packages\django\db\models\manager.py first seen with mtime 1746938145.422536
File C:\Users\shadh\.virtualenvs\Desktop-IZHip-ZH\Lib\site-packages\django\utils\text.py first seen with mtime 1746938145.752727
File C:\Users\shadh\.virtualenvs\Desktop-IZHip-ZH\Lib\site-packages\django\db\migrations\questioner.py first seen with mtime 1746938145.3926442
File C:\Users\shadh\AppData\Local\Programs\Python\Python313\Lib\email\mime\message.py first seen with mtime 1738667256.0
File C:\Users\shadh\AppData\Local\Programs\Python\Python313\Lib\textwrap.py first seen with mtime 1738667256.0
File C:\Users\shadh\.virtualenvs\Desktop-IZHip-ZH\Lib\site-packages\django\contrib\admin\templatetags\admin_list.py first seen with mtime 1746938141.9240153
File C:\Users\shadh\.virtualenvs\Desktop-IZHip-ZH\Lib\site-packages\django\core\handlers\__init__.py first seen with mtime 1746938145.2181177
File C:\Users\shadh\.virtualenvs\Desktop-IZHip-ZH\Lib\site-packages\django\db\models\functions\__init__.py first seen with mtime 1746938145.44947
File C:\Users\shadh\.virtualenvs\Desktop-IZHip-ZH\Lib\site-packages\django\utils\tree.py first seen with mtime 1746938145.7568357
File C:\Users\shadh\AppData\Local\Programs\Python\Python313\Lib\contextvars.py first seen with mtime 1738667256.0
File C:\Users\shadh\.virtualenvs\Desktop-IZHip-ZH\Lib\site-packages\django\core\files\__init__.py first seen with mtime 1746938145.2000504
File C:\Users\shadh\.virtualenvs\Desktop-IZHip-ZH\Lib\site-packages\django\core\files\uploadedfile.py first seen with mtime 1746938145.2067647
File C:\Users\shadh\.virtualenvs\Desktop-IZHip-ZH\Lib\site-packages\django\contrib\contenttypes\forms.py first seen with mtime 1746938142.174824
File C:\Users\shadh\.virtualenvs\Desktop-IZHip-ZH\Lib\site-packages\django\utils\numberformat.py first seen with mtime 1746938145.7477243
File C:\Users\shadh\AppData\Local\Programs\Python\Python313\Lib\asyncio\taskgroups.py first seen with mtime 1738667256.0
File C:\Users\shadh\.virtualenvs\Desktop-IZHip-ZH\Lib\site-packages\django\db\models\functions\json.py first seen with mtime 1746938145.4524615
File C:\Users\shadh\.virtualenvs\Desktop-IZHip-ZH\Lib\site-packages\django\templatetags\__init__.py first seen with mtime 1746938145.6712387
File C:\Users\shadh\AppData\Local\Programs\Python\Python313\Lib\asyncio\proactor_events.py first seen with mtime 1738667256.0
File C:\Users\shadh\.virtualenvs\Desktop-IZHip-ZH\Lib\site-packages\django\contrib\sites\shortcuts.py first seen with mtime 1746938144.7774951
File C:\Users\shadh\.virtualenvs\Desktop-IZHip-ZH\Lib\site-packages\django\db\models\query.py first seen with mtime 1746938145.4267619
File C:\Users\shadh\.virtualenvs\Desktop-IZHip-ZH\Lib\site-packages\django\contrib\contenttypes\views.py first seen with mtime 1746938142.1763494
File C:\Users\shadh\AppData\Local\Programs\Python\Python313\Lib\tokenize.py first seen with mtime 1738667256.0
File C:\Users\shadh\AppData\Local\Programs\Python\Python313\Lib\lzma.py first seen with mtime 1738667256.0
File C:\Users\shadh\.virtualenvs\Desktop-IZHip-ZH\Lib\site-packages\django\core\management\commands\runserver.py first seen with mtime 1746938145.2684178
File C:\Users\shadh\.virtualenvs\Desktop-IZHip-ZH\Lib\site-packages\django\utils\cache.py first seen with mtime 1746938145.7155738
File C:\Users\shadh\.virtualenvs\Desktop-IZHip-ZH\Lib\site-packages\django\contrib\contenttypes\__init__.py first seen with mtime 1746938142.1733172
File C:\Users\shadh\.virtualenvs\Desktop-IZHip-ZH\Lib\site-packages\django\db\models\fields\__init__.py first seen with mtime 1746938145.4317071
File C:\Users\shadh\.virtualenvs\Desktop-IZHip-ZH\Lib\site-packages\django\db\models\fields\related.py first seen with mtime 1746938145.4412065
File C:\Users\shadh\.virtualenvs\Desktop-IZHip-ZH\Lib\site-packages\django\core\files\temp.py first seen with mtime 1746938145.205123
File C:\Users\shadh\.virtualenvs\Desktop-IZHip-ZH\Lib\site-packages\django\utils\__init__.py first seen with mtime 1746938145.7071118
File C:\Users\shadh\AppData\Local\Programs\Python\Python313\Lib\hmac.py first seen with mtime 1738667256.0
File C:\Users\shadh\AppData\Local\Programs\Python\Python313\Lib\string.py first seen with mtime 1738667256.0
File C:\Users\shadh\OneDrive\Desktop\workspace\myapp\blog\admin.py first seen with mtime 1747387543.803627
File C:\Users\shadh\.virtualenvs\Desktop-IZHip-ZH\Lib\site-packages\django\core\validators.py first seen with mtime 1746938145.1630623
File C:\Users\shadh\.virtualenvs\Desktop-IZHip-ZH\Lib\site-packages\django\http\response.py first seen with mtime 1746938145.620706
File C:\Users\shadh\AppData\Local\Programs\Python\Python313\Lib\asyncio\exceptions.py first seen with mtime 1738667256.0
File C:\Users\shadh\AppData\Local\Programs\Python\Python313\Lib\asyncio\threads.py first seen with mtime 1738667256.0
File C:\Users\shadh\AppData\Local\Programs\Python\Python313\Lib\concurrent\futures\_base.py first seen with mtime 1738667256.0
File C:\Users\shadh\.virtualenvs\Desktop-IZHip-ZH\Lib\site-packages\django\dispatch\__init__.py first seen with mtime 1746938145.4710479
File C:\Users\shadh\.virtualenvs\Desktop-IZHip-ZH\Lib\site-packages\django\templatetags\static.py first seen with mtime 1746938145.6774952
File C:\Users\shadh\.virtualenvs\Desktop-IZHip-ZH\Lib\site-packages\django\contrib\admin\decorators.py first seen with mtime 1746938141.602427
File C:\Users\shadh\.virtualenvs\Desktop-IZHip-ZH\Lib\site-packages\django\utils\translation\trans_real.py first seen with mtime 1746938145.7672088
File C:\Users\shadh\.virtualenvs\Desktop-IZHip-ZH\Lib\site-packages\sqlparse\engine\grouping.py first seen with mtime 1746440217.7955773
File C:\Users\shadh\.virtualenvs\Desktop-IZHip-ZH\Lib\site-packages\django\core\checks\security\sessions.py first seen with mtime 1746938145.1980462
File C:\Users\shadh\AppData\Local\Programs\Python\Python313\Lib\multiprocessing\__init__.py first seen with mtime 1738667256.0
File C:\Users\shadh\AppData\Local\Programs\Python\Python313\Lib\gzip.py first seen with mtime 1738667256.0
File C:\Users\shadh\AppData\Local\Programs\Python\Python313\Lib\quopri.py first seen with mtime 1738667256.0
File C:\Users\shadh\.virtualenvs\Desktop-IZHip-ZH\Lib\site-packages\django\views\decorators\cache.py first seen with mtime 1746938145.7788212
File C:\Users\shadh\.virtualenvs\Desktop-IZHip-ZH\Lib\site-packages\django\urls\__init__.py first seen with mtime 1746938145.6961331
File C:\Users\shadh\.virtualenvs\Desktop-IZHip-ZH\Lib\site-packages\django\contrib\auth\checks.py first seen with mtime 1746938142.045158
File C:\Users\shadh\AppData\Local\Programs\Python\Python313\Lib\socketserver.py first seen with mtime 1738667256.0
File C:\Users\shadh\AppData\Local\Programs\Python\Python313\DLLs\_ssl.pyd first seen with mtime 1738667306.0
File C:\Users\shadh\.virtualenvs\Desktop-IZHip-ZH\Lib\site-packages\django\core\wsgi.py first seen with mtime 1746938145.1640549
File C:\Users\shadh\AppData\Local\Programs\Python\Python313\Lib\threading.py first seen with mtime 1738667256.0
File C:\Users\shadh\.virtualenvs\Desktop-IZHip-ZH\Lib\site-packages\django\db\models\fields\related_descriptors.py first seen with mtime 1746938145.4432132
File C:\Users\shadh\.virtualenvs\Desktop-IZHip-ZH\Lib\site-packages\django\forms\forms.py first seen with mtime 1746938145.4805377
File C:\Users\shadh\.virtualenvs\Desktop-IZHip-ZH\Lib\site-packages\django\db\migrations\operations\base.py first seen with mtime 1746938145.4029336
File C:\Users\shadh\.virtualenvs\Desktop-IZHip-ZH\Lib\site-packages\django\forms\__init__.py first seen with mtime 1746938145.4755173
File C:\Users\shadh\AppData\Local\Programs\Python\Python313\Lib\re\_compiler.py first seen with mtime 1738667256.0
File C:\Users\shadh\AppData\Local\Programs\Python\Python313\Lib\_markupbase.py first seen with mtime 1738667256.0
File C:\Users\shadh\.virtualenvs\Desktop-IZHip-ZH\Lib\site-packages\django\core\checks\security\base.py first seen with mtime 1746938145.1960425
File C:\Users\shadh\AppData\Local\Programs\Python\Python313\Lib\heapq.py first seen with mtime 1738667256.0
File C:\Users\shadh\OneDrive\Desktop\workspace\myapp\blog\models.py first seen with mtime 1747387189.9168108
File C:\Users\shadh\AppData\Local\Programs\Python\Python313\Lib\asyncio\streams.py first seen with mtime 1738667256.0
File C:\Users\shadh\.virtualenvs\Desktop-IZHip-ZH\Lib\site-packages\django\views\__init__.py first seen with mtime 1746938145.7692337
File C:\Users\shadh\AppData\Local\Programs\Python\Python313\Lib\email\encoders.py first seen with mtime 1738667256.0
File C:\Users\shadh\.virtualenvs\Desktop-IZHip-ZH\Lib\site-packages\django\template\loader.py first seen with mtime 1746938145.6501474
File C:\Users\shadh\AppData\Local\Programs\Python\Python313\DLLs\_bz2.pyd first seen with mtime 1738667306.0
File C:\Users\shadh\.virtualenvs\Desktop-IZHip-ZH\Lib\site-packages\django\core\files\locks.py first seen with mtime 1746938145.2036037
File C:\Users\shadh\.virtualenvs\Desktop-IZHip-ZH\Lib\site-packages\django\db\migrations\autodetector.py first seen with mtime 1746938145.3824918
File C:\Users\shadh\AppData\Local\Programs\Python\Python313\Lib\re\_constants.py first seen with mtime 1738667256.0
File C:\Users\shadh\AppData\Local\Programs\Python\Python313\Lib\traceback.py first seen with mtime 1738667256.0
File C:\Users\shadh\.virtualenvs\Desktop-IZHip-ZH\Lib\site-packages\django\template\base.py first seen with mtime 1746938145.6382055
File C:\Users\shadh\.virtualenvs\Desktop-IZHip-ZH\Lib\site-packages\django\core\checks\compatibility\django_4_0.py first seen with mtime 1746938145.19303
File C:\Users\shadh\AppData\Local\Programs\Python\Python313\Lib\asyncio\trsock.py first seen with mtime 1738667256.0
File C:\Users\shadh\.virtualenvs\Desktop-IZHip-ZH\Lib\site-packages\django\contrib\messages\constants.py first seen with mtime 1746938143.68921
File C:\Users\shadh\.virtualenvs\Desktop-IZHip-ZH\Lib\site-packages\django\utils\encoding.py first seen with mtime 1746938145.7309127
File C:\Users\shadh\.virtualenvs\Desktop-IZHip-ZH\Lib\site-packages\django\conf\global_settings.py first seen with mtime 1746938141.3442788
File C:\Users\shadh\AppData\Local\Programs\Python\Python313\Lib\sysconfig\__init__.py first seen with mtime 1738667256.0
File C:\Users\shadh\OneDrive\Desktop\workspace\myapp\manage.py first seen with mtime 1747386186.8529215
File C:\Users\shadh\AppData\Local\Programs\Python\Python313\Lib\asyncio\coroutines.py first seen with mtime 1738667256.0
File C:\Users\shadh\.virtualenvs\Desktop-IZHip-ZH\Lib\site-packages\sqlparse\formatter.py first seen with mtime 1746440217.7893791
File C:\Users\shadh\.virtualenvs\Desktop-IZHip-ZH\Lib\site-packages\django\core\mail\message.py first seen with mtime 1746938145.2272449
File C:\Users\shadh\.virtualenvs\Desktop-IZHip-ZH\Lib\site-packages\django\core\files\storage\handler.py first seen with mtime 1746938145.2140028
File C:\Users\shadh\AppData\Local\Programs\Python\Python313\Lib\email\contentmanager.py first seen with mtime 1738667256.0
File C:\Users\shadh\AppData\Local\Programs\Python\Python313\DLLs\_decimal.pyd first seen with mtime 1738667306.0
File C:\Users\shadh\.virtualenvs\Desktop-IZHip-ZH\Lib\site-packages\django\template\response.py first seen with mtime 1746938145.6532722
File C:\Users\shadh\AppData\Local\Programs\Python\Python313\Lib\opcode.py first seen with mtime 1738667256.0
File C:\Users\shadh\.virtualenvs\Desktop-IZHip-ZH\Lib\site-packages\django\db\backends\signals.py first seen with mtime 1746938145.306147
File C:\Users\shadh\.virtualenvs\Desktop-IZHip-ZH\Lib\site-packages\django\contrib\admin\views\autocomplete.py first seen with mtime 1746938141.9260879
File C:\Users\shadh\.virtualenvs\Desktop-IZHip-ZH\Lib\site-packages\django\db\models\functions\math.py first seen with mtime 1746938145.4548953
File C:\Users\shadh\OneDrive\Desktop\workspace\myapp\blog\apps.py first seen with mtime 1747387189.908021
File C:\Users\shadh\.virtualenvs\Desktop-IZHip-ZH\Lib\site-packages\django\contrib\admin\options.py first seen with mtime 1746938141.606276
File C:\Users\shadh\.virtualenvs\Desktop-IZHip-ZH\Lib\site-packages\django\contrib\admin\widgets.py first seen with mtime 1746938141.6082752
File C:\Users\shadh\AppData\Local\Programs\Python\Python313\Lib\asyncio\base_events.py first seen with mtime 1738667256.0
File C:\Users\shadh\.virtualenvs\Desktop-IZHip-ZH\Lib\site-packages\django\template\defaultfilters.py first seen with mtime 1746938145.642389
File C:\Users\shadh\.virtualenvs\Desktop-IZHip-ZH\Lib\site-packages\django\views\generic\base.py first seen with mtime 1746938145.7911077
File C:\Users\shadh\AppData\Local\Programs\Python\Python313\Lib\random.py first seen with mtime 1738667256.0
File C:\Users\shadh\AppData\Local\Programs\Python\Python313\Lib\asyncio\constants.py first seen with mtime 1738667256.0
File C:\Users\shadh\.virtualenvs\Desktop-IZHip-ZH\Lib\site-packages\django\core\serializers\python.py first seen with mtime 1746938145.2906468
File C:\Users\shadh\AppData\Local\Programs\Python\Python313\Lib\sqlite3\__init__.py first seen with mtime 1738667256.0
File C:\Users\shadh\AppData\Local\Programs\Python\Python313\DLLs\unicodedata.pyd first seen with mtime 1738667306.0
File C:\Users\shadh\AppData\Local\Programs\Python\Python313\Lib\urllib\__init__.py first seen with mtime 1738667256.0
File C:\Users\shadh\.virtualenvs\Desktop-IZHip-ZH\Lib\site-packages\django\core\exceptions.py first seen with mtime 1746938145.1569653
File C:\Users\shadh\.virtualenvs\Desktop-IZHip-ZH\Lib\site-packages\django\utils\safestring.py first seen with mtime 1746938145.7507312
File C:\Users\shadh\.virtualenvs\Desktop-IZHip-ZH\Lib\site-packages\asgiref\local.py first seen with mtime 1746440245.0154967
File C:\Users\shadh\.virtualenvs\Desktop-IZHip-ZH\Lib\site-packages\django\db\migrations\loader.py first seen with mtime 1746938145.3883696
File C:\Users\shadh\.virtualenvs\Desktop-IZHip-ZH\Lib\site-packages\django\db\migrations\migration.py first seen with mtime 1746938145.389643
File C:\Users\shadh\.virtualenvs\Desktop-IZHip-ZH\Lib\site-packages\sqlparse\engine\statement_splitter.py first seen with mtime 1746440217.7955773
File C:\Users\shadh\AppData\Local\Programs\Python\Python313\Lib\http\server.py first seen with mtime 1738667256.0
File C:\Users\shadh\AppData\Local\Programs\Python\Python313\Lib\asyncio\base_subprocess.py first seen with mtime 1738667256.0
File C:\Users\shadh\.virtualenvs\Desktop-IZHip-ZH\Lib\site-packages\django\contrib\admin\views\main.py first seen with mtime 1746938141.9270866
File C:\Users\shadh\AppData\Local\Programs\Python\Python313\Lib\ctypes\wintypes.py first seen with mtime 1738667256.0
File C:\Users\shadh\.virtualenvs\Desktop-IZHip-ZH\Lib\site-packages\django\db\models\constants.py first seen with mtime 1746938145.4130518
File C:\Users\shadh\.virtualenvs\Desktop-IZHip-ZH\Lib\site-packages\django\core\checks\registry.py first seen with mtime 1746938145.1877246
File C:\Users\shadh\.virtualenvs\Desktop-IZHip-ZH\Lib\site-packages\django\db\models\sql\datastructures.py first seen with mtime 1746938145.4643524
File C:\Users\shadh\.virtualenvs\Desktop-IZHip-ZH\Lib\site-packages\django\contrib\staticfiles\views.py first seen with mtime 1746938145.1417413
File C:\Users\shadh\AppData\Local\Programs\Python\Python313\Lib\multiprocessing\reduction.py first seen with mtime 1738667256.0
File C:\Users\shadh\.virtualenvs\Desktop-IZHip-ZH\Lib\site-packages\django\contrib\admin\helpers.py first seen with mtime 1746938141.6052127
File C:\Users\shadh\AppData\Local\Programs\Python\Python313\Lib\email\charset.py first seen with mtime 1738667256.0
File C:\Users\shadh\.virtualenvs\Desktop-IZHip-ZH\Lib\site-packages\django\db\models\sql\query.py first seen with mtime 1746938145.4670649
File C:\Users\shadh\.virtualenvs\Desktop-IZHip-ZH\Lib\site-packages\django\db\models\functions\comparison.py first seen with mtime 1746938145.450465
File C:\Users\shadh\.virtualenvs\Desktop-IZHip-ZH\Lib\site-packages\django\contrib\auth\signals.py first seen with mtime 1746938142.048944
File C:\Users\shadh\AppData\Local\Programs\Python\Python313\Lib\email\base64mime.py first seen with mtime 1738667256.0
File C:\Users\shadh\AppData\Local\Programs\Python\Python313\Lib\urllib\error.py first seen with mtime 1738667256.0
File C:\Users\shadh\.virtualenvs\Desktop-IZHip-ZH\Lib\site-packages\django\contrib\auth\hashers.py first seen with mtime 1746938142.0466924
File C:\Users\shadh\.virtualenvs\Desktop-IZHip-ZH\Lib\site-packages\django\contrib\staticfiles\checks.py first seen with mtime 1746938145.133052
File C:\Users\shadh\AppData\Local\Programs\Python\Python313\Lib\asyncio\base_futures.py first seen with mtime 1738667256.0
File C:\Users\shadh\.virtualenvs\Desktop-IZHip-ZH\Lib\site-packages\django\template\autoreload.py first seen with mtime 1746938145.6372058
File C:\Users\shadh\AppData\Local\Programs\Python\Python313\Lib\asyncio\timeouts.py first seen with mtime 1738667256.0
File C:\Users\shadh\.virtualenvs\Desktop-IZHip-ZH\Lib\site-packages\django\utils\decorators.py first seen with mtime 1746938145.726914
File C:\Users\shadh\AppData\Local\Programs\Python\Python313\Lib\email\policy.py first seen with mtime 1738667256.0
File C:\Users\shadh\.virtualenvs\Desktop-IZHip-ZH\Lib\site-packages\django\template\utils.py first seen with mtime 1746938145.654828
File C:\Users\shadh\.virtualenvs\Desktop-IZHip-ZH\Lib\site-packages\django\core\management\base.py first seen with mtime 1746938145.241441
File C:\Users\shadh\.virtualenvs\Desktop-IZHip-ZH\Lib\site-packages\django\template\defaulttags.py first seen with mtime 1746938145.6444137
File C:\Users\shadh\.virtualenvs\Desktop-IZHip-ZH\Lib\site-packages\django\conf\urls\__init__.py first seen with mtime 1746938141.595935
File C:\Users\shadh\AppData\Local\Programs\Python\Python313\Lib\asyncio\runners.py first seen with mtime 1738667256.0
File C:\Users\shadh\.virtualenvs\Desktop-IZHip-ZH\Lib\site-packages\django\db\models\functions\datetime.py first seen with mtime 1746938145.4514668
File C:\Users\shadh\AppData\Local\Programs\Python\Python313\Lib\email\generator.py first seen with mtime 1738667256.0
File C:\Users\shadh\.virtualenvs\Desktop-IZHip-ZH\Lib\site-packages\django\db\models\sql\constants.py first seen with mtime 1746938145.4629107
File C:\Users\shadh\.virtualenvs\Desktop-IZHip-ZH\Lib\site-packages\django\db\migrations\operations\special.py first seen with mtime 1746938145.406047
File C:\Users\shadh\.virtualenvs\Desktop-IZHip-ZH\Lib\site-packages\asgiref\sync.py first seen with mtime 1746440245.0201485
File C:\Users\shadh\AppData\Local\Programs\Python\Python313\Lib\email\message.py first seen with mtime 1738667256.0
File C:\Users\shadh\.virtualenvs\Desktop-IZHip-ZH\Lib\site-packages\django\shortcuts.py first seen with mtime 1746938141.3422718
File C:\Users\shadh\.virtualenvs\Desktop-IZHip-ZH\Lib\site-packages\django\views\static.py first seen with mtime 1746938145.7758234
File C:\Users\shadh\AppData\Local\Programs\Python\Python313\Lib\platform.py first seen with mtime 1738667256.0
File C:\Users\shadh\.virtualenvs\Desktop-IZHip-ZH\Lib\site-packages\django\core\handlers\wsgi.py first seen with mtime 1746938145.2243392
File C:\Users\shadh\AppData\Local\Programs\Python\Python313\Lib\wsgiref\util.py first seen with mtime 1738667256.0
File C:\Users\shadh\.virtualenvs\Desktop-IZHip-ZH\Lib\site-packages\django\views\decorators\common.py first seen with mtime 1746938145.7818203
File C:\Users\shadh\AppData\Local\Programs\Python\Python313\Lib\queue.py first seen with mtime 1738667256.0
File C:\Users\shadh\AppData\Local\Programs\Python\Python313\Lib\ipaddress.py first seen with mtime 1738667256.0
File C:\Users\shadh\.virtualenvs\Desktop-IZHip-ZH\Lib\site-packages\asgiref\__init__.py first seen with mtime 1746440245.0144231
File C:\Users\shadh\OneDrive\Desktop\workspace\myapp\blog\__init__.py first seen with mtime 1747387189.9355311
File C:\Users\shadh\.virtualenvs\Desktop-IZHip-ZH\Lib\site-packages\django\contrib\contenttypes\models.py first seen with mtime 1746938142.17583
File C:\Users\shadh\.virtualenvs\Desktop-IZHip-ZH\Lib\site-packages\django\core\checks\templates.py first seen with mtime 1746938145.1888769
File C:\Users\shadh\AppData\Local\Programs\Python\Python313\DLLs\_ctypes.pyd first seen with mtime 1738667306.0
File C:\Users\shadh\.virtualenvs\Desktop-IZHip-ZH\Lib\site-packages\django\core\cache\__init__.py first seen with mtime 1746938145.1660717
File C:\Users\shadh\.virtualenvs\Desktop-IZHip-ZH\Lib\site-packages\django\urls\base.py first seen with mtime 1746938145.6974716
File C:\Users\shadh\.virtualenvs\Desktop-IZHip-ZH\Lib\site-packages\sqlparse\filters\others.py first seen with mtime 1746440217.7955773
File C:\Users\shadh\.virtualenvs\Desktop-IZHip-ZH\Lib\site-packages\django\views\generic\edit.py first seen with mtime 1746938145.7954488
File C:\Users\shadh\.virtualenvs\Desktop-IZHip-ZH\Lib\site-packages\django\db\models\__init__.py first seen with mtime 1746938145.4080477
File C:\Users\shadh\.virtualenvs\Desktop-IZHip-ZH\Lib\site-packages\django\utils\asyncio.py first seen with mtime 1746938145.7111287
File C:\Users\shadh\.virtualenvs\Desktop-IZHip-ZH\Lib\site-packages\django\core\cache\backends\base.py first seen with mtime 1746938145.1685603
File C:\Users\shadh\.virtualenvs\Desktop-IZHip-ZH\Lib\site-packages\django\core\files\base.py first seen with mtime 1746938145.2010496
File C:\Users\shadh\AppData\Local\Programs\Python\Python313\Lib\zoneinfo\_common.py first seen with mtime 1738667256.0
File C:\Users\shadh\.virtualenvs\Desktop-IZHip-ZH\Lib\site-packages\sqlparse\filters\__init__.py first seen with mtime 1746440217.7955773
File C:\Users\shadh\.virtualenvs\Desktop-IZHip-ZH\Lib\site-packages\django\middleware\csrf.py first seen with mtime 1746938145.6281352
File C:\Users\shadh\.virtualenvs\Desktop-IZHip-ZH\Lib\site-packages\django\template\__init__.py first seen with mtime 1746938145.6361845
File C:\Users\shadh\.virtualenvs\Desktop-IZHip-ZH\Lib\site-packages\django\db\migrations\executor.py first seen with mtime 1746938145.3850138
File C:\Users\shadh\AppData\Local\Programs\Python\Python313\Lib\collections\__init__.py first seen with mtime 1738667256.0
File C:\Users\shadh\.virtualenvs\Desktop-IZHip-ZH\Lib\site-packages\django\utils\autoreload.py first seen with mtime 1746938145.713126
File C:\Users\shadh\.virtualenvs\Desktop-IZHip-ZH\Lib\site-packages\django\db\migrations\exceptions.py first seen with mtime 1746938145.3850138
File C:\Users\shadh\.virtualenvs\Desktop-IZHip-ZH\Lib\site-packages\django\contrib\auth\decorators.py first seen with mtime 1746938142.0466924
File C:\Users\shadh\AppData\Local\Programs\Python\Python313\Lib\asyncio\queues.py first seen with mtime 1738667256.0
File C:\Users\shadh\.virtualenvs\Desktop-IZHip-ZH\Lib\site-packages\django\contrib\admin\templatetags\log.py first seen with mtime 1746938141.9260879
File C:\Users\shadh\AppData\Local\Programs\Python\Python313\Lib\__future__.py first seen with mtime 1738667256.0
File C:\Users\shadh\AppData\Local\Programs\Python\Python313\Lib\zoneinfo\_tzpath.py first seen with mtime 1738667256.0
File C:\Users\shadh\AppData\Local\Programs\Python\Python313\Lib\gettext.py first seen with mtime 1738667256.0
File C:\Users\shadh\.virtualenvs\Desktop-IZHip-ZH\Lib\site-packages\django\contrib\admin\filters.py first seen with mtime 1746938141.6042078
File C:\Users\shadh\.virtualenvs\Desktop-IZHip-ZH\Lib\site-packages\django\contrib\messages\__init__.py first seen with mtime 1746938143.685846
File C:\Users\shadh\AppData\Local\Programs\Python\Python313\Lib\sqlite3\dbapi2.py first seen with mtime 1738667256.0
File C:\Users\shadh\.virtualenvs\Desktop-IZHip-ZH\Lib\site-packages\django\db\backends\sqlite3\features.py first seen with mtime 1746938145.374762
File C:\Users\shadh\.virtualenvs\Desktop-IZHip-ZH\Lib\site-packages\django\db\models\fields\related_lookups.py first seen with mtime 1746938145.4447236
File C:\Users\shadh\AppData\Local\Programs\Python\Python313\Lib\ctypes\__init__.py first seen with mtime 1738667256.0
File C:\Users\shadh\.virtualenvs\Desktop-IZHip-ZH\Lib\site-packages\django\views\generic\dates.py first seen with mtime 1746938145.793109
File C:\Users\shadh\AppData\Local\Programs\Python\Python313\Lib\decimal.py first seen with mtime 1738667256.0
File C:\Users\shadh\.virtualenvs\Desktop-IZHip-ZH\Lib\site-packages\django\db\migrations\operations\__init__.py first seen with mtime 1746938145.401932
File C:\Users\shadh\.virtualenvs\Desktop-IZHip-ZH\Lib\site-packages\django\core\files\storage\filesystem.py first seen with mtime 1746938145.2122128
File C:\Users\shadh\AppData\Local\Programs\Python\Python313\Lib\mimetypes.py first seen with mtime 1738667256.0
File C:\Users\shadh\OneDrive\Desktop\workspace\myapp\myapp\settings.py first seen with mtime 1747731446.4402893
File C:\Users\shadh\.virtualenvs\Desktop-IZHip-ZH\Lib\site-packages\django\template\exceptions.py first seen with mtime 1746938145.6474764
File C:\Users\shadh\.virtualenvs\Desktop-IZHip-ZH\Lib\site-packages\django\utils\hashable.py first seen with mtime 1746938145.7359042
File C:\Users\shadh\.virtualenvs\Desktop-IZHip-ZH\Lib\site-packages\django\db\migrations\serializer.py first seen with mtime 1746938145.3951688
File C:\Users\shadh\.virtualenvs\Desktop-IZHip-ZH\Lib\site-packages\django\contrib\contenttypes\admin.py first seen with mtime 1746938142.1733172
File C:\Users\shadh\.virtualenvs\Desktop-IZHip-ZH\Lib\site-packages\django\utils\choices.py first seen with mtime 1746938145.7165291
File C:\Users\shadh\.virtualenvs\Desktop-IZHip-ZH\Lib\site-packages\sqlparse\engine\filter_stack.py first seen with mtime 1746440217.7955773
File C:\Users\shadh\.virtualenvs\Desktop-IZHip-ZH\Lib\site-packages\django\utils\html.py first seen with mtime 1746938145.7371562
File C:\Users\shadh\AppData\Local\Programs\Python\Python313\Lib\json\decoder.py first seen with mtime 1738667256.0
File C:\Users\shadh\.virtualenvs\Desktop-IZHip-ZH\Lib\site-packages\django\db\models\enums.py first seen with mtime 1746938145.4160645
File C:\Users\shadh\.virtualenvs\Desktop-IZHip-ZH\Lib\site-packages\django\views\generic\detail.py first seen with mtime 1746938145.794107
File C:\Users\shadh\.virtualenvs\Desktop-IZHip-ZH\Lib\site-packages\django\forms\boundfield.py first seen with mtime 1746938145.4765244
File C:\Users\shadh\AppData\Local\Programs\Python\Python313\Lib\asyncio\windows_utils.py first seen with mtime 1738667256.0
File C:\Users\shadh\AppData\Local\Programs\Python\Python313\Lib\email\_policybase.py first seen with mtime 1738667256.0
File C:\Users\shadh\AppData\Local\Programs\Python\Python313\DLLs\_zoneinfo.pyd first seen with mtime 1738667306.0
File C:\Users\shadh\.virtualenvs\Desktop-IZHip-ZH\Lib\site-packages\django\contrib\auth\password_validation.py first seen with mtime 1746938142.048944
File C:\Users\shadh\.virtualenvs\Desktop-IZHip-ZH\Lib\site-packages\django\core\mail\__init__.py first seen with mtime 1746938145.22588
File C:\Users\shadh\.virtualenvs\Desktop-IZHip-ZH\Lib\site-packages\sqlparse\filters\right_margin.py first seen with mtime 1746440217.8035426
File C:\Users\shadh\AppData\Local\Programs\Python\Python313\Lib\encodings\__init__.py first seen with mtime 1738667256.0
File C:\Users\shadh\.virtualenvs\Desktop-IZHip-ZH\Lib\site-packages\sqlparse\exceptions.py first seen with mtime 1746440217.7893791
File C:\Users\shadh\AppData\Local\Programs\Python\Python313\DLLs\_queue.pyd first seen with mtime 1738667306.0
File C:\Users\shadh\AppData\Local\Programs\Python\Python313\Lib\calendar.py first seen with mtime 1738667256.0
File C:\Users\shadh\.virtualenvs\Desktop-IZHip-ZH\Lib\site-packages\django\template\library.py first seen with mtime 1746938145.6486824
File C:\Users\shadh\AppData\Local\Programs\Python\Python313\Lib\glob.py first seen with mtime 1738667256.0
File C:\Users\shadh\.virtualenvs\Desktop-IZHip-ZH\Lib\site-packages\django\core\files\storage\mixins.py first seen with mtime 1746938145.2165737
File C:\Users\shadh\.virtualenvs\Desktop-IZHip-ZH\Lib\site-packages\django\db\models\fields\reverse_related.py first seen with mtime 1746938145.4457388
File C:\Users\shadh\AppData\Local\Programs\Python\Python313\Lib\logging\config.py first seen with mtime 1738667256.0
File C:\Users\shadh\.virtualenvs\Desktop-IZHip-ZH\Lib\site-packages\django\core\cache\backends\__init__.py first seen with mtime 1746938145.1675599
File C:\Users\shadh\AppData\Local\Programs\Python\Python313\Lib\encodings\cp1252.py first seen with mtime 1738667256.0
File C:\Users\shadh\.virtualenvs\Desktop-IZHip-ZH\Lib\site-packages\django\db\models\expressions.py first seen with mtime 1746938145.4181492
File C:\Users\shadh\.virtualenvs\Desktop-IZHip-ZH\Lib\site-packages\django\urls\resolvers.py first seen with mtime 1746938145.7026947
File C:\Users\shadh\.virtualenvs\Desktop-IZHip-ZH\Lib\site-packages\django\db\models\options.py first seen with mtime 1746938145.4241061
File C:\Users\shadh\AppData\Local\Programs\Python\Python313\Lib\uuid.py first seen with mtime 1738667256.0
File C:\Users\shadh\AppData\Local\Programs\Python\Python313\Lib\html\entities.py first seen with mtime 1738667256.0
File C:\Users\shadh\.virtualenvs\Desktop-IZHip-ZH\Lib\site-packages\django\contrib\staticfiles\handlers.py first seen with mtime 1746938145.1340523
File C:\Users\shadh\.virtualenvs\Desktop-IZHip-ZH\Lib\site-packages\django\db\models\functions\mixins.py first seen with mtime 1746938145.4548953
File C:\Users\shadh\.virtualenvs\Desktop-IZHip-ZH\Lib\site-packages\django\db\models\sql\where.py first seen with mtime 1746938145.469043
File C:\Users\shadh\AppData\Local\Programs\Python\Python313\Lib\_compat_pickle.py first seen with mtime 1738667256.0
File C:\Users\shadh\.virtualenvs\Desktop-IZHip-ZH\Lib\site-packages\django\contrib\admin\models.py first seen with mtime 1746938141.6052127
File C:\Users\shadh\.virtualenvs\Desktop-IZHip-ZH\Lib\site-packages\django\contrib\admin\exceptions.py first seen with mtime 1746938141.6031559
File C:\Users\shadh\.virtualenvs\Desktop-IZHip-ZH\Lib\site-packages\django\db\backends\base\client.py first seen with mtime 1746938145.311145
File C:\Users\shadh\AppData\Local\Programs\Python\Python313\Lib\pathlib\_local.py first seen with mtime 1738667256.0
File C:\Users\shadh\.virtualenvs\Desktop-IZHip-ZH\Lib\site-packages\django\db\backends\base\schema.py first seen with mtime 1746938145.318854
File C:\Users\shadh\AppData\Local\Programs\Python\Python313\Lib\email\errors.py first seen with mtime 1738667256.0
File C:\Users\shadh\.virtualenvs\Desktop-IZHip-ZH\Lib\site-packages\django\contrib\auth\tokens.py first seen with mtime 1746938142.048944
File C:\Users\shadh\.virtualenvs\Desktop-IZHip-ZH\Lib\site-packages\django\contrib\staticfiles\finders.py first seen with mtime 1746938145.1340523
File C:\Users\shadh\AppData\Local\Programs\Python\Python313\Lib\difflib.py first seen with mtime 1738667256.0
File C:\Users\shadh\.virtualenvs\Desktop-IZHip-ZH\Lib\site-packages\django\templatetags\l10n.py first seen with mtime 1746938145.676292
File C:\Users\shadh\.virtualenvs\Desktop-IZHip-ZH\Lib\site-packages\django\utils\module_loading.py first seen with mtime 1746938145.74589
File C:\Users\shadh\.virtualenvs\Desktop-IZHip-ZH\Lib\site-packages\django\db\backends\base\operations.py first seen with mtime 1746938145.3168426
File C:\Users\shadh\.virtualenvs\Desktop-IZHip-ZH\Lib\site-packages\sqlparse\__init__.py first seen with mtime 1746440217.7893791
File C:\Users\shadh\.virtualenvs\Desktop-IZHip-ZH\Lib\site-packages\django\utils\version.py first seen with mtime 1746938145.7588346
File C:\Users\shadh\.virtualenvs\Desktop-IZHip-ZH\Lib\site-packages\django\contrib\contenttypes\fields.py first seen with mtime 1746938142.174824
File C:\Users\shadh\.virtualenvs\Desktop-IZHip-ZH\Lib\site-packages\django\db\migrations\utils.py first seen with mtime 1746938145.3979354
File C:\Users\shadh\AppData\Local\Programs\Python\Python313\Lib\fnmatch.py first seen with mtime 1738667256.0
File C:\Users\shadh\.virtualenvs\Desktop-IZHip-ZH\Lib\site-packages\django\contrib\sessions\base_session.py first seen with mtime 1746938144.3869753
File C:\Users\shadh\.virtualenvs\Desktop-IZHip-ZH\Lib\site-packages\django\contrib\messages\storage\__init__.py first seen with mtime 1746938143.6981225
File C:\Users\shadh\.virtualenvs\Desktop-IZHip-ZH\Lib\site-packages\django\core\serializers\base.py first seen with mtime 1746938145.2864296
File C:\Users\shadh\.virtualenvs\Desktop-IZHip-ZH\Lib\site-packages\django\db\models\utils.py first seen with mtime 1746938145.428666
File C:\Users\shadh\.virtualenvs\Desktop-IZHip-ZH\Lib\site-packages\django\template\loaders\filesystem.py first seen with mtime 1746938145.6691513
File C:\Users\shadh\.virtualenvs\Desktop-IZHip-ZH\Lib\site-packages\sqlparse\cli.py first seen with mtime 1746440217.7893791
File C:\Users\shadh\.virtualenvs\Desktop-IZHip-ZH\Lib\site-packages\django\utils\dateformat.py first seen with mtime 1746938145.7215724
File C:\Users\shadh\.virtualenvs\Desktop-IZHip-ZH\Lib\site-packages\django\core\signals.py first seen with mtime 1746938145.1599665
File C:\Users\shadh\.virtualenvs\Desktop-IZHip-ZH\Lib\site-packages\django\utils\_os.py first seen with mtime 1746938145.7081304
File C:\Users\shadh\.virtualenvs\Desktop-IZHip-ZH\Lib\site-packages\django\contrib\admin\templatetags\admin_urls.py first seen with mtime 1746938141.9250207
File C:\Users\shadh\.virtualenvs\Desktop-IZHip-ZH\Lib\site-packages\django\db\migrations\operations\models.py first seen with mtime 1746938145.4049883
File C:\Users\shadh\.virtualenvs\Desktop-IZHip-ZH\Lib\site-packages\django\http\__init__.py first seen with mtime 1746938145.6149614
File C:\Users\shadh\.virtualenvs\Desktop-IZHip-ZH\Lib\site-packages\django\contrib\sites\__init__.py first seen with mtime 1746938144.7661068
File C:\Users\shadh\.virtualenvs\Desktop-IZHip-ZH\Lib\site-packages\django\contrib\auth\validators.py first seen with mtime 1746938142.049944
File C:\Users\shadh\AppData\Local\Programs\Python\Python313\DLLs\_wmi.pyd first seen with mtime 1738667306.0
File C:\Users\shadh\.virtualenvs\Desktop-IZHip-ZH\Lib\site-packages\django\utils\inspect.py first seen with mtime 1746938145.7393517
File C:\Users\shadh\.virtualenvs\Desktop-IZHip-ZH\Lib\site-packages\django\contrib\auth\models.py first seen with mtime 1746938142.047945
File C:\Users\shadh\AppData\Local\Programs\Python\Python313\Lib\argparse.py first seen with mtime 1738667256.0
File C:\Users\shadh\.virtualenvs\Desktop-IZHip-ZH\Lib\site-packages\django\contrib\__init__.py first seen with mtime 1746938141.595935
File C:\Users\shadh\.virtualenvs\Desktop-IZHip-ZH\Lib\site-packages\sqlparse\tokens.py first seen with mtime 1746440217.7940626
File C:\Users\shadh\.virtualenvs\Desktop-IZHip-ZH\Lib\site-packages\django\db\__init__.py first seen with mtime 1746938145.2986917
File C:\Users\shadh\.virtualenvs\Desktop-IZHip-ZH\Lib\site-packages\django\core\files\uploadhandler.py first seen with mtime 1746938145.2077682
File C:\Users\shadh\.virtualenvs\Desktop-IZHip-ZH\Lib\site-packages\django\templatetags\i18n.py first seen with mtime 1746938145.6750963
File C:\Users\shadh\.virtualenvs\Desktop-IZHip-ZH\Lib\site-packages\django\core\files\storage\base.py first seen with mtime 1746938145.2122128
File C:\Users\shadh\AppData\Local\Programs\Python\Python313\Lib\email\mime\multipart.py first seen with mtime 1738667256.0
File C:\Users\shadh\AppData\Local\Programs\Python\Python313\Lib\encodings\utf_8.py first seen with mtime 1738667256.0
File C:\Users\shadh\.virtualenvs\Desktop-IZHip-ZH\Lib\site-packages\django\db\models\lookups.py first seen with mtime 1746938145.4211972
File C:\Users\shadh\.virtualenvs\Desktop-IZHip-ZH\Lib\site-packages\django\conf\locale\__init__.py first seen with mtime 1746938141.3474698
File C:\Users\shadh\.virtualenvs\Desktop-IZHip-ZH\Lib\site-packages\django\core\handlers\asgi.py first seen with mtime 1746938145.2195573
File C:\Users\shadh\.virtualenvs\Desktop-IZHip-ZH\Lib\site-packages\django\contrib\admin\utils.py first seen with mtime 1746938141.6072774
File C:\Users\shadh\.virtualenvs\Desktop-IZHip-ZH\Lib\site-packages\django\db\models\sql\__init__.py first seen with mtime 1746938145.4589107
File C:\Users\shadh\.virtualenvs\Desktop-IZHip-ZH\Lib\site-packages\django\utils\lorem_ipsum.py first seen with mtime 1746938145.744867
File C:\Users\shadh\.virtualenvs\Desktop-IZHip-ZH\Lib\site-packages\django\contrib\admin\checks.py first seen with mtime 1746938141.595935
File C:\Users\shadh\AppData\Local\Programs\Python\Python313\Lib\email\mime\text.py first seen with mtime 1738667256.0
File C:\Users\shadh\.virtualenvs\Desktop-IZHip-ZH\Lib\site-packages\django\contrib\staticfiles\management\__init__.py first seen with mtime 1746938145.1427372
File C:\Users\shadh\.virtualenvs\Desktop-IZHip-ZH\Lib\site-packages\django\db\models\functions\text.py first seen with mtime 1746938145.4559057
File C:\Users\shadh\.virtualenvs\Desktop-IZHip-ZH\Lib\site-packages\django\core\checks\messages.py first seen with mtime 1746938145.185112
File C:\Users\shadh\.virtualenvs\Desktop-IZHip-ZH\Lib\site-packages\django\db\backends\sqlite3\base.py first seen with mtime 1746938145.3704443
File C:\Users\shadh\AppData\Local\Programs\Python\Python313\Lib\asyncio\protocols.py first seen with mtime 1738667256.0
File C:\Users\shadh\.virtualenvs\Desktop-IZHip-ZH\Lib\site-packages\django\dispatch\dispatcher.py first seen with mtime 1746938145.472049
File C:\Users\shadh\.virtualenvs\Desktop-IZHip-ZH\Lib\site-packages\django\views\i18n.py first seen with mtime 1746938145.7742658
File C:\Users\shadh\.virtualenvs\Desktop-IZHip-ZH\Lib\site-packages\django\contrib\sessions\models.py first seen with mtime 1746938144.3911614
File C:\Users\shadh\AppData\Local\Programs\Python\Python313\Lib\ssl.py first seen with mtime 1738667256.0
File C:\Users\shadh\AppData\Local\Programs\Python\Python313\Lib\asyncio\format_helpers.py first seen with mtime 1738667256.0
File C:\Users\shadh\.virtualenvs\Desktop-IZHip-ZH\Lib\site-packages\django\template\loaders\__init__.py first seen with mtime 1746938145.6645994
File C:\Users\shadh\AppData\Local\Programs\Python\Python313\Lib\graphlib.py first seen with mtime 1738667256.0
File C:\Users\shadh\AppData\Local\Programs\Python\Python313\Lib\encodings\aliases.py first seen with mtime 1738667256.0
File C:\Users\shadh\AppData\Local\Programs\Python\Python313\Lib\secrets.py first seen with mtime 1738667256.0
File C:\Users\shadh\.virtualenvs\Desktop-IZHip-ZH\Lib\site-packages\django\core\cache\utils.py first seen with mtime 1746938145.1660717
File C:\Users\shadh\.virtualenvs\Desktop-IZHip-ZH\Lib\site-packages\django\db\backends\utils.py first seen with mtime 1746938145.307145
File C:\Users\shadh\AppData\Local\Programs\Python\Python313\Lib\http\client.py first seen with mtime 1738667256.0
File C:\Users\shadh\AppData\Local\Programs\Python\Python313\Lib\multiprocessing\context.py first seen with mtime 1738667256.0
File C:\Users\shadh\.virtualenvs\Desktop-IZHip-ZH\Lib\site-packages\django\utils\dateparse.py first seen with mtime 1746938145.7228458
File C:\Users\shadh\.virtualenvs\Desktop-IZHip-ZH\Lib\site-packages\django\utils\timesince.py first seen with mtime 1746938145.7542396
File C:\Users\shadh\AppData\Local\Programs\Python\Python313\Lib\shutil.py first seen with mtime 1738667256.0
File C:\Users\shadh\.virtualenvs\Desktop-IZHip-ZH\Lib\site-packages\django\db\migrations\state.py first seen with mtime 1746938145.3967774
File C:\Users\shadh\AppData\Local\Programs\Python\Python313\Lib\pathlib\__init__.py first seen with mtime 1738667256.0
File C:\Users\shadh\AppData\Local\Programs\Python\Python313\Lib\dataclasses.py first seen with mtime 1738667256.0
File C:\Users\shadh\AppData\Local\Programs\Python\Python313\Lib\zoneinfo\__init__.py first seen with mtime 1738667256.0
File C:\Users\shadh\AppData\Local\Programs\Python\Python313\Lib\asyncio\tasks.py first seen with mtime 1738667256.0
File C:\Users\shadh\AppData\Local\Programs\Python\Python313\Lib\email\_header_value_parser.py first seen with mtime 1738667256.0
File C:\Users\shadh\.virtualenvs\Desktop-IZHip-ZH\Lib\site-packages\django\forms\formsets.py first seen with mtime 1746938145.4825222
File C:\Users\shadh\.virtualenvs\Desktop-IZHip-ZH\Lib\site-packages\django\db\backends\sqlite3\schema.py first seen with mtime 1746938145.3794565
File C:\Users\shadh\.virtualenvs\Desktop-IZHip-ZH\Lib\site-packages\django\core\management\sql.py first seen with mtime 1746938145.2439427
File C:\Users\shadh\.virtualenvs\Desktop-IZHip-ZH\Lib\site-packages\django\core\cache\backends\filebased.py first seen with mtime 1746938145.1720326
File C:\Users\shadh\.virtualenvs\Desktop-IZHip-ZH\Lib\site-packages\django\urls\utils.py first seen with mtime 1746938145.704779
File C:\Users\shadh\.virtualenvs\Desktop-IZHip-ZH\Lib\site-packages\django\db\migrations\operations\fields.py first seen with mtime 1746938145.4029336
File C:\Users\shadh\AppData\Local\Programs\Python\Python313\Lib\_weakrefset.py first seen with mtime 1738667256.0
File C:\Users\shadh\.virtualenvs\Desktop-IZHip-ZH\Lib\site-packages\django\db\models\aggregates.py first seen with mtime 1746938145.4090443
File C:\Users\shadh\AppData\Local\Programs\Python\Python313\Lib\email\mime\base.py first seen with mtime 1738667256.0
File C:\Users\shadh\.virtualenvs\Desktop-IZHip-ZH\Lib\site-packages\django\core\checks\compatibility\__init__.py first seen with mtime 1746938145.1920211
File C:\Users\shadh\AppData\Local\Programs\Python\Python313\DLLs\select.pyd first seen with mtime 1738667306.0
File C:\Users\shadh\.virtualenvs\Desktop-IZHip-ZH\Lib\site-packages\django\db\models\sql\subqueries.py first seen with mtime 1746938145.4680457
File C:\Users\shadh\.virtualenvs\Desktop-IZHip-ZH\Lib\site-packages\_virtualenv.py first seen with mtime 1746440197.204199
File C:\Users\shadh\.virtualenvs\Desktop-IZHip-ZH\Lib\site-packages\django\contrib\sites\requests.py first seen with mtime 1746938144.775897
File C:\Users\shadh\AppData\Local\Programs\Python\Python313\Lib\locale.py first seen with mtime 1738667256.0
File C:\Users\shadh\.virtualenvs\Desktop-IZHip-ZH\Lib\site-packages\sqlparse\engine\__init__.py first seen with mtime 1746440217.7955773
File C:\Users\shadh\AppData\Local\Programs\Python\Python313\Lib\urllib\parse.py first seen with mtime 1738667256.0
File C:\Users\shadh\AppData\Local\Programs\Python\Python313\Lib\concurrent\futures\__init__.py first seen with mtime 1738667256.0
File C:\Users\shadh\AppData\Local\Programs\Python\Python313\Lib\concurrent\futures\thread.py first seen with mtime 1738667256.0
File C:\Users\shadh\.virtualenvs\Desktop-IZHip-ZH\Lib\site-packages\django\urls\exceptions.py first seen with mtime 1746938145.7017014
File C:\Users\shadh\.virtualenvs\Desktop-IZHip-ZH\Lib\site-packages\django\core\checks\security\csrf.py first seen with mtime 1746938145.1970372
File C:\Users\shadh\.virtualenvs\Desktop-IZHip-ZH\Lib\site-packages\django\core\checks\translation.py first seen with mtime 1746938145.1900065
File C:\Users\shadh\.virtualenvs\Desktop-IZHip-ZH\Lib\site-packages\django\core\checks\urls.py first seen with mtime 1746938145.1910126
File C:\Users\shadh\AppData\Local\Programs\Python\Python313\Lib\email\_parseaddr.py first seen with mtime 1738667256.0
File C:\Users\shadh\.virtualenvs\Desktop-IZHip-ZH\Lib\site-packages\django\contrib\auth\admin.py first seen with mtime 1746938142.0441494
File C:\Users\shadh\.virtualenvs\Desktop-IZHip-ZH\Lib\site-packages\django\core\files\storage\__init__.py first seen with mtime 1746938145.2112107
File C:\Users\shadh\AppData\Local\Programs\Python\Python313\Lib\weakref.py first seen with mtime 1738667256.0
File C:\Users\shadh\.virtualenvs\Desktop-IZHip-ZH\Lib\site-packages\sqlparse\filters\reindent.py first seen with mtime 1746440217.7955773
File C:\Users\shadh\AppData\Local\Programs\Python\Python313\Lib\inspect.py first seen with mtime 1738667256.0
File C:\Users\shadh\.virtualenvs\Desktop-IZHip-ZH\Lib\site-packages\django\db\migrations\writer.py first seen with mtime 1746938145.399938
File C:\Users\shadh\.virtualenvs\Desktop-IZHip-ZH\Lib\site-packages\django\contrib\staticfiles\utils.py first seen with mtime 1746938145.1397388
File C:\Users\shadh\.virtualenvs\Desktop-IZHip-ZH\Lib\site-packages\django\db\backends\base\creation.py first seen with mtime 1746938145.312146
File C:\Users\shadh\.virtualenvs\Desktop-IZHip-ZH\Lib\site-packages\django\utils\log.py first seen with mtime 1746938145.7443545
File C:\Users\shadh\AppData\Local\Programs\Python\Python313\Lib\email\parser.py first seen with mtime 1738667256.0
File C:\Users\shadh\.virtualenvs\Desktop-IZHip-ZH\Lib\site-packages\django\views\defaults.py first seen with mtime 1746938145.772213
File C:\Users\shadh\.virtualenvs\Desktop-IZHip-ZH\Lib\site-packages\django\utils\connection.py first seen with mtime 1746938145.7175598
File C:\Users\shadh\.virtualenvs\Desktop-IZHip-ZH\Lib\site-packages\django\contrib\admin\apps.py first seen with mtime 1746938141.595935
File C:\Users\shadh\.virtualenvs\Desktop-IZHip-ZH\Lib\site-packages\django\core\management\commands\__init__.py first seen with mtime 1746938145.2479405
File C:\Users\shadh\.virtualenvs\Desktop-IZHip-ZH\Lib\site-packages\django\utils\duration.py first seen with mtime 1746938145.7289124
File C:\Users\shadh\AppData\Local\Programs\Python\Python313\Lib\json\__init__.py first seen with mtime 1738667256.0
File C:\Users\shadh\.virtualenvs\Desktop-IZHip-ZH\Lib\site-packages\django\utils\translation\__init__.py first seen with mtime 1746938145.761837
File C:\Users\shadh\AppData\Local\Programs\Python\Python313\Lib\token.py first seen with mtime 1738667256.0
File C:\Users\shadh\AppData\Local\Programs\Python\Python313\Lib\importlib\_abc.py first seen with mtime 1738667256.0
File C:\Users\shadh\.virtualenvs\Desktop-IZHip-ZH\Lib\site-packages\django\db\models\fields\mixins.py first seen with mtime 1746938145.4382076
File C:\Users\shadh\.virtualenvs\Desktop-IZHip-ZH\Lib\site-packages\django\core\management\commands\makemigrations.py first seen with mtime 1746938145.2639682
File C:\Users\shadh\.virtualenvs\Desktop-IZHip-ZH\Lib\site-packages\django\contrib\staticfiles\apps.py first seen with mtime 1746938145.1320508
File C:\Users\shadh\AppData\Local\Programs\Python\Python313\Lib\email\__init__.py first seen with mtime 1738667256.0
File C:\Users\shadh\.virtualenvs\Desktop-IZHip-ZH\Lib\site-packages\django\db\migrations\optimizer.py first seen with mtime 1746938145.3906446
File C:\Users\shadh\.virtualenvs\Desktop-IZHip-ZH\Lib\site-packages\django\utils\termcolors.py first seen with mtime 1746938145.7517292
File C:\Users\shadh\.virtualenvs\Desktop-IZHip-ZH\Lib\site-packages\django\views\generic\__init__.py first seen with mtime 1746938145.790109
File C:\Users\shadh\.virtualenvs\Desktop-IZHip-ZH\Lib\site-packages\django\db\backends\base\introspection.py first seen with mtime 1746938145.3151703
File C:\Users\shadh\.virtualenvs\Desktop-IZHip-ZH\Lib\site-packages\django\contrib\messages\utils.py first seen with mtime 1746938143.694844
File C:\Users\shadh\AppData\Local\Programs\Python\Python313\Lib\email\_encoded_words.py first seen with mtime 1738667256.0
File C:\Users\shadh\AppData\Local\Programs\Python\Python313\Lib\base64.py first seen with mtime 1738667256.0
File C:\Users\shadh\.virtualenvs\Desktop-IZHip-ZH\Lib\site-packages\django\db\backends\__init__.py first seen with mtime 1746938145.303002
File C:\Users\shadh\.virtualenvs\Desktop-IZHip-ZH\Lib\site-packages\django\views\generic\list.py first seen with mtime 1746938145.7974627
File C:\Users\shadh\AppData\Local\Programs\Python\Python313\Lib\asyncio\subprocess.py first seen with mtime 1738667256.0
File C:\Users\shadh\.virtualenvs\Desktop-IZHip-ZH\Lib\site-packages\django\core\files\images.py first seen with mtime 1746938145.2023718
File C:\Users\shadh\.virtualenvs\Desktop-IZHip-ZH\Lib\site-packages\django\db\models\functions\window.py first seen with mtime 1746938145.4579146
File C:\Users\shadh\AppData\Local\Programs\Python\Python313\Lib\wsgiref\__init__.py first seen with mtime 1738667256.0
File C:\Users\shadh\AppData\Local\Programs\Python\Python313\Lib\encodings\utf_8_sig.py first seen with mtime 1738667256.0
File C:\Users\shadh\AppData\Local\Programs\Python\Python313\Lib\asyncio\transports.py first seen with mtime 1738667256.0
File C:\Users\shadh\.virtualenvs\Desktop-IZHip-ZH\Lib\site-packages\django\core\files\utils.py first seen with mtime 1746938145.2087674
File C:\Users\shadh\.virtualenvs\Desktop-IZHip-ZH\Lib\site-packages\django\core\mail\utils.py first seen with mtime 1746938145.2282474
File C:\Users\shadh\AppData\Local\Programs\Python\Python313\Lib\http\cookies.py first seen with mtime 1738667256.0
File C:\Users\shadh\.virtualenvs\Desktop-IZHip-ZH\Lib\site-packages\django\forms\fields.py first seen with mtime 1746938145.4795382
File C:\Users\shadh\.virtualenvs\Desktop-IZHip-ZH\Lib\site-packages\django\db\transaction.py first seen with mtime 1746938145.2996905
File C:\Users\shadh\.virtualenvs\Desktop-IZHip-ZH\Lib\site-packages\django\core\checks\caches.py first seen with mtime 1746938145.1808987
File C:\Users\shadh\.virtualenvs\Desktop-IZHip-ZH\Lib\site-packages\django\template\loaders\base.py first seen with mtime 1746938145.6671543
File C:\Users\shadh\AppData\Local\Programs\Python\Python313\Lib\wsgiref\handlers.py first seen with mtime 1738667256.0
File C:\Users\shadh\.virtualenvs\Desktop-IZHip-ZH\Lib\site-packages\django\db\models\base.py first seen with mtime 1746938145.4110434
File C:\Users\shadh\.virtualenvs\Desktop-IZHip-ZH\Lib\site-packages\django\utils\crypto.py first seen with mtime 1746938145.7185721
File C:\Users\shadh\.virtualenvs\Desktop-IZHip-ZH\Lib\site-packages\django\http\request.py first seen with mtime 1746938145.6196759
File C:\Users\shadh\.virtualenvs\Desktop-IZHip-ZH\Lib\site-packages\django\db\backends\sqlite3\introspection.py first seen with mtime 1746938145.3764427
File C:\Users\shadh\.virtualenvs\Desktop-IZHip-ZH\Lib\site-packages\django\db\utils.py first seen with mtime 1746938145.3016884
File C:\Users\shadh\AppData\Local\Programs\Python\Python313\Lib\asyncio\events.py first seen with mtime 1738667256.0
File C:\Users\shadh\AppData\Local\Programs\Python\Python313\Lib\copyreg.py first seen with mtime 1738667256.0
File C:\Users\shadh\.virtualenvs\Desktop-IZHip-ZH\Lib\site-packages\asgiref\current_thread_executor.py first seen with mtime 1746440245.0154967
File C:\Users\shadh\AppData\Local\Programs\Python\Python313\DLLs\_asyncio.pyd first seen with mtime 1738667306.0
File C:\Users\shadh\.virtualenvs\Desktop-IZHip-ZH\Lib\site-packages\django\db\backends\sqlite3\_functions.py first seen with mtime 1746938145.369431
File C:\Users\shadh\AppData\Local\Programs\Python\Python313\Lib\hashlib.py first seen with mtime 1738667256.0
File C:\Users\shadh\.virtualenvs\Desktop-IZHip-ZH\Lib\site-packages\django\contrib\staticfiles\__init__.py first seen with mtime 1746938145.1300683
File C:\Users\shadh\.virtualenvs\Desktop-IZHip-ZH\Lib\site-packages\django\db\models\deletion.py first seen with mtime 1746938145.4151375
File C:\Users\shadh\AppData\Local\Programs\Python\Python313\Lib\email\headerregistry.py first seen with mtime 1738667256.0
File C:\Users\shadh\.virtualenvs\Desktop-IZHip-ZH\Lib\site-packages\django\db\backends\ddl_references.py first seen with mtime 1746938145.3040154
File C:\Users\shadh\AppData\Local\Programs\Python\Python313\Lib\urllib\request.py first seen with mtime 1738667256.0
File C:\Users\shadh\.virtualenvs\Desktop-IZHip-ZH\Lib\site-packages\django\contrib\messages\storage\base.py first seen with mtime 1746938143.699227
File C:\Users\shadh\.virtualenvs\Desktop-IZHip-ZH\Lib\site-packages\django\template\loaders\cached.py first seen with mtime 1746938145.668154
File C:\Users\shadh\AppData\Local\Programs\Python\Python313\Lib\getpass.py first seen with mtime 1738667256.0
File C:\Users\shadh\AppData\Local\Programs\Python\Python313\Lib\tempfile.py first seen with mtime 1738667256.0
File C:\Users\shadh\.virtualenvs\Desktop-IZHip-ZH\Lib\site-packages\django\contrib\auth\management\__init__.py first seen with mtime 1746938142.1641164
File C:\Users\shadh\AppData\Local\Programs\Python\Python313\Lib\wsgiref\headers.py first seen with mtime 1738667256.0
File C:\Users\shadh\.virtualenvs\Desktop-IZHip-ZH\Lib\site-packages\django\core\checks\__init__.py first seen with mtime 1746938145.1778193
File C:\Users\shadh\AppData\Local\Programs\Python\Python313\Lib\html\__init__.py first seen with mtime 1738667256.0
File C:\Users\shadh\AppData\Local\Programs\Python\Python313\Lib\html\parser.py first seen with mtime 1738667256.0
File C:\Users\shadh\.virtualenvs\Desktop-IZHip-ZH\Lib\site-packages\django\core\management\__init__.py first seen with mtime 1746938145.2394314
File C:\Users\shadh\.virtualenvs\Desktop-IZHip-ZH\Lib\site-packages\sqlparse\filters\output.py first seen with mtime 1746440217.7955773
File C:\Users\shadh\AppData\Local\Programs\Python\Python313\Lib\_colorize.py first seen with mtime 1738667256.0
File C:\Users\shadh\AppData\Local\Programs\Python\Python313\Lib\dis.py first seen with mtime 1738667256.0
File C:\Users\shadh\.virtualenvs\Desktop-IZHip-ZH\Lib\site-packages\django\utils\translation\reloader.py first seen with mtime 1746938145.7628372
File C:\Users\shadh\.virtualenvs\Desktop-IZHip-ZH\Lib\site-packages\django\urls\conf.py first seen with mtime 1746938145.698704
File C:\Users\shadh\.virtualenvs\Desktop-IZHip-ZH\Lib\site-packages\django\core\files\move.py first seen with mtime 1746938145.2041097
File C:\Users\shadh\.virtualenvs\Desktop-IZHip-ZH\Lib\site-packages\django\contrib\contenttypes\checks.py first seen with mtime 1746938142.1743195
File C:\Users\shadh\.virtualenvs\Desktop-IZHip-ZH\Lib\site-packages\django\utils\regex_helper.py first seen with mtime 1746938145.7487295
File C:\Users\shadh\.virtualenvs\Desktop-IZHip-ZH\Lib\site-packages\django\contrib\sessions\apps.py first seen with mtime 1746938144.3858104
File C:\Users\shadh\AppData\Local\Programs\Python\Python313\Lib\asyncio\futures.py first seen with mtime 1738667256.0
File C:\Users\shadh\.virtualenvs\Desktop-IZHip-ZH\Lib\site-packages\django\contrib\admin\__init__.py first seen with mtime 1746938141.595935
File C:\Users\shadh\.virtualenvs\Desktop-IZHip-ZH\Lib\site-packages\django\contrib\auth\base_user.py first seen with mtime 1746938142.045158
File C:\Users\shadh\.virtualenvs\Desktop-IZHip-ZH\Lib\site-packages\django\db\backends\sqlite3\operations.py first seen with mtime 1746938145.3774571
File C:\Users\shadh\.virtualenvs\Desktop-IZHip-ZH\Lib\site-packages\django\utils\deprecation.py first seen with mtime 1746938145.7279115
File C:\Users\shadh\.virtualenvs\Desktop-IZHip-ZH\Lib\site-packages\django\template\loaders\app_directories.py first seen with mtime 1746938145.6651418
File C:\Users\shadh\.virtualenvs\Desktop-IZHip-ZH\Lib\site-packages\django\db\models\indexes.py first seen with mtime 1746938145.4201975
File C:\Users\shadh\AppData\Local\Programs\Python\Python313\Lib\subprocess.py first seen with mtime 1738667256.0
File C:\Users\shadh\AppData\Local\Programs\Python\Python313\Lib\re\__init__.py first seen with mtime 1738667256.0
File C:\Users\shadh\AppData\Local\Programs\Python\Python313\Lib\bisect.py first seen with mtime 1738667256.0
File C:\Users\shadh\.virtualenvs\Desktop-IZHip-ZH\Lib\site-packages\django\core\checks\security\__init__.py first seen with mtime 1746938145.1945293
File C:\Users\shadh\AppData\Local\Programs\Python\Python313\Lib\email\iterators.py first seen with mtime 1738667256.0
File C:\Users\shadh\AppData\Local\Programs\Python\Python313\Lib\numbers.py first seen with mtime 1738667256.0
File C:\Users\shadh\.virtualenvs\Desktop-IZHip-ZH\Lib\site-packages\django\db\backends\base\features.py first seen with mtime 1746938145.3141472
File C:\Users\shadh\.virtualenvs\Desktop-IZHip-ZH\Lib\site-packages\django\db\migrations\recorder.py first seen with mtime 1746938145.3941562
File C:\Users\shadh\AppData\Local\Programs\Python\Python313\DLLs\_hashlib.pyd first seen with mtime 1738667306.0
File C:\Users\shadh\.virtualenvs\Desktop-IZHip-ZH\Lib\site-packages\django\templatetags\cache.py first seen with mtime 1746938145.6740615
File C:\Users\shadh\.virtualenvs\Desktop-IZHip-ZH\Lib\site-packages\django\apps\config.py first seen with mtime 1746938141.3432784
File C:\Users\shadh\.virtualenvs\Desktop-IZHip-ZH\Lib\site-packages\django\contrib\auth\forms.py first seen with mtime 1746938142.0466924
File C:\Users\shadh\.virtualenvs\Desktop-IZHip-ZH\Lib\site-packages\django\utils\dates.py first seen with mtime 1746938145.7248993
File C:\Users\shadh\AppData\Local\Programs\Python\Python313\Lib\socket.py first seen with mtime 1738667256.0
File C:\Users\shadh\.virtualenvs\Desktop-IZHip-ZH\Lib\site-packages\django\conf\__init__.py first seen with mtime 1746938141.3432784
File C:\Users\shadh\.virtualenvs\Desktop-IZHip-ZH\Lib\site-packages\django\forms\renderers.py first seen with mtime 1746938145.486024
File C:\Users\shadh\OneDrive\Desktop\workspace\myapp\blog\urls.py first seen with mtime 1747413240.4208152
File C:\Users\shadh\AppData\Local\Programs\Python\Python313\Lib\selectors.py first seen with mtime 1738667256.0
File C:\Users\shadh\AppData\Local\Programs\Python\Python313\Lib\asyncio\log.py first seen with mtime 1738667256.0
File C:\Users\shadh\.virtualenvs\Desktop-IZHip-ZH\Lib\site-packages\django\utils\formats.py first seen with mtime 1746938145.7329133
File C:\Users\shadh\.virtualenvs\Desktop-IZHip-ZH\Lib\site-packages\django\contrib\staticfiles\management\commands\__init__.py first seen with mtime 1746938145.1449058
File C:\Users\shadh\AppData\Local\Programs\Python\Python313\Lib\pprint.py first seen with mtime 1738667256.0
File C:\Users\shadh\.virtualenvs\Desktop-IZHip-ZH\Lib\site-packages\django\core\paginator.py first seen with mtime 1746938145.1589813
File C:\Users\shadh\AppData\Local\Programs\Python\Python313\Lib\keyword.py first seen with mtime 1738667256.0
File C:\Users\shadh\OneDrive\Desktop\workspace\myapp\myapp\__init__.py first seen with mtime 1747386186.940987
File C:\Users\shadh\.virtualenvs\Desktop-IZHip-ZH\Lib\site-packages\django\db\models\fields\proxy.py first seen with mtime 1746938145.4392402
File C:\Users\shadh\.virtualenvs\Desktop-IZHip-ZH\Lib\site-packages\django\db\models\fields\files.py first seen with mtime 1746938145.434198
File C:\Users\shadh\AppData\Local\Programs\Python\Python313\Lib\asyncio\base_tasks.py first seen with mtime 1738667256.0
File C:\Users\shadh\AppData\Local\Programs\Python\Python313\DLLs\_uuid.pyd first seen with mtime 1738667306.0
File C:\Users\shadh\AppData\Local\Programs\Python\Python313\Lib\asyncio\locks.py first seen with mtime 1738667256.0
File C:\Users\shadh\.virtualenvs\Desktop-IZHip-ZH\Lib\site-packages\django\core\__init__.py first seen with mtime 1746938145.1544042
File C:\Users\shadh\AppData\Local\Programs\Python\Python313\Lib\reprlib.py first seen with mtime 1738667256.0
File C:\Users\shadh\.virtualenvs\Desktop-IZHip-ZH\Lib\site-packages\django\core\handlers\base.py first seen with mtime 1746938145.2205758
File C:\Users\shadh\AppData\Local\Programs\Python\Python313\Lib\fractions.py first seen with mtime 1738667256.0
File C:\Users\shadh\.virtualenvs\Desktop-IZHip-ZH\Lib\site-packages\django\core\management\color.py first seen with mtime 1746938145.2424326
File C:\Users\shadh\AppData\Local\Programs\Python\Python313\Lib\re\_casefix.py first seen with mtime 1738667256.0
File C:\Users\shadh\.virtualenvs\Desktop-IZHip-ZH\Lib\site-packages\django\core\serializers\json.py first seen with mtime 1746938145.287449
File C:\Users\shadh\AppData\Local\Programs\Python\Python313\Lib\operator.py first seen with mtime 1738667256.0
File C:\Users\shadh\AppData\Local\Programs\Python\Python313\Lib\struct.py first seen with mtime 1738667256.0
File C:\Users\shadh\.virtualenvs\Desktop-IZHip-ZH\Lib\site-packages\sqlparse\sql.py first seen with mtime 1746440217.7940626
File C:\Users\shadh\AppData\Local\Programs\Python\Python313\Lib\email\mime\nonmultipart.py first seen with mtime 1738667256.0
File C:\Users\shadh\AppData\Local\Programs\Python\Python313\Lib\_compression.py first seen with mtime 1738667256.0
File C:\Users\shadh\AppData\Local\Programs\Python\Python313\Lib\json\encoder.py first seen with mtime 1738667256.0
File C:\Users\shadh\AppData\Local\Programs\Python\Python313\Lib\re\_parser.py first seen with mtime 1738667256.0
File C:\Users\shadh\AppData\Local\Programs\Python\Python313\Lib\http\__init__.py first seen with mtime 1738667256.0
File C:\Users\shadh\.virtualenvs\Desktop-IZHip-ZH\Lib\site-packages\django\contrib\auth\apps.py first seen with mtime 1746938142.0441494
File C:\Users\shadh\OneDrive\Desktop\workspace\myapp\blog\views.py first seen with mtime 1747730367.6389248
File C:\Users\shadh\.virtualenvs\Desktop-IZHip-ZH\Lib\site-packages\django\db\models\fields\generated.py first seen with mtime 1746938145.4357197
File C:\Users\shadh\AppData\Local\Programs\Python\Python313\Lib\_opcode_metadata.py first seen with mtime 1738667256.0
File C:\Users\shadh\AppData\Local\Programs\Python\Python313\DLLs\_overlapped.pyd first seen with mtime 1738667306.0
File C:\Users\shadh\OneDrive\Desktop\workspace\myapp\blog\templates\blog first seen with mtime 1747652279.8410418
File C:\Users\shadh\OneDrive\Desktop\workspace\myapp\blog\templates\blog\base.html first seen with mtime 1747731133.2389126
File C:\Users\shadh\OneDrive\Desktop\workspace\myapp\blog\templates\blog\detail.html first seen with mtime 1747642713.71616
File C:\Users\shadh\OneDrive\Desktop\workspace\myapp\blog\templates\blog\helo.html first seen with mtime 1747652294.0569897
File C:\Users\shadh\OneDrive\Desktop\workspace\myapp\blog\templates\blog\index.html first seen with mtime 1747654449.7160323
File C:\Users\shadh\OneDrive\Desktop\workspace\myapp\templates\pageNotFound.html first seen with mtime 1747656960.0046892
File C:\Users\shadh\.virtualenvs\Desktop-IZHip-ZH\Lib\site-packages\django\contrib\auth\migrations\0002_alter_permission_name_max_length.py first seen with mtime 1746938142.1661775
File C:\Users\shadh\.virtualenvs\Desktop-IZHip-ZH\Lib\site-packages\django\contrib\sessions\backends\db.py first seen with mtime 1746938144.3996365
File C:\Users\shadh\.virtualenvs\Desktop-IZHip-ZH\Lib\site-packages\django\contrib\auth\migrations\0004_alter_user_username_opts.py first seen with mtime 1746938142.1671793
File C:\Users\shadh\.virtualenvs\Desktop-IZHip-ZH\Lib\site-packages\django\contrib\auth\migrations\0012_alter_user_first_name_max_length.py first seen with mtime 1746938142.1701808
File C:\Users\shadh\.virtualenvs\Desktop-IZHip-ZH\Lib\site-packages\django\views\csrf.py first seen with mtime 1746938145.7702076
File C:\Users\shadh\.virtualenvs\Desktop-IZHip-ZH\Lib\site-packages\django\contrib\contenttypes\migrations\__init__.py first seen with mtime 1746938142.294177
File C:\Users\shadh\.virtualenvs\Desktop-IZHip-ZH\Lib\site-packages\django\contrib\admin\migrations\0002_logentry_remove_auto_add.py first seen with mtime 1746938141.8278096
File C:\Users\shadh\.virtualenvs\Desktop-IZHip-ZH\Lib\site-packages\django\contrib\auth\views.py first seen with mtime 1746938142.049944
File C:\Users\shadh\.virtualenvs\Desktop-IZHip-ZH\Lib\site-packages\django\contrib\auth\migrations\0007_alter_validators_add_error_messages.py first seen with mtime 1746938142.1681786
File C:\Users\shadh\.virtualenvs\Desktop-IZHip-ZH\Lib\site-packages\django\contrib\auth\migrations\0003_alter_user_email_max_length.py first seen with mtime 1746938142.1661775
File C:\Users\shadh\.virtualenvs\Desktop-IZHip-ZH\Lib\site-packages\django\contrib\admin\migrations\0003_logentry_add_action_flag_choices.py first seen with mtime 1746938141.8278096
File C:\Users\shadh\.virtualenvs\Desktop-IZHip-ZH\Lib\site-packages\django\contrib\admin\migrations\0001_initial.py first seen with mtime 1746938141.8268094
File C:\Users\shadh\AppData\Local\Programs\Python\Python313\Lib\encodings\idna.py first seen with mtime 1738667256.0
File C:\Users\shadh\.virtualenvs\Desktop-IZHip-ZH\Lib\site-packages\django\contrib\sessions\middleware.py first seen with mtime 1746938144.3901582
File C:\Users\shadh\.virtualenvs\Desktop-IZHip-ZH\Lib\site-packages\django\contrib\sessions\exceptions.py first seen with mtime 1746938144.387991
File C:\Users\shadh\.virtualenvs\Desktop-IZHip-ZH\Lib\site-packages\django\contrib\contenttypes\migrations\0001_initial.py first seen with mtime 1746938142.294177
File C:\Users\shadh\OneDrive\Desktop\workspace\myapp\myapp\wsgi.py first seen with mtime 1747386186.940987
File C:\Users\shadh\.virtualenvs\Desktop-IZHip-ZH\Lib\site-packages\django\contrib\auth\migrations\0009_alter_user_last_name_max_length.py first seen with mtime 1746938142.1681786
File C:\Users\shadh\.virtualenvs\Desktop-IZHip-ZH\Lib\site-packages\django\core\cache\backends\locmem.py first seen with mtime 1746938145.1741645
File C:\Users\shadh\.virtualenvs\Desktop-IZHip-ZH\Lib\site-packages\django\contrib\auth\backends.py first seen with mtime 1746938142.0446546
File C:\Users\shadh\AppData\Local\Programs\Python\Python313\Lib\stringprep.py first seen with mtime 1738667256.0
File C:\Users\shadh\.virtualenvs\Desktop-IZHip-ZH\Lib\site-packages\django\contrib\auth\middleware.py first seen with mtime 1746938142.0466924
File C:\Users\shadh\.virtualenvs\Desktop-IZHip-ZH\Lib\site-packages\django\contrib\sessions\migrations\__init__.py first seen with mtime 1746938144.7567308
File C:\Users\shadh\.virtualenvs\Desktop-IZHip-ZH\Lib\site-packages\django\contrib\sessions\backends\base.py first seen with mtime 1746938144.3954816
File C:\Users\shadh\OneDrive\Desktop\workspace\myapp\blog\migrations\__init__.py first seen with mtime 1747387189.9355311
File C:\Users\shadh\.virtualenvs\Desktop-IZHip-ZH\Lib\site-packages\django\contrib\contenttypes\migrations\0002_remove_content_type_name.py first seen with mtime 1746938142.294177
File C:\Users\shadh\.virtualenvs\Desktop-IZHip-ZH\Lib\site-packages\django\middleware\clickjacking.py first seen with mtime 1746938145.6251209
File C:\Users\shadh\.virtualenvs\Desktop-IZHip-ZH\Lib\site-packages\django\middleware\common.py first seen with mtime 1746938145.6271367
File C:\Users\shadh\.virtualenvs\Desktop-IZHip-ZH\Lib\site-packages\django\contrib\auth\migrations\0011_update_proxy_permissions.py first seen with mtime 1746938142.1701808
File C:\Users\shadh\.virtualenvs\Desktop-IZHip-ZH\Lib\site-packages\django\contrib\sessions\backends\__init__.py first seen with mtime 1746938144.3941562
File C:\Users\shadh\.virtualenvs\Desktop-IZHip-ZH\Lib\site-packages\django\middleware\security.py first seen with mtime 1746938145.634139
File C:\Users\shadh\.virtualenvs\Desktop-IZHip-ZH\Lib\site-packages\django\contrib\auth\migrations\0010_alter_group_name_max_length.py first seen with mtime 1746938142.16918
File C:\Users\shadh\.virtualenvs\Desktop-IZHip-ZH\Lib\site-packages\django\contrib\messages\middleware.py first seen with mtime 1746938143.6922922
File C:\Users\shadh\.virtualenvs\Desktop-IZHip-ZH\Lib\site-packages\django\contrib\admin\migrations\__init__.py first seen with mtime 1746938141.8278096
File C:\Users\shadh\.virtualenvs\Desktop-IZHip-ZH\Lib\site-packages\django\contrib\sessions\migrations\0001_initial.py first seen with mtime 1746938144.7567308
File C:\Users\shadh\.virtualenvs\Desktop-IZHip-ZH\Lib\site-packages\django\contrib\auth\migrations\0001_initial.py first seen with mtime 1746938142.1651196
File C:\Users\shadh\.virtualenvs\Desktop-IZHip-ZH\Lib\site-packages\django\contrib\auth\migrations\__init__.py first seen with mtime 1746938142.1701808
File C:\Users\shadh\.virtualenvs\Desktop-IZHip-ZH\Lib\site-packages\django\contrib\auth\migrations\0008_alter_user_username_max_length.py first seen with mtime 1746938142.1681786
File C:\Users\shadh\.virtualenvs\Desktop-IZHip-ZH\Lib\site-packages\django\contrib\auth\migrations\0006_require_contenttypes_0002.py first seen with mtime 1746938142.1671793
File C:\Users\shadh\.virtualenvs\Desktop-IZHip-ZH\Lib\site-packages\django\contrib\auth\migrations\0005_alter_user_last_login_null.py first seen with mtime 1746938142.1671793
Exception while resolving variable 'blog_title' in template 'blog/detail.html'.
Traceback (most recent call last):
  File "C:\Users\shadh\.virtualenvs\Desktop-IZHip-ZH\Lib\site-packages\django\template\base.py", line 891, in _resolve_lookup
    current = current[bit]
              ~~~~~~~^^^^^
  File "C:\Users\shadh\.virtualenvs\Desktop-IZHip-ZH\Lib\site-packages\django\template\context.py", line 88, in __getitem__
    raise KeyError(key)
KeyError: 'blog_title'

During handling of the above exception, another exception occurred:

Traceback (most recent call last):
  File "C:\Users\shadh\.virtualenvs\Desktop-IZHip-ZH\Lib\site-packages\django\template\base.py", line 897, in _resolve_lookup
    if isinstance(current, BaseContext) and getattr(
                                            ~~~~~~~^
        type(current), bit
        ^^^^^^^^^^^^^^^^^^
    ):
    ^
AttributeError: type object 'RequestContext' has no attribute 'blog_title'

During handling of the above exception, another exception occurred:

Traceback (most recent call last):
  File "C:\Users\shadh\.virtualenvs\Desktop-IZHip-ZH\Lib\site-packages\django\template\base.py", line 907, in _resolve_lookup
    current = current[int(bit)]
                      ~~~^^^^^
ValueError: invalid literal for int() with base 10: 'blog_title'

During handling of the above exception, another exception occurred:

Traceback (most recent call last):
  File "C:\Users\shadh\.virtualenvs\Desktop-IZHip-ZH\Lib\site-packages\django\template\base.py", line 914, in _resolve_lookup
    raise VariableDoesNotExist(
    ^^^^^^^^^^^^^^^^^^^^^^^^^^^
    ...<2 lines>...
    )  # missing attribute
    ^
django.template.base.VariableDoesNotExist: Failed lookup for key [blog_title] in [{'True': True, 'False': False, 'None': None}, {'csrf_token': <SimpleLazyObject: <function csrf.<locals>._get_val at 0x000001E10B86B7E0>>, 'request': <WSGIRequest: GET '/blog/post/1'>, 'user': <SimpleLazyObject: <function AuthenticationMiddleware.process_request.<locals>.<lambda> at 0x000001E10B8694E0>>, 'perms': PermWrapper(<SimpleLazyObject: <function AuthenticationMiddleware.process_request.<locals>.<lambda> at 0x000001E10B8694E0>>), 'messages': <FallbackStorage: request=<WSGIRequest: GET '/blog/post/1'>>, 'DEFAULT_MESSAGE_LEVELS': {'DEBUG': 10, 'INFO': 20, 'SUCCESS': 25, 'WARNING': 30, 'ERROR': 40}}, {}, {'post': {'title': 'Post 1', 'content': 'Content of Post 1', 'id': 1}}]
"GET /blog/post/1 HTTP/1.1" 200 3688
File C:\Users\shadh\.virtualenvs\Desktop-IZHip-ZH\Lib\site-packages\django\contrib\messages\storage\fallback.py first seen with mtime 1746938143.7022178
File C:\Users\shadh\.virtualenvs\Desktop-IZHip-ZH\Lib\site-packages\django\contrib\messages\storage\session.py first seen with mtime 1746938143.7027588
File C:\Users\shadh\.virtualenvs\Desktop-IZHip-ZH\Lib\site-packages\django\contrib\sessions\serializers.py first seen with mtime 1746938144.392156
File C:\Users\shadh\.virtualenvs\Desktop-IZHip-ZH\Lib\site-packages\django\template\context_processors.py first seen with mtime 1746938145.641385
File C:\Users\shadh\.virtualenvs\Desktop-IZHip-ZH\Lib\site-packages\django\contrib\messages\context_processors.py first seen with mtime 1746938143.69127
File C:\Users\shadh\.virtualenvs\Desktop-IZHip-ZH\Lib\site-packages\django\contrib\messages\storage\cookie.py first seen with mtime 1746938143.7002444
File C:\Users\shadh\.virtualenvs\Desktop-IZHip-ZH\Lib\site-packages\django\contrib\auth\context_processors.py first seen with mtime 1746938142.0461636
"GET /blog/ HTTP/1.1" 200 7628
Exception while resolving variable 'blog_title' in template 'blog/detail.html'.
Traceback (most recent call last):
  File "C:\Users\shadh\.virtualenvs\Desktop-IZHip-ZH\Lib\site-packages\django\template\base.py", line 891, in _resolve_lookup
    current = current[bit]
              ~~~~~~~^^^^^
  File "C:\Users\shadh\.virtualenvs\Desktop-IZHip-ZH\Lib\site-packages\django\template\context.py", line 88, in __getitem__
    raise KeyError(key)
KeyError: 'blog_title'

During handling of the above exception, another exception occurred:

Traceback (most recent call last):
  File "C:\Users\shadh\.virtualenvs\Desktop-IZHip-ZH\Lib\site-packages\django\template\base.py", line 897, in _resolve_lookup
    if isinstance(current, BaseContext) and getattr(
                                            ~~~~~~~^
        type(current), bit
        ^^^^^^^^^^^^^^^^^^
    ):
    ^
AttributeError: type object 'RequestContext' has no attribute 'blog_title'

During handling of the above exception, another exception occurred:

Traceback (most recent call last):
  File "C:\Users\shadh\.virtualenvs\Desktop-IZHip-ZH\Lib\site-packages\django\template\base.py", line 907, in _resolve_lookup
    current = current[int(bit)]
                      ~~~^^^^^
ValueError: invalid literal for int() with base 10: 'blog_title'

During handling of the above exception, another exception occurred:

Traceback (most recent call last):
  File "C:\Users\shadh\.virtualenvs\Desktop-IZHip-ZH\Lib\site-packages\django\template\base.py", line 914, in _resolve_lookup
    raise VariableDoesNotExist(
    ^^^^^^^^^^^^^^^^^^^^^^^^^^^
    ...<2 lines>...
    )  # missing attribute
    ^
django.template.base.VariableDoesNotExist: Failed lookup for key [blog_title] in [{'True': True, 'False': False, 'None': None}, {'csrf_token': <SimpleLazyObject: <function csrf.<locals>._get_val at 0x000001E10B868C20>>, 'request': <WSGIRequest: GET '/blog/post/1'>, 'user': <SimpleLazyObject: <function AuthenticationMiddleware.process_request.<locals>.<lambda> at 0x000001E10B868CC0>>, 'perms': PermWrapper(<SimpleLazyObject: <function AuthenticationMiddleware.process_request.<locals>.<lambda> at 0x000001E10B868CC0>>), 'messages': <FallbackStorage: request=<WSGIRequest: GET '/blog/post/1'>>, 'DEFAULT_MESSAGE_LEVELS': {'DEBUG': 10, 'INFO': 20, 'SUCCESS': 25, 'WARNING': 30, 'ERROR': 40}}, {}, {'post': {'title': 'Post 1', 'content': 'Content of Post 1', 'id': 1}}]
"GET /blog/post/1 HTTP/1.1" 200 3688
File C:\Users\shadh\OneDrive\Desktop\workspace\myapp\myapp\settings.py previous mtime: 1747731446.4402893, current mtime: 1747731562.832806
C:\Users\shadh\OneDrive\Desktop\workspace\myapp\myapp\settings.py notified as changed. Signal results: [(<function template_changed at 0x000001E10A5FC5E0>, None), (<function translation_file_changed at 0x000001E10B54F2E0>, None)].
C:\Users\shadh\OneDrive\Desktop\workspace\myapp\myapp\settings.py changed, reloading.
